<?xml version="1.0" encoding="UTF-8"?>
<robot generator="Robot 7.3.2 (Python 3.14.0 on win32)" generated="2026-02-11T11:03:03.265558" rpa="false" schemaversion="5">
<suite id="s1" name="pruebasAPI UX" source="C:\Siman\Repositorios\JuanDiego\pruebasAPI_UX">
<suite id="s1-s1" name="Tests" source="C:\Siman\Repositorios\JuanDiego\pruebasAPI_UX\tests">
<suite id="s1-s1-s1" name="Filters Plp" source="C:\Siman\Repositorios\JuanDiego\pruebasAPI_UX\tests\filters_plp.robot">
<test id="s1-s1-s1-t1" name="Test SizeApp" line="13">
<kw name="Test API" owner="filters_keywords">
<kw name="Load Yaml File" owner="data_loader">
<kw name="Get File" owner="OperatingSystem">
<msg time="2026-02-11T11:03:04.240159" level="INFO" html="true">Getting file '&lt;a href="file://C:\Siman\Repositorios\JuanDiego\pruebasAPI_UX\data\base_urls_prod.yaml"&gt;C:\Siman\Repositorios\JuanDiego\pruebasAPI_UX\data\base_urls_prod.yaml&lt;/a&gt;'.</msg>
<msg time="2026-02-11T11:03:04.241580" level="INFO">${yaml_text} = main:
 SV: https://siman.myvtex.com
 GT: https://simanguatemala.myvtex.com
 CR: https://simancrc.myvtex.com
 NI: https://simannicor.myvtex.com

instore:
  SV: https://simaninstoresv.myvtex.com
  GT: h...</msg>
<var>${yaml_text}</var>
<arg>data/${file_name}</arg>
<doc>Returns the contents of a specified file.</doc>
<status status="PASS" start="2026-02-11T11:03:04.239513" elapsed="0.002755"/>
</kw>
<kw name="Evaluate" owner="BuiltIn">
<msg time="2026-02-11T11:03:04.245900" level="INFO">${data} = {'main': {'SV': 'https://siman.myvtex.com', 'GT': 'https://simanguatemala.myvtex.com', 'CR': 'https://simancrc.myvtex.com', 'NI': 'https://simannicor.myvtex.com'}, 'instore': {'SV': 'https://simaninst...</msg>
<var>${data}</var>
<arg>__import__('yaml').safe_load('''${yaml_text}''')</arg>
<doc>Evaluates the given expression in Python and returns the result.</doc>
<status status="PASS" start="2026-02-11T11:03:04.242751" elapsed="0.003521"/>
</kw>
<return>
<value>${data}</value>
<status status="PASS" start="2026-02-11T11:03:04.246554" elapsed="0.000453"/>
</return>
<msg time="2026-02-11T11:03:04.247411" level="INFO">${base_urls} = {'main': {'SV': 'https://siman.myvtex.com', 'GT': 'https://simanguatemala.myvtex.com', 'CR': 'https://simancrc.myvtex.com', 'NI': 'https://simannicor.myvtex.com'}, 'instore': {'SV': 'https://simaninst...</msg>
<var>${base_urls}</var>
<arg>${base_file}</arg>
<doc>Load any YAML file from the data directory.</doc>
<status status="PASS" start="2026-02-11T11:03:04.238104" elapsed="0.009654"/>
</kw>
<kw name="Load Yaml File" owner="data_loader">
<kw name="Get File" owner="OperatingSystem">
<msg time="2026-02-11T11:03:04.249751" level="INFO" html="true">Getting file '&lt;a href="file://C:\Siman\Repositorios\JuanDiego\pruebasAPI_UX\data\sizeapp_prod.yaml"&gt;C:\Siman\Repositorios\JuanDiego\pruebasAPI_UX\data\sizeapp_prod.yaml&lt;/a&gt;'.</msg>
<msg time="2026-02-11T11:03:04.253451" level="INFO">${yaml_text} = tables:
  path: /_v/sizes-table/table
  methods: [GET, PUT]

tableById:
  path: /_v/sizes-table/table/{id}
  methods: [GET]

tableByParams:
  path: /_v/sizes-table/table/params
  methods: [POST]

rest...</msg>
<var>${yaml_text}</var>
<arg>data/${file_name}</arg>
<doc>Returns the contents of a specified file.</doc>
<status status="PASS" start="2026-02-11T11:03:04.249124" elapsed="0.004778"/>
</kw>
<kw name="Evaluate" owner="BuiltIn">
<msg time="2026-02-11T11:03:04.257229" level="INFO">${data} = {'tables': {'path': '/_v/sizes-table/table', 'methods': ['GET', 'PUT']}, 'tableById': {'path': '/_v/sizes-table/table/{id}', 'methods': ['GET']}, 'tableByParams': {'path': '/_v/sizes-table/table/param...</msg>
<var>${data}</var>
<arg>__import__('yaml').safe_load('''${yaml_text}''')</arg>
<doc>Evaluates the given expression in Python and returns the result.</doc>
<status status="PASS" start="2026-02-11T11:03:04.254314" elapsed="0.003496"/>
</kw>
<return>
<value>${data}</value>
<status status="PASS" start="2026-02-11T11:03:04.258147" elapsed="0.000446"/>
</return>
<msg time="2026-02-11T11:03:04.259530" level="INFO">${path_data} = {'tables': {'path': '/_v/sizes-table/table', 'methods': ['GET', 'PUT']}, 'tableById': {'path': '/_v/sizes-table/table/{id}', 'methods': ['GET']}, 'tableByParams': {'path': '/_v/sizes-table/table/param...</msg>
<var>${path_data}</var>
<arg>${path_file}</arg>
<doc>Load any YAML file from the data directory.</doc>
<status status="PASS" start="2026-02-11T11:03:04.248201" elapsed="0.011891"/>
</kw>
<kw name="Init Excel For Test" owner="excel_writer">
<arg>${TEST NAME}</arg>
<doc>Robot keyword to initialize the Excel file.</doc>
<status status="PASS" start="2026-02-11T11:03:04.260558" elapsed="0.024918"/>
</kw>
<kw name="Evaluate" owner="BuiltIn">
<msg time="2026-02-11T11:03:04.287114" level="INFO">${envs} = ['main', 'instore']</msg>
<var>${envs}</var>
<arg>list(${base_urls}.keys())</arg>
<doc>Evaluates the given expression in Python and returns the result.</doc>
<status status="PASS" start="2026-02-11T11:03:04.286015" elapsed="0.001730"/>
</kw>
<for flavor="IN">
<iter>
<kw name="Set Variable" owner="BuiltIn">
<msg time="2026-02-11T11:03:04.290631" level="INFO">${base_url} = {'SV': 'https://siman.myvtex.com', 'GT': 'https://simanguatemala.myvtex.com', 'CR': 'https://simancrc.myvtex.com', 'NI': 'https://simannicor.myvtex.com'}</msg>
<var>${base_url}</var>
<arg>${base_urls}[${env}]</arg>
<doc>Returns the given values which can then be assigned to a variables.</doc>
<status status="PASS" start="2026-02-11T11:03:04.289622" elapsed="0.001618"/>
</kw>
<kw name="Evaluate" owner="BuiltIn">
<msg time="2026-02-11T11:03:04.292654" level="INFO">${urls} = ['https://siman.myvtex.com', 'https://simanguatemala.myvtex.com', 'https://simancrc.myvtex.com', 'https://simannicor.myvtex.com']</msg>
<var>${urls}</var>
<arg>list(${base_url}.values())</arg>
<doc>Evaluates the given expression in Python and returns the result.</doc>
<status status="PASS" start="2026-02-11T11:03:04.291644" elapsed="0.001395"/>
</kw>
<for flavor="IN">
<iter>
<kw name="Evaluate" owner="BuiltIn">
<msg time="2026-02-11T11:03:04.296235" level="INFO">${node_keys} = ['tables', 'tableById', 'tableByParams', 'restore']</msg>
<var>${node_keys}</var>
<arg>list(${path_data}.keys())</arg>
<doc>Evaluates the given expression in Python and returns the result.</doc>
<status status="PASS" start="2026-02-11T11:03:04.295203" elapsed="0.001404"/>
</kw>
<for flavor="IN">
<iter>
<kw name="Set Variable" owner="BuiltIn">
<msg time="2026-02-11T11:03:04.298933" level="INFO">${endpoint} = {'path': '/_v/sizes-table/table', 'methods': ['GET', 'PUT']}</msg>
<var>${endpoint}</var>
<arg>${path_data}[${node}]</arg>
<doc>Returns the given values which can then be assigned to a variables.</doc>
<status status="PASS" start="2026-02-11T11:03:04.298209" elapsed="0.001029"/>
</kw>
<kw name="Set Variable" owner="BuiltIn">
<msg time="2026-02-11T11:03:04.300978" level="INFO">${path} = /_v/sizes-table/table</msg>
<var>${path}</var>
<arg>${endpoint['path']}</arg>
<doc>Returns the given values which can then be assigned to a variables.</doc>
<status status="PASS" start="2026-02-11T11:03:04.299563" elapsed="0.001785"/>
</kw>
<for flavor="IN">
<iter>
<kw name="Log To Console" owner="BuiltIn">
<arg>Testing environment ${env} url ${url} endpoint ${node} with path: ${path} and method: ${method}</arg>
<doc>Logs the given message to the console.</doc>
<status status="PASS" start="2026-02-11T11:03:04.303926" elapsed="0.001351"/>
</kw>
<kw name="Create API Session And Execute" owner="http_keywords">
<kw name="Create Session" owner="RequestsLibrary">
<msg time="2026-02-11T11:03:04.308523" level="INFO">Creating Session using : alias=api, url=https://siman.myvtex.com, headers={},                     cookies={}, auth=None, timeout=None, proxies=None, verify=True,                     debug=0 </msg>
<arg>api</arg>
<arg>${base_url}</arg>
<arg>verify=true</arg>
<doc>Create Session: create a HTTP session to a server</doc>
<status status="PASS" start="2026-02-11T11:03:04.307575" elapsed="0.001797"/>
</kw>
<kw name="Run Keyword And Ignore Error" owner="BuiltIn">
<kw name="Execute API Request" owner="http_keywords">
<if>
<branch type="IF" condition="'${method}' == 'GET'">
<kw name="GET On Session" owner="RequestsLibrary">
<msg time="2026-02-11T11:03:05.390938" level="INFO">GET Request : url=https://siman.myvtex.com/_v/sizes-table/table 
 path_url=/_v/sizes-table/table 
 headers={'User-Agent': 'python-requests/2.32.5', 'Accept-Encoding': 'gzip, deflate, zstd', 'Accept': '*/*', 'Connection': 'keep-alive'} 
 body=None 
 </msg>
<msg time="2026-02-11T11:03:05.391473" level="INFO">GET Response : url=https://siman.myvtex.com/_v/sizes-table/table 
 status=401, reason=Unauthorized 
 headers={'Content-Type': 'application/json; charset=utf-8', 'Content-Length': '27', 'Connection': 'keep-alive', 'Date': 'Wed, 11 Feb 2026 17:03:05 GMT', 'X-Vtex-Io-Cluster-Id': 'prod-dj-ioadmin-eks-use1a-n4k', 'Cache-Control': 'no-cache, no-store', 'Pragma': 'no-cache, no-store', 'Set-Cookie': 'VtexWorkspace=master%3A-; expires=Thu, 12 Feb 2026 17:03:05 GMT; path=/; secure; samesite=none', 'X-VTEX-Janus-Router-Backend-App': 'io-admins-vadmin-group-1+2-1a-n4k', 'X-Router-Cache': 'MISS', 'X-Request-ID': 'e74a5ffcd69944819dd21434c777dcfa', 'X-Vtex-Router-Version': '9.17.19', 'X-Vtex-Router-Elapsed-Time': '00:00:00.0063841', 'X-Vtex-Backend-Elapsed-Time': '00:00:00.0031980', 'Vary': 'Accept-Encoding', 'X-Cache': 'Error from cloudfront', 'Via': '1.1 c660b45685a603ac641111b8246d2ffe.cloudfront.net (CloudFront)', 'X-Amz-Cf-Pop': 'MIA3-P3', 'X-Amz-Cf-Id': 'WktpbaVwaC_ot5_MmP_9Auvh1ofo9bRK1TDW_X_8rarN0ycomgmU9w=='} 
 body={"error":"Missing cookies"} 
 </msg>
<msg time="2026-02-11T11:03:05.391957" level="FAIL">HTTPError: 401 Client Error: Unauthorized for url: https://siman.myvtex.com/_v/sizes-table/table</msg>
<var>${response}</var>
<arg>api</arg>
<arg>${path}</arg>
<doc>Sends a GET request on a previously created HTTP Session.</doc>
<status status="FAIL" start="2026-02-11T11:03:04.313623" elapsed="1.093477">HTTPError: 401 Client Error: Unauthorized for url: https://siman.myvtex.com/_v/sizes-table/table</status>
</kw>
<kw name="Log To Console" owner="BuiltIn">
<arg>${response.status_code}</arg>
<doc>Logs the given message to the console.</doc>
<status status="NOT RUN" start="2026-02-11T11:03:05.407583" elapsed="0.000430"/>
</kw>
<return>
<value>${response}</value>
<status status="NOT RUN" start="2026-02-11T11:03:05.408221" elapsed="0.000194"/>
</return>
<status status="FAIL" start="2026-02-11T11:03:04.312826" elapsed="1.095754">HTTPError: 401 Client Error: Unauthorized for url: https://siman.myvtex.com/_v/sizes-table/table</status>
</branch>
<branch type="ELSE IF" condition="'${method}' == 'POST'">
<kw name="POST On Session" owner="RequestsLibrary">
<var>${response}</var>
<arg>api</arg>
<arg>${path}</arg>
<doc>Sends a POST request on a previously created HTTP Session.</doc>
<status status="NOT RUN" start="2026-02-11T11:03:05.409193" elapsed="0.000285"/>
</kw>
<kw name="Log To Console" owner="BuiltIn">
<arg>${response.status_code}</arg>
<doc>Logs the given message to the console.</doc>
<status status="NOT RUN" start="2026-02-11T11:03:05.409761" elapsed="0.000277"/>
</kw>
<return>
<value>${response}</value>
<status status="NOT RUN" start="2026-02-11T11:03:05.410223" elapsed="0.000245"/>
</return>
<status status="NOT RUN" start="2026-02-11T11:03:05.408788" elapsed="0.001795"/>
</branch>
<branch type="ELSE IF" condition="'${method}' == 'PUT'">
<kw name="PUT On Session" owner="RequestsLibrary">
<var>${response}</var>
<arg>api</arg>
<arg>${path}</arg>
<doc>Sends a PUT request on a previously created HTTP Session.</doc>
<status status="NOT RUN" start="2026-02-11T11:03:05.411096" elapsed="0.000258"/>
</kw>
<kw name="Log To Console" owner="BuiltIn">
<arg>${response.status_code}</arg>
<doc>Logs the given message to the console.</doc>
<status status="NOT RUN" start="2026-02-11T11:03:05.411606" elapsed="0.000222"/>
</kw>
<return>
<value>${response}</value>
<status status="NOT RUN" start="2026-02-11T11:03:05.411990" elapsed="0.000164"/>
</return>
<status status="NOT RUN" start="2026-02-11T11:03:05.410717" elapsed="0.001533"/>
</branch>
<branch type="ELSE IF" condition="'${method}' == 'DELETE'">
<kw name="DELETE On Session" owner="RequestsLibrary">
<var>${response}</var>
<arg>api</arg>
<arg>${path}</arg>
<doc>Sends a DELETE request on a previously created HTTP Session.</doc>
<status status="NOT RUN" start="2026-02-11T11:03:05.412659" elapsed="0.000333"/>
</kw>
<kw name="Log To Console" owner="BuiltIn">
<arg>${response.status_code}</arg>
<doc>Logs the given message to the console.</doc>
<status status="NOT RUN" start="2026-02-11T11:03:05.413268" elapsed="0.000249"/>
</kw>
<return>
<value>${response}</value>
<status status="NOT RUN" start="2026-02-11T11:03:05.413682" elapsed="0.000174"/>
</return>
<status status="NOT RUN" start="2026-02-11T11:03:05.412354" elapsed="0.001598"/>
</branch>
<status status="FAIL" start="2026-02-11T11:03:04.312730" elapsed="1.101358">HTTPError: 401 Client Error: Unauthorized for url: https://siman.myvtex.com/_v/sizes-table/table</status>
</if>
<arg>${method}</arg>
<arg>${path}</arg>
<doc>Execute an API request based on the method and path.</doc>
<status status="FAIL" start="2026-02-11T11:03:04.311297" elapsed="1.103121">HTTPError: 401 Client Error: Unauthorized for url: https://siman.myvtex.com/_v/sizes-table/table</status>
</kw>
<msg time="2026-02-11T11:03:05.414883" level="INFO">${status} = FAIL</msg>
<msg time="2026-02-11T11:03:05.415301" level="INFO">${result} = HTTPError: 401 Client Error: Unauthorized for url: https://siman.myvtex.com/_v/sizes-table/table</msg>
<var>${status}</var>
<var>${result}</var>
<arg>Execute API Request</arg>
<arg>${method}</arg>
<arg>${path}</arg>
<doc>Runs the given keyword with the given arguments and ignores possible error.</doc>
<status status="PASS" start="2026-02-11T11:03:04.309818" elapsed="1.105791"/>
</kw>
<if>
<branch type="IF" condition="'${status}' == 'PASS'">
<kw name="Log To Console" owner="BuiltIn">
<arg>${result.status_code}</arg>
<doc>Logs the given message to the console.</doc>
<status status="NOT RUN" start="2026-02-11T11:03:05.416738" elapsed="0.000639"/>
</kw>
<return>
<value>${result}</value>
<status status="NOT RUN" start="2026-02-11T11:03:05.417797" elapsed="0.000535"/>
</return>
<status status="NOT RUN" start="2026-02-11T11:03:05.415995" elapsed="0.002658"/>
</branch>
<branch type="ELSE">
<kw name="Log To Console" owner="BuiltIn">
<arg>Error with method: ${method} and path: ${path} - ${result}</arg>
<doc>Logs the given message to the console.</doc>
<status status="PASS" start="2026-02-11T11:03:05.419652" elapsed="0.001419"/>
</kw>
<return>
<value>${result}</value>
<status status="PASS" start="2026-02-11T11:03:05.421452" elapsed="0.000409"/>
</return>
<status status="PASS" start="2026-02-11T11:03:05.418822" elapsed="0.003197"/>
</branch>
<status status="PASS" start="2026-02-11T11:03:05.415941" elapsed="0.006170"/>
</if>
<msg time="2026-02-11T11:03:05.422387" level="INFO">${response} = HTTPError: 401 Client Error: Unauthorized for url: https://siman.myvtex.com/_v/sizes-table/table</msg>
<var>${response}</var>
<arg>${url}</arg>
<arg>${method}</arg>
<arg>${path}</arg>
<doc>Create an API session and execute the request.</doc>
<status status="PASS" start="2026-02-11T11:03:04.306241" elapsed="1.116450"/>
</kw>
<kw name="Set Variable If" owner="BuiltIn">
<msg time="2026-02-11T11:03:05.423990" level="INFO">${expected} = 405</msg>
<var>${expected}</var>
<arg>'${method}' == 'POST'</arg>
<arg>200</arg>
<arg>405</arg>
<doc>Sets variable based on the given condition.</doc>
<status status="PASS" start="2026-02-11T11:03:05.423066" elapsed="0.001396"/>
</kw>
<kw name="Run Keyword And Return Status" owner="BuiltIn">
<kw name="Should Be Equal As Integers" owner="BuiltIn">
<msg time="2026-02-11T11:03:05.427482" level="FAIL">Resolving variable '${response.status_code}' failed: AttributeError: 'str' object has no attribute 'status_code'</msg>
<arg>${response.status_code}</arg>
<arg>${expected}</arg>
<doc>Fails if objects are unequal after converting them to integers.</doc>
<status status="FAIL" start="2026-02-11T11:03:05.425836" elapsed="0.018836">Resolving variable '${response.status_code}' failed: AttributeError: 'str' object has no attribute 'status_code'</status>
</kw>
<msg time="2026-02-11T11:03:05.445283" level="INFO">${passed} = False</msg>
<var>${passed}</var>
<arg>Should Be Equal As Integers</arg>
<arg>${response.status_code}</arg>
<arg>${expected}</arg>
<doc>Runs the given keyword with given arguments and returns the status as a Boolean value.</doc>
<status status="PASS" start="2026-02-11T11:03:05.425047" elapsed="0.020580"/>
</kw>
<if>
<branch type="IF" condition="${passed}">
<kw name="Log" owner="BuiltIn">
<arg>Unexpected response ${response.status_code} (expected ${expected}) — continuing</arg>
<doc>Logs the given message with the given level.</doc>
<status status="NOT RUN" start="2026-02-11T11:03:05.447068" elapsed="0.000553"/>
</kw>
<status status="NOT RUN" start="2026-02-11T11:03:05.446024" elapsed="0.001877"/>
</branch>
<status status="PASS" start="2026-02-11T11:03:05.445947" elapsed="0.002064"/>
</if>
<kw name="Set Variable If" owner="BuiltIn">
<msg time="2026-02-11T11:03:05.449148" level="INFO">${result} = FAIL</msg>
<var>${result}</var>
<arg>${passed}</arg>
<arg>PASS</arg>
<arg>FAIL</arg>
<doc>Sets variable based on the given condition.</doc>
<status status="PASS" start="2026-02-11T11:03:05.448236" elapsed="0.001495"/>
</kw>
<kw name="Append Result" owner="excel_writer">
<arg>${env}</arg>
<arg>${url}</arg>
<arg>${node}</arg>
<arg>${path}</arg>
<arg>${method}</arg>
<arg>${result}</arg>
<doc>Robot keyword to append a row.</doc>
<status status="PASS" start="2026-02-11T11:03:05.450129" elapsed="0.036250"/>
</kw>
<var name="${method}">GET</var>
<status status="PASS" start="2026-02-11T11:03:04.303358" elapsed="1.183345"/>
</iter>
<iter>
<kw name="Log To Console" owner="BuiltIn">
<arg>Testing environment ${env} url ${url} endpoint ${node} with path: ${path} and method: ${method}</arg>
<doc>Logs the given message to the console.</doc>
<status status="PASS" start="2026-02-11T11:03:05.487834" elapsed="0.001448"/>
</kw>
<kw name="Create API Session And Execute" owner="http_keywords">
<kw name="Create Session" owner="RequestsLibrary">
<msg time="2026-02-11T11:03:05.492607" level="INFO">Creating Session using : alias=api, url=https://siman.myvtex.com, headers={},                     cookies={}, auth=None, timeout=None, proxies=None, verify=True,                     debug=0 </msg>
<arg>api</arg>
<arg>${base_url}</arg>
<arg>verify=true</arg>
<doc>Create Session: create a HTTP session to a server</doc>
<status status="PASS" start="2026-02-11T11:03:05.491722" elapsed="0.001647"/>
</kw>
<kw name="Run Keyword And Ignore Error" owner="BuiltIn">
<kw name="Execute API Request" owner="http_keywords">
<if>
<branch type="IF" condition="'${method}' == 'GET'">
<kw name="GET On Session" owner="RequestsLibrary">
<var>${response}</var>
<arg>api</arg>
<arg>${path}</arg>
<doc>Sends a GET request on a previously created HTTP Session.</doc>
<status status="NOT RUN" start="2026-02-11T11:03:05.498307" elapsed="0.000404"/>
</kw>
<kw name="Log To Console" owner="BuiltIn">
<arg>${response.status_code}</arg>
<doc>Logs the given message to the console.</doc>
<status status="NOT RUN" start="2026-02-11T11:03:05.499052" elapsed="0.000307"/>
</kw>
<return>
<value>${response}</value>
<status status="NOT RUN" start="2026-02-11T11:03:05.499586" elapsed="0.000230"/>
</return>
<status status="NOT RUN" start="2026-02-11T11:03:05.497537" elapsed="0.002391"/>
</branch>
<branch type="ELSE IF" condition="'${method}' == 'POST'">
<kw name="POST On Session" owner="RequestsLibrary">
<var>${response}</var>
<arg>api</arg>
<arg>${path}</arg>
<doc>Sends a POST request on a previously created HTTP Session.</doc>
<status status="NOT RUN" start="2026-02-11T11:03:05.500850" elapsed="0.000448"/>
</kw>
<kw name="Log To Console" owner="BuiltIn">
<arg>${response.status_code}</arg>
<doc>Logs the given message to the console.</doc>
<status status="NOT RUN" start="2026-02-11T11:03:05.501702" elapsed="0.000375"/>
</kw>
<return>
<value>${response}</value>
<status status="NOT RUN" start="2026-02-11T11:03:05.502297" elapsed="0.000365"/>
</return>
<status status="NOT RUN" start="2026-02-11T11:03:05.500066" elapsed="0.002762"/>
</branch>
<branch type="ELSE IF" condition="'${method}' == 'PUT'">
<kw name="PUT On Session" owner="RequestsLibrary">
<msg time="2026-02-11T11:03:06.471159" level="INFO">PUT Request : url=https://siman.myvtex.com/_v/sizes-table/table 
 path_url=/_v/sizes-table/table 
 headers={'User-Agent': 'python-requests/2.32.5', 'Accept-Encoding': 'gzip, deflate, zstd', 'Accept': '*/*', 'Connection': 'keep-alive', 'Content-Length': '0'} 
 body=None 
 </msg>
<msg time="2026-02-11T11:03:06.471606" level="INFO">PUT Response : url=https://siman.myvtex.com/_v/sizes-table/table 
 status=401, reason=Unauthorized 
 headers={'Content-Type': 'application/json; charset=utf-8', 'Content-Length': '27', 'Connection': 'keep-alive', 'Date': 'Wed, 11 Feb 2026 17:03:06 GMT', 'X-Vtex-Io-Cluster-Id': 'prod-dj-ioadmin-eks-use1a-n4k', 'Cache-Control': 'no-cache, no-store', 'Pragma': 'no-cache, no-store', 'Set-Cookie': 'VtexWorkspace=master%3A-; expires=Thu, 12 Feb 2026 17:03:06 GMT; path=/; secure; samesite=none', 'Vary': 'Accept-Encoding', 'X-VTEX-Janus-Router-Backend-App': 'io-admins-vadmin-group-1+2-1a-n4k', 'X-Request-ID': '8908dcf7398d41df92d4c860c5d3c53f', 'X-Vtex-Router-Version': '9.17.19', 'X-Vtex-Router-Elapsed-Time': '00:00:00.0110693', 'X-Vtex-Backend-Elapsed-Time': '00:00:00.0029160', 'X-Cache': 'Error from cloudfront', 'Via': '1.1 942d82cfe2f7cdc64ac3357fc7b8dc1c.cloudfront.net (CloudFront)', 'X-Amz-Cf-Pop': 'MIA3-P3', 'X-Amz-Cf-Id': 'XOGOlvN0agODxP9b9HNAQHQIj-I5pIEDpgxLT_CbVC7vgVa9YRUviA=='} 
 body={"error":"Missing cookies"} 
 </msg>
<msg time="2026-02-11T11:03:06.471979" level="FAIL">HTTPError: 401 Client Error: Unauthorized for url: https://siman.myvtex.com/_v/sizes-table/table</msg>
<var>${response}</var>
<arg>api</arg>
<arg>${path}</arg>
<doc>Sends a PUT request on a previously created HTTP Session.</doc>
<status status="FAIL" start="2026-02-11T11:03:05.503718" elapsed="0.977601">HTTPError: 401 Client Error: Unauthorized for url: https://siman.myvtex.com/_v/sizes-table/table</status>
</kw>
<kw name="Log To Console" owner="BuiltIn">
<arg>${response.status_code}</arg>
<doc>Logs the given message to the console.</doc>
<status status="NOT RUN" start="2026-02-11T11:03:06.481823" elapsed="0.000379"/>
</kw>
<return>
<value>${response}</value>
<status status="NOT RUN" start="2026-02-11T11:03:06.482402" elapsed="0.000192"/>
</return>
<status status="FAIL" start="2026-02-11T11:03:05.502973" elapsed="0.979771">HTTPError: 401 Client Error: Unauthorized for url: https://siman.myvtex.com/_v/sizes-table/table</status>
</branch>
<branch type="ELSE IF" condition="'${method}' == 'DELETE'">
<kw name="DELETE On Session" owner="RequestsLibrary">
<var>${response}</var>
<arg>api</arg>
<arg>${path}</arg>
<doc>Sends a DELETE request on a previously created HTTP Session.</doc>
<status status="NOT RUN" start="2026-02-11T11:03:06.483270" elapsed="0.000292"/>
</kw>
<kw name="Log To Console" owner="BuiltIn">
<arg>${response.status_code}</arg>
<doc>Logs the given message to the console.</doc>
<status status="NOT RUN" start="2026-02-11T11:03:06.483860" elapsed="0.000283"/>
</kw>
<return>
<value>${response}</value>
<status status="NOT RUN" start="2026-02-11T11:03:06.484328" elapsed="0.000233"/>
</return>
<status status="NOT RUN" start="2026-02-11T11:03:06.482893" elapsed="0.001778"/>
</branch>
<status status="FAIL" start="2026-02-11T11:03:05.497445" elapsed="0.987363">HTTPError: 401 Client Error: Unauthorized for url: https://siman.myvtex.com/_v/sizes-table/table</status>
</if>
<arg>${method}</arg>
<arg>${path}</arg>
<doc>Execute an API request based on the method and path.</doc>
<status status="FAIL" start="2026-02-11T11:03:05.495902" elapsed="0.989207">HTTPError: 401 Client Error: Unauthorized for url: https://siman.myvtex.com/_v/sizes-table/table</status>
</kw>
<msg time="2026-02-11T11:03:06.485645" level="INFO">${status} = FAIL</msg>
<msg time="2026-02-11T11:03:06.486045" level="INFO">${result} = HTTPError: 401 Client Error: Unauthorized for url: https://siman.myvtex.com/_v/sizes-table/table</msg>
<var>${status}</var>
<var>${result}</var>
<arg>Execute API Request</arg>
<arg>${method}</arg>
<arg>${path}</arg>
<doc>Runs the given keyword with the given arguments and ignores possible error.</doc>
<status status="PASS" start="2026-02-11T11:03:05.493810" elapsed="0.992519"/>
</kw>
<if>
<branch type="IF" condition="'${status}' == 'PASS'">
<kw name="Log To Console" owner="BuiltIn">
<arg>${result.status_code}</arg>
<doc>Logs the given message to the console.</doc>
<status status="NOT RUN" start="2026-02-11T11:03:06.487395" elapsed="0.000548"/>
</kw>
<return>
<value>${result}</value>
<status status="NOT RUN" start="2026-02-11T11:03:06.488286" elapsed="0.000311"/>
</return>
<status status="NOT RUN" start="2026-02-11T11:03:06.486689" elapsed="0.002064"/>
</branch>
<branch type="ELSE">
<kw name="Log To Console" owner="BuiltIn">
<arg>Error with method: ${method} and path: ${path} - ${result}</arg>
<doc>Logs the given message to the console.</doc>
<status status="PASS" start="2026-02-11T11:03:06.489377" elapsed="0.001277"/>
</kw>
<return>
<value>${result}</value>
<status status="PASS" start="2026-02-11T11:03:06.491060" elapsed="0.000426"/>
</return>
<status status="PASS" start="2026-02-11T11:03:06.488851" elapsed="0.002806"/>
</branch>
<status status="PASS" start="2026-02-11T11:03:06.486637" elapsed="0.005121"/>
</if>
<msg time="2026-02-11T11:03:06.492040" level="INFO">${response} = HTTPError: 401 Client Error: Unauthorized for url: https://siman.myvtex.com/_v/sizes-table/table</msg>
<var>${response}</var>
<arg>${url}</arg>
<arg>${method}</arg>
<arg>${path}</arg>
<doc>Create an API session and execute the request.</doc>
<status status="PASS" start="2026-02-11T11:03:05.490427" elapsed="1.002295"/>
</kw>
<kw name="Set Variable If" owner="BuiltIn">
<msg time="2026-02-11T11:03:06.494287" level="INFO">${expected} = 405</msg>
<var>${expected}</var>
<arg>'${method}' == 'POST'</arg>
<arg>200</arg>
<arg>405</arg>
<doc>Sets variable based on the given condition.</doc>
<status status="PASS" start="2026-02-11T11:03:06.493183" elapsed="0.001533"/>
</kw>
<kw name="Run Keyword And Return Status" owner="BuiltIn">
<kw name="Should Be Equal As Integers" owner="BuiltIn">
<msg time="2026-02-11T11:03:06.497222" level="FAIL">Resolving variable '${response.status_code}' failed: AttributeError: 'str' object has no attribute 'status_code'</msg>
<arg>${response.status_code}</arg>
<arg>${expected}</arg>
<doc>Fails if objects are unequal after converting them to integers.</doc>
<status status="FAIL" start="2026-02-11T11:03:06.495894" elapsed="0.008231">Resolving variable '${response.status_code}' failed: AttributeError: 'str' object has no attribute 'status_code'</status>
</kw>
<msg time="2026-02-11T11:03:06.504649" level="INFO">${passed} = False</msg>
<var>${passed}</var>
<arg>Should Be Equal As Integers</arg>
<arg>${response.status_code}</arg>
<arg>${expected}</arg>
<doc>Runs the given keyword with given arguments and returns the status as a Boolean value.</doc>
<status status="PASS" start="2026-02-11T11:03:06.495144" elapsed="0.009826"/>
</kw>
<if>
<branch type="IF" condition="${passed}">
<kw name="Log" owner="BuiltIn">
<arg>Unexpected response ${response.status_code} (expected ${expected}) — continuing</arg>
<doc>Logs the given message with the given level.</doc>
<status status="NOT RUN" start="2026-02-11T11:03:06.505933" elapsed="0.000460"/>
</kw>
<status status="NOT RUN" start="2026-02-11T11:03:06.505293" elapsed="0.001351"/>
</branch>
<status status="PASS" start="2026-02-11T11:03:06.505237" elapsed="0.001506"/>
</if>
<kw name="Set Variable If" owner="BuiltIn">
<msg time="2026-02-11T11:03:06.507525" level="INFO">${result} = FAIL</msg>
<var>${result}</var>
<arg>${passed}</arg>
<arg>PASS</arg>
<arg>FAIL</arg>
<doc>Sets variable based on the given condition.</doc>
<status status="PASS" start="2026-02-11T11:03:06.506937" elapsed="0.000905"/>
</kw>
<kw name="Append Result" owner="excel_writer">
<arg>${env}</arg>
<arg>${url}</arg>
<arg>${node}</arg>
<arg>${path}</arg>
<arg>${method}</arg>
<arg>${result}</arg>
<doc>Robot keyword to append a row.</doc>
<status status="PASS" start="2026-02-11T11:03:06.508616" elapsed="0.034130"/>
</kw>
<var name="${method}">PUT</var>
<status status="PASS" start="2026-02-11T11:03:05.487238" elapsed="1.055809"/>
</iter>
<var>${method}</var>
<value>@{endpoint['methods']}</value>
<status status="PASS" start="2026-02-11T11:03:04.301636" elapsed="2.241548"/>
</for>
<var name="${node}">tables</var>
<status status="PASS" start="2026-02-11T11:03:04.297685" elapsed="2.245621"/>
</iter>
<iter>
<kw name="Set Variable" owner="BuiltIn">
<msg time="2026-02-11T11:03:06.544917" level="INFO">${endpoint} = {'path': '/_v/sizes-table/table/{id}', 'methods': ['GET']}</msg>
<var>${endpoint}</var>
<arg>${path_data}[${node}]</arg>
<doc>Returns the given values which can then be assigned to a variables.</doc>
<status status="PASS" start="2026-02-11T11:03:06.544250" elapsed="0.000978"/>
</kw>
<kw name="Set Variable" owner="BuiltIn">
<msg time="2026-02-11T11:03:06.547097" level="INFO">${path} = /_v/sizes-table/table/{id}</msg>
<var>${path}</var>
<arg>${endpoint['path']}</arg>
<doc>Returns the given values which can then be assigned to a variables.</doc>
<status status="PASS" start="2026-02-11T11:03:06.545590" elapsed="0.001825"/>
</kw>
<for flavor="IN">
<iter>
<kw name="Log To Console" owner="BuiltIn">
<arg>Testing environment ${env} url ${url} endpoint ${node} with path: ${path} and method: ${method}</arg>
<doc>Logs the given message to the console.</doc>
<status status="PASS" start="2026-02-11T11:03:06.549625" elapsed="0.001135"/>
</kw>
<kw name="Create API Session And Execute" owner="http_keywords">
<kw name="Create Session" owner="RequestsLibrary">
<msg time="2026-02-11T11:03:06.553579" level="INFO">Creating Session using : alias=api, url=https://siman.myvtex.com, headers={},                     cookies={}, auth=None, timeout=None, proxies=None, verify=True,                     debug=0 </msg>
<arg>api</arg>
<arg>${base_url}</arg>
<arg>verify=true</arg>
<doc>Create Session: create a HTTP session to a server</doc>
<status status="PASS" start="2026-02-11T11:03:06.552643" elapsed="0.001839"/>
</kw>
<kw name="Run Keyword And Ignore Error" owner="BuiltIn">
<kw name="Execute API Request" owner="http_keywords">
<if>
<branch type="IF" condition="'${method}' == 'GET'">
<kw name="GET On Session" owner="RequestsLibrary">
<msg time="2026-02-11T11:03:07.526131" level="INFO">GET Request : url=https://siman.myvtex.com/_v/sizes-table/table/%7Bid%7D 
 path_url=/_v/sizes-table/table/%7Bid%7D 
 headers={'User-Agent': 'python-requests/2.32.5', 'Accept-Encoding': 'gzip, deflate, zstd', 'Accept': '*/*', 'Connection': 'keep-alive'} 
 body=None 
 </msg>
<msg time="2026-02-11T11:03:07.526643" level="INFO">GET Response : url=https://siman.myvtex.com/_v/sizes-table/table/%7Bid%7D 
 status=401, reason=Unauthorized 
 headers={'Content-Type': 'application/json; charset=utf-8', 'Content-Length': '27', 'Connection': 'keep-alive', 'Date': 'Wed, 11 Feb 2026 17:03:07 GMT', 'X-Vtex-Io-Cluster-Id': 'prod-dj-ioadmin-eks-use1d-w1s', 'Cache-Control': 'no-cache, no-store', 'Pragma': 'no-cache, no-store', 'Set-Cookie': 'VtexWorkspace=master%3A-; expires=Thu, 12 Feb 2026 17:03:07 GMT; path=/; secure; samesite=none', 'X-VTEX-Janus-Router-Backend-App': 'io-admins-vadmin-group-2+3-1d-w1s', 'X-Router-Cache': 'MISS', 'X-Request-ID': '03b187a12ef04d6aa0d9fbfe5244d46e', 'X-Vtex-Router-Version': '9.17.19', 'X-Vtex-Router-Elapsed-Time': '00:00:00.0073454', 'X-Vtex-Backend-Elapsed-Time': '00:00:00.0036279', 'Vary': 'Accept-Encoding', 'X-Cache': 'Error from cloudfront', 'Via': '1.1 f6f4782af042282825a7e9efc782df96.cloudfront.net (CloudFront)', 'X-Amz-Cf-Pop': 'MIA3-P3', 'X-Amz-Cf-Id': 'gAujIQeqCEeyHzkmTYiQxn48mcn-dPME1kYH36VSoe2WZ_1vJy15wg=='} 
 body={"error":"Missing cookies"} 
 </msg>
<msg time="2026-02-11T11:03:07.527413" level="FAIL">HTTPError: 401 Client Error: Unauthorized for url: https://siman.myvtex.com/_v/sizes-table/table/%7Bid%7D</msg>
<var>${response}</var>
<arg>api</arg>
<arg>${path}</arg>
<doc>Sends a GET request on a previously created HTTP Session.</doc>
<status status="FAIL" start="2026-02-11T11:03:06.559634" elapsed="0.977513">HTTPError: 401 Client Error: Unauthorized for url: https://siman.myvtex.com/_v/sizes-table/table/%7Bid%7D</status>
</kw>
<kw name="Log To Console" owner="BuiltIn">
<arg>${response.status_code}</arg>
<doc>Logs the given message to the console.</doc>
<status status="NOT RUN" start="2026-02-11T11:03:07.538023" elapsed="0.000515"/>
</kw>
<return>
<value>${response}</value>
<status status="NOT RUN" start="2026-02-11T11:03:07.538809" elapsed="0.000262"/>
</return>
<status status="FAIL" start="2026-02-11T11:03:06.558952" elapsed="0.980301">HTTPError: 401 Client Error: Unauthorized for url: https://siman.myvtex.com/_v/sizes-table/table/%7Bid%7D</status>
</branch>
<branch type="ELSE IF" condition="'${method}' == 'POST'">
<kw name="POST On Session" owner="RequestsLibrary">
<var>${response}</var>
<arg>api</arg>
<arg>${path}</arg>
<doc>Sends a POST request on a previously created HTTP Session.</doc>
<status status="NOT RUN" start="2026-02-11T11:03:07.539939" elapsed="0.000321"/>
</kw>
<kw name="Log To Console" owner="BuiltIn">
<arg>${response.status_code}</arg>
<doc>Logs the given message to the console.</doc>
<status status="NOT RUN" start="2026-02-11T11:03:07.540551" elapsed="0.000282"/>
</kw>
<return>
<value>${response}</value>
<status status="NOT RUN" start="2026-02-11T11:03:07.541033" elapsed="0.000222"/>
</return>
<status status="NOT RUN" start="2026-02-11T11:03:07.539413" elapsed="0.001953"/>
</branch>
<branch type="ELSE IF" condition="'${method}' == 'PUT'">
<kw name="PUT On Session" owner="RequestsLibrary">
<var>${response}</var>
<arg>api</arg>
<arg>${path}</arg>
<doc>Sends a PUT request on a previously created HTTP Session.</doc>
<status status="NOT RUN" start="2026-02-11T11:03:07.542027" elapsed="0.000361"/>
</kw>
<kw name="Log To Console" owner="BuiltIn">
<arg>${response.status_code}</arg>
<doc>Logs the given message to the console.</doc>
<status status="NOT RUN" start="2026-02-11T11:03:07.542763" elapsed="0.000471"/>
</kw>
<return>
<value>${response}</value>
<status status="NOT RUN" start="2026-02-11T11:03:07.543480" elapsed="0.000316"/>
</return>
<status status="NOT RUN" start="2026-02-11T11:03:07.541527" elapsed="0.002395"/>
</branch>
<branch type="ELSE IF" condition="'${method}' == 'DELETE'">
<kw name="DELETE On Session" owner="RequestsLibrary">
<var>${response}</var>
<arg>api</arg>
<arg>${path}</arg>
<doc>Sends a DELETE request on a previously created HTTP Session.</doc>
<status status="NOT RUN" start="2026-02-11T11:03:07.544545" elapsed="0.000391"/>
</kw>
<kw name="Log To Console" owner="BuiltIn">
<arg>${response.status_code}</arg>
<doc>Logs the given message to the console.</doc>
<status status="NOT RUN" start="2026-02-11T11:03:07.545256" elapsed="0.000316"/>
</kw>
<return>
<value>${response}</value>
<status status="NOT RUN" start="2026-02-11T11:03:07.545768" elapsed="0.000275"/>
</return>
<status status="NOT RUN" start="2026-02-11T11:03:07.544052" elapsed="0.002123"/>
</branch>
<status status="FAIL" start="2026-02-11T11:03:06.558869" elapsed="0.987442">HTTPError: 401 Client Error: Unauthorized for url: https://siman.myvtex.com/_v/sizes-table/table/%7Bid%7D</status>
</if>
<arg>${method}</arg>
<arg>${path}</arg>
<doc>Execute an API request based on the method and path.</doc>
<status status="FAIL" start="2026-02-11T11:03:06.557058" elapsed="0.989558">HTTPError: 401 Client Error: Unauthorized for url: https://siman.myvtex.com/_v/sizes-table/table/%7Bid%7D</status>
</kw>
<msg time="2026-02-11T11:03:07.547127" level="INFO">${status} = FAIL</msg>
<msg time="2026-02-11T11:03:07.547632" level="INFO">${result} = HTTPError: 401 Client Error: Unauthorized for url: https://siman.myvtex.com/_v/sizes-table/table/%7Bid%7D</msg>
<var>${status}</var>
<var>${result}</var>
<arg>Execute API Request</arg>
<arg>${method}</arg>
<arg>${path}</arg>
<doc>Runs the given keyword with the given arguments and ignores possible error.</doc>
<status status="PASS" start="2026-02-11T11:03:06.555266" elapsed="0.993149"/>
</kw>
<if>
<branch type="IF" condition="'${status}' == 'PASS'">
<kw name="Log To Console" owner="BuiltIn">
<arg>${result.status_code}</arg>
<doc>Logs the given message to the console.</doc>
<status status="NOT RUN" start="2026-02-11T11:03:07.550065" elapsed="0.000699"/>
</kw>
<return>
<value>${result}</value>
<status status="NOT RUN" start="2026-02-11T11:03:07.551180" elapsed="0.000780"/>
</return>
<status status="NOT RUN" start="2026-02-11T11:03:07.549017" elapsed="0.003371"/>
</branch>
<branch type="ELSE">
<kw name="Log To Console" owner="BuiltIn">
<arg>Error with method: ${method} and path: ${path} - ${result}</arg>
<doc>Logs the given message to the console.</doc>
<status status="PASS" start="2026-02-11T11:03:07.553304" elapsed="0.001856"/>
</kw>
<return>
<value>${result}</value>
<status status="PASS" start="2026-02-11T11:03:07.555648" elapsed="0.000443"/>
</return>
<status status="PASS" start="2026-02-11T11:03:07.552531" elapsed="0.003757"/>
</branch>
<status status="PASS" start="2026-02-11T11:03:07.548942" elapsed="0.007433"/>
</if>
<msg time="2026-02-11T11:03:07.556650" level="INFO">${response} = HTTPError: 401 Client Error: Unauthorized for url: https://siman.myvtex.com/_v/sizes-table/table/%7Bid%7D</msg>
<var>${response}</var>
<arg>${url}</arg>
<arg>${method}</arg>
<arg>${path}</arg>
<doc>Create an API session and execute the request.</doc>
<status status="PASS" start="2026-02-11T11:03:06.551465" elapsed="1.005557"/>
</kw>
<kw name="Set Variable If" owner="BuiltIn">
<msg time="2026-02-11T11:03:07.558628" level="INFO">${expected} = 405</msg>
<var>${expected}</var>
<arg>'${method}' == 'POST'</arg>
<arg>200</arg>
<arg>405</arg>
<doc>Sets variable based on the given condition.</doc>
<status status="PASS" start="2026-02-11T11:03:07.557422" elapsed="0.001768"/>
</kw>
<kw name="Run Keyword And Return Status" owner="BuiltIn">
<kw name="Should Be Equal As Integers" owner="BuiltIn">
<msg time="2026-02-11T11:03:07.562124" level="FAIL">Resolving variable '${response.status_code}' failed: AttributeError: 'str' object has no attribute 'status_code'</msg>
<arg>${response.status_code}</arg>
<arg>${expected}</arg>
<doc>Fails if objects are unequal after converting them to integers.</doc>
<status status="FAIL" start="2026-02-11T11:03:07.560700" elapsed="0.010785">Resolving variable '${response.status_code}' failed: AttributeError: 'str' object has no attribute 'status_code'</status>
</kw>
<msg time="2026-02-11T11:03:07.572059" level="INFO">${passed} = False</msg>
<var>${passed}</var>
<arg>Should Be Equal As Integers</arg>
<arg>${response.status_code}</arg>
<arg>${expected}</arg>
<doc>Runs the given keyword with given arguments and returns the status as a Boolean value.</doc>
<status status="PASS" start="2026-02-11T11:03:07.559873" elapsed="0.012804"/>
</kw>
<if>
<branch type="IF" condition="${passed}">
<kw name="Log" owner="BuiltIn">
<arg>Unexpected response ${response.status_code} (expected ${expected}) — continuing</arg>
<doc>Logs the given message with the given level.</doc>
<status status="NOT RUN" start="2026-02-11T11:03:07.574162" elapsed="0.001000"/>
</kw>
<status status="NOT RUN" start="2026-02-11T11:03:07.573138" elapsed="0.002525"/>
</branch>
<status status="PASS" start="2026-02-11T11:03:07.573072" elapsed="0.002722"/>
</if>
<kw name="Set Variable If" owner="BuiltIn">
<msg time="2026-02-11T11:03:07.577051" level="INFO">${result} = FAIL</msg>
<var>${result}</var>
<arg>${passed}</arg>
<arg>PASS</arg>
<arg>FAIL</arg>
<doc>Sets variable based on the given condition.</doc>
<status status="PASS" start="2026-02-11T11:03:07.576049" elapsed="0.001372"/>
</kw>
<kw name="Append Result" owner="excel_writer">
<arg>${env}</arg>
<arg>${url}</arg>
<arg>${node}</arg>
<arg>${path}</arg>
<arg>${method}</arg>
<arg>${result}</arg>
<doc>Robot keyword to append a row.</doc>
<status status="PASS" start="2026-02-11T11:03:07.577881" elapsed="0.035370"/>
</kw>
<var name="${method}">GET</var>
<status status="PASS" start="2026-02-11T11:03:06.549079" elapsed="1.065115"/>
</iter>
<var>${method}</var>
<value>@{endpoint['methods']}</value>
<status status="PASS" start="2026-02-11T11:03:06.547693" elapsed="1.066791"/>
</for>
<var name="${node}">tableById</var>
<status status="PASS" start="2026-02-11T11:03:06.543761" elapsed="1.070872"/>
</iter>
<iter>
<kw name="Set Variable" owner="BuiltIn">
<msg time="2026-02-11T11:03:07.616738" level="INFO">${endpoint} = {'path': '/_v/sizes-table/table/params', 'methods': ['POST']}</msg>
<var>${endpoint}</var>
<arg>${path_data}[${node}]</arg>
<doc>Returns the given values which can then be assigned to a variables.</doc>
<status status="PASS" start="2026-02-11T11:03:07.615980" elapsed="0.001076"/>
</kw>
<kw name="Set Variable" owner="BuiltIn">
<msg time="2026-02-11T11:03:07.618858" level="INFO">${path} = /_v/sizes-table/table/params</msg>
<var>${path}</var>
<arg>${endpoint['path']}</arg>
<doc>Returns the given values which can then be assigned to a variables.</doc>
<status status="PASS" start="2026-02-11T11:03:07.617370" elapsed="0.002251"/>
</kw>
<for flavor="IN">
<iter>
<kw name="Log To Console" owner="BuiltIn">
<arg>Testing environment ${env} url ${url} endpoint ${node} with path: ${path} and method: ${method}</arg>
<doc>Logs the given message to the console.</doc>
<status status="PASS" start="2026-02-11T11:03:07.622067" elapsed="0.001347"/>
</kw>
<kw name="Create API Session And Execute" owner="http_keywords">
<kw name="Create Session" owner="RequestsLibrary">
<msg time="2026-02-11T11:03:07.625929" level="INFO">Creating Session using : alias=api, url=https://siman.myvtex.com, headers={},                     cookies={}, auth=None, timeout=None, proxies=None, verify=True,                     debug=0 </msg>
<arg>api</arg>
<arg>${base_url}</arg>
<arg>verify=true</arg>
<doc>Create Session: create a HTTP session to a server</doc>
<status status="PASS" start="2026-02-11T11:03:07.625230" elapsed="0.001295"/>
</kw>
<kw name="Run Keyword And Ignore Error" owner="BuiltIn">
<kw name="Execute API Request" owner="http_keywords">
<if>
<branch type="IF" condition="'${method}' == 'GET'">
<kw name="GET On Session" owner="RequestsLibrary">
<var>${response}</var>
<arg>api</arg>
<arg>${path}</arg>
<doc>Sends a GET request on a previously created HTTP Session.</doc>
<status status="NOT RUN" start="2026-02-11T11:03:07.631162" elapsed="0.000511"/>
</kw>
<kw name="Log To Console" owner="BuiltIn">
<arg>${response.status_code}</arg>
<doc>Logs the given message to the console.</doc>
<status status="NOT RUN" start="2026-02-11T11:03:07.632115" elapsed="0.000437"/>
</kw>
<return>
<value>${response}</value>
<status status="NOT RUN" start="2026-02-11T11:03:07.632828" elapsed="0.000366"/>
</return>
<status status="NOT RUN" start="2026-02-11T11:03:07.630230" elapsed="0.003107"/>
</branch>
<branch type="ELSE IF" condition="'${method}' == 'POST'">
<kw name="POST On Session" owner="RequestsLibrary">
<msg time="2026-02-11T11:03:08.669720" level="INFO">POST Request : url=https://siman.myvtex.com/_v/sizes-table/table/params 
 path_url=/_v/sizes-table/table/params 
 headers={'User-Agent': 'python-requests/2.32.5', 'Accept-Encoding': 'gzip, deflate, zstd', 'Accept': '*/*', 'Connection': 'keep-alive', 'Content-Length': '0'} 
 body=None 
 </msg>
<msg time="2026-02-11T11:03:08.670866" level="INFO">POST Response : url=https://siman.myvtex.com/_v/sizes-table/table/params 
 status=200, reason=OK 
 headers={'Content-Type': 'application/json; charset=utf-8', 'Content-Length': '2', 'Connection': 'keep-alive', 'Date': 'Wed, 11 Feb 2026 17:03:08 GMT', 'X-Vtex-Io-Cluster-Id': 'prod-dj-ioadmin-eks-use1a-n4k', 'Set-Cookie': 'VtexWorkspace=master%3A-; expires=Thu, 12 Feb 2026 17:03:08 GMT; path=/; secure; samesite=none', 'Vary': 'Accept-Encoding', 'X-VTEX-Janus-Router-Backend-App': 'io-admins-vadmin-group-1+2-1a-n4k', 'X-Request-ID': '5940f0cfe3ad443f83ff39f029fd8567', 'X-Vtex-Router-Version': '9.17.19', 'X-Vtex-Router-Elapsed-Time': '00:00:00.0069934', 'X-Vtex-Backend-Elapsed-Time': '00:00:00.0033953', 'X-Cache': 'Miss from cloudfront', 'Via': '1.1 92b0aae16555572f654690c9e7efa280.cloudfront.net (CloudFront)', 'X-Amz-Cf-Pop': 'MIA3-P3', 'X-Amz-Cf-Id': 'ApPqSzU-XRZIrK1g19DE6LfLIow2RGe4-BTEg4-HiTFoTP9Z8go1bQ=='} 
 body=[] 
 </msg>
<msg time="2026-02-11T11:03:08.671643" level="INFO">${response} = &lt;Response [200]&gt;</msg>
<var>${response}</var>
<arg>api</arg>
<arg>${path}</arg>
<doc>Sends a POST request on a previously created HTTP Session.</doc>
<status status="PASS" start="2026-02-11T11:03:07.634406" elapsed="1.037899"/>
</kw>
<kw name="Log To Console" owner="BuiltIn">
<arg>${response.status_code}</arg>
<doc>Logs the given message to the console.</doc>
<status status="PASS" start="2026-02-11T11:03:08.672873" elapsed="0.002358"/>
</kw>
<return>
<value>${response}</value>
<status status="PASS" start="2026-02-11T11:03:08.675744" elapsed="0.000644"/>
</return>
<status status="PASS" start="2026-02-11T11:03:07.633530" elapsed="1.043116"/>
</branch>
<branch type="ELSE IF" condition="'${method}' == 'PUT'">
<kw name="PUT On Session" owner="RequestsLibrary">
<var>${response}</var>
<arg>api</arg>
<arg>${path}</arg>
<doc>Sends a PUT request on a previously created HTTP Session.</doc>
<status status="NOT RUN" start="2026-02-11T11:03:08.677842" elapsed="0.000447"/>
</kw>
<kw name="Log To Console" owner="BuiltIn">
<arg>${response.status_code}</arg>
<doc>Logs the given message to the console.</doc>
<status status="NOT RUN" start="2026-02-11T11:03:08.678694" elapsed="0.000351"/>
</kw>
<return>
<value>${response}</value>
<status status="NOT RUN" start="2026-02-11T11:03:08.679259" elapsed="0.000237"/>
</return>
<status status="NOT RUN" start="2026-02-11T11:03:08.677033" elapsed="0.002578"/>
</branch>
<branch type="ELSE IF" condition="'${method}' == 'DELETE'">
<kw name="DELETE On Session" owner="RequestsLibrary">
<var>${response}</var>
<arg>api</arg>
<arg>${path}</arg>
<doc>Sends a DELETE request on a previously created HTTP Session.</doc>
<status status="NOT RUN" start="2026-02-11T11:03:08.680273" elapsed="0.000345"/>
</kw>
<kw name="Log To Console" owner="BuiltIn">
<arg>${response.status_code}</arg>
<doc>Logs the given message to the console.</doc>
<status status="NOT RUN" start="2026-02-11T11:03:08.680926" elapsed="0.000261"/>
</kw>
<return>
<value>${response}</value>
<status status="NOT RUN" start="2026-02-11T11:03:08.681371" elapsed="0.000185"/>
</return>
<status status="NOT RUN" start="2026-02-11T11:03:08.679765" elapsed="0.001892"/>
</branch>
<status status="PASS" start="2026-02-11T11:03:07.630121" elapsed="1.051688"/>
</if>
<arg>${method}</arg>
<arg>${path}</arg>
<doc>Execute an API request based on the method and path.</doc>
<status status="PASS" start="2026-02-11T11:03:07.628387" elapsed="1.053766"/>
</kw>
<msg time="2026-02-11T11:03:08.682537" level="INFO">${status} = PASS</msg>
<msg time="2026-02-11T11:03:08.683565" level="INFO">${result} = &lt;Response [200]&gt;</msg>
<var>${status}</var>
<var>${result}</var>
<arg>Execute API Request</arg>
<arg>${method}</arg>
<arg>${path}</arg>
<doc>Runs the given keyword with the given arguments and ignores possible error.</doc>
<status status="PASS" start="2026-02-11T11:03:07.626888" elapsed="1.057700"/>
</kw>
<if>
<branch type="IF" condition="'${status}' == 'PASS'">
<kw name="Log To Console" owner="BuiltIn">
<arg>${result.status_code}</arg>
<doc>Logs the given message to the console.</doc>
<status status="PASS" start="2026-02-11T11:03:08.686802" elapsed="0.002551"/>
</kw>
<return>
<value>${result}</value>
<status status="PASS" start="2026-02-11T11:03:08.690037" elapsed="0.000621"/>
</return>
<status status="PASS" start="2026-02-11T11:03:08.685391" elapsed="0.005507"/>
</branch>
<branch type="ELSE">
<kw name="Log To Console" owner="BuiltIn">
<arg>Error with method: ${method} and path: ${path} - ${result}</arg>
<doc>Logs the given message to the console.</doc>
<status status="NOT RUN" start="2026-02-11T11:03:08.691797" elapsed="0.000773"/>
</kw>
<return>
<value>${result}</value>
<status status="NOT RUN" start="2026-02-11T11:03:08.693084" elapsed="0.000600"/>
</return>
<status status="NOT RUN" start="2026-02-11T11:03:08.691032" elapsed="0.003022"/>
</branch>
<status status="PASS" start="2026-02-11T11:03:08.685275" elapsed="0.008922"/>
</if>
<msg time="2026-02-11T11:03:08.694561" level="INFO">${response} = &lt;Response [200]&gt;</msg>
<var>${response}</var>
<arg>${url}</arg>
<arg>${method}</arg>
<arg>${path}</arg>
<doc>Create an API session and execute the request.</doc>
<status status="PASS" start="2026-02-11T11:03:07.624151" elapsed="1.071235"/>
</kw>
<kw name="Set Variable If" owner="BuiltIn">
<msg time="2026-02-11T11:03:08.697427" level="INFO">${expected} = 200</msg>
<var>${expected}</var>
<arg>'${method}' == 'POST'</arg>
<arg>200</arg>
<arg>405</arg>
<doc>Sets variable based on the given condition.</doc>
<status status="PASS" start="2026-02-11T11:03:08.695931" elapsed="0.002118"/>
</kw>
<kw name="Run Keyword And Return Status" owner="BuiltIn">
<kw name="Should Be Equal As Integers" owner="BuiltIn">
<msg time="2026-02-11T11:03:08.702451" level="INFO">Argument types are:
&lt;class 'int'&gt;
&lt;class 'str'&gt;</msg>
<arg>${response.status_code}</arg>
<arg>${expected}</arg>
<doc>Fails if objects are unequal after converting them to integers.</doc>
<status status="PASS" start="2026-02-11T11:03:08.700582" elapsed="0.002916"/>
</kw>
<msg time="2026-02-11T11:03:08.703949" level="INFO">${passed} = True</msg>
<var>${passed}</var>
<arg>Should Be Equal As Integers</arg>
<arg>${response.status_code}</arg>
<arg>${expected}</arg>
<doc>Runs the given keyword with given arguments and returns the status as a Boolean value.</doc>
<status status="PASS" start="2026-02-11T11:03:08.699062" elapsed="0.005163"/>
</kw>
<if>
<branch type="IF" condition="${passed}">
<kw name="Log" owner="BuiltIn">
<msg time="2026-02-11T11:03:08.706936" level="INFO">Unexpected response 200 (expected 200) — continuing</msg>
<arg>Unexpected response ${response.status_code} (expected ${expected}) — continuing</arg>
<doc>Logs the given message with the given level.</doc>
<status status="PASS" start="2026-02-11T11:03:08.705234" elapsed="0.002442"/>
</kw>
<status status="PASS" start="2026-02-11T11:03:08.704571" elapsed="0.003445"/>
</branch>
<status status="PASS" start="2026-02-11T11:03:08.704510" elapsed="0.003610"/>
</if>
<kw name="Set Variable If" owner="BuiltIn">
<msg time="2026-02-11T11:03:08.709114" level="INFO">${result} = PASS</msg>
<var>${result}</var>
<arg>${passed}</arg>
<arg>PASS</arg>
<arg>FAIL</arg>
<doc>Sets variable based on the given condition.</doc>
<status status="PASS" start="2026-02-11T11:03:08.708340" elapsed="0.001254"/>
</kw>
<kw name="Append Result" owner="excel_writer">
<arg>${env}</arg>
<arg>${url}</arg>
<arg>${node}</arg>
<arg>${path}</arg>
<arg>${method}</arg>
<arg>${result}</arg>
<doc>Robot keyword to append a row.</doc>
<status status="PASS" start="2026-02-11T11:03:08.709985" elapsed="0.038113"/>
</kw>
<var name="${method}">POST</var>
<status status="PASS" start="2026-02-11T11:03:07.621496" elapsed="1.126929"/>
</iter>
<var>${method}</var>
<value>@{endpoint['methods']}</value>
<status status="PASS" start="2026-02-11T11:03:07.620006" elapsed="1.128542"/>
</for>
<var name="${node}">tableByParams</var>
<status status="PASS" start="2026-02-11T11:03:07.615289" elapsed="1.133377"/>
</iter>
<iter>
<kw name="Set Variable" owner="BuiltIn">
<msg time="2026-02-11T11:03:08.750424" level="INFO">${endpoint} = {'path': '/_v/sizes-table/restore/', 'methods': ['POST']}</msg>
<var>${endpoint}</var>
<arg>${path_data}[${node}]</arg>
<doc>Returns the given values which can then be assigned to a variables.</doc>
<status status="PASS" start="2026-02-11T11:03:08.749653" elapsed="0.001082"/>
</kw>
<kw name="Set Variable" owner="BuiltIn">
<msg time="2026-02-11T11:03:08.752683" level="INFO">${path} = /_v/sizes-table/restore/</msg>
<var>${path}</var>
<arg>${endpoint['path']}</arg>
<doc>Returns the given values which can then be assigned to a variables.</doc>
<status status="PASS" start="2026-02-11T11:03:08.751118" elapsed="0.002122"/>
</kw>
<for flavor="IN">
<iter>
<kw name="Log To Console" owner="BuiltIn">
<arg>Testing environment ${env} url ${url} endpoint ${node} with path: ${path} and method: ${method}</arg>
<doc>Logs the given message to the console.</doc>
<status status="PASS" start="2026-02-11T11:03:08.755794" elapsed="0.001159"/>
</kw>
<kw name="Create API Session And Execute" owner="http_keywords">
<kw name="Create Session" owner="RequestsLibrary">
<msg time="2026-02-11T11:03:08.759610" level="INFO">Creating Session using : alias=api, url=https://siman.myvtex.com, headers={},                     cookies={}, auth=None, timeout=None, proxies=None, verify=True,                     debug=0 </msg>
<arg>api</arg>
<arg>${base_url}</arg>
<arg>verify=true</arg>
<doc>Create Session: create a HTTP session to a server</doc>
<status status="PASS" start="2026-02-11T11:03:08.758866" elapsed="0.001353"/>
</kw>
<kw name="Run Keyword And Ignore Error" owner="BuiltIn">
<kw name="Execute API Request" owner="http_keywords">
<if>
<branch type="IF" condition="'${method}' == 'GET'">
<kw name="GET On Session" owner="RequestsLibrary">
<var>${response}</var>
<arg>api</arg>
<arg>${path}</arg>
<doc>Sends a GET request on a previously created HTTP Session.</doc>
<status status="NOT RUN" start="2026-02-11T11:03:08.764712" elapsed="0.000418"/>
</kw>
<kw name="Log To Console" owner="BuiltIn">
<arg>${response.status_code}</arg>
<doc>Logs the given message to the console.</doc>
<status status="NOT RUN" start="2026-02-11T11:03:08.765477" elapsed="0.000313"/>
</kw>
<return>
<value>${response}</value>
<status status="NOT RUN" start="2026-02-11T11:03:08.765975" elapsed="0.000187"/>
</return>
<status status="NOT RUN" start="2026-02-11T11:03:08.763962" elapsed="0.002304"/>
</branch>
<branch type="ELSE IF" condition="'${method}' == 'POST'">
<kw name="POST On Session" owner="RequestsLibrary">
<msg time="2026-02-11T11:03:09.749037" level="INFO">POST Request : url=https://siman.myvtex.com/_v/sizes-table/restore/ 
 path_url=/_v/sizes-table/restore/ 
 headers={'User-Agent': 'python-requests/2.32.5', 'Accept-Encoding': 'gzip, deflate, zstd', 'Accept': '*/*', 'Connection': 'keep-alive', 'Content-Length': '0'} 
 body=None 
 </msg>
<msg time="2026-02-11T11:03:09.749571" level="INFO">POST Response : url=https://siman.myvtex.com/_v/sizes-table/restore/ 
 status=401, reason=Unauthorized 
 headers={'Content-Type': 'application/json; charset=utf-8', 'Content-Length': '27', 'Connection': 'keep-alive', 'Date': 'Wed, 11 Feb 2026 17:03:09 GMT', 'X-Vtex-Io-Cluster-Id': 'prod-dj-ioadmin-eks-use1d-w1s', 'Cache-Control': 'no-cache, no-store', 'Pragma': 'no-cache, no-store', 'Set-Cookie': 'VtexWorkspace=master%3A-; expires=Thu, 12 Feb 2026 17:03:09 GMT; path=/; secure; samesite=none', 'Vary': 'Accept-Encoding', 'X-VTEX-Janus-Router-Backend-App': 'io-admins-vadmin-group-2+3-1d-w1s', 'X-Request-ID': '56aa3f61014d4247984b2b85d389ab97', 'X-Vtex-Router-Version': '9.17.19', 'X-Vtex-Router-Elapsed-Time': '00:00:00.0022315', 'X-Vtex-Backend-Elapsed-Time': '00:00:00.0015816', 'X-Cache': 'Error from cloudfront', 'Via': '1.1 9700dbefcaf4a5da8ff0c118308f25e6.cloudfront.net (CloudFront)', 'X-Amz-Cf-Pop': 'MIA3-P3', 'X-Amz-Cf-Id': 'CRlzzgm1OBWNIqsotqbQZbhd0CAG7XKyojim-LauTwfP70Tn0vDHhQ=='} 
 body={"error":"Missing cookies"} 
 </msg>
<msg time="2026-02-11T11:03:09.750352" level="FAIL">HTTPError: 401 Client Error: Unauthorized for url: https://siman.myvtex.com/_v/sizes-table/restore/</msg>
<var>${response}</var>
<arg>api</arg>
<arg>${path}</arg>
<doc>Sends a POST request on a previously created HTTP Session.</doc>
<status status="FAIL" start="2026-02-11T11:03:08.766913" elapsed="0.994202">HTTPError: 401 Client Error: Unauthorized for url: https://siman.myvtex.com/_v/sizes-table/restore/</status>
</kw>
<kw name="Log To Console" owner="BuiltIn">
<arg>${response.status_code}</arg>
<doc>Logs the given message to the console.</doc>
<status status="NOT RUN" start="2026-02-11T11:03:09.761745" elapsed="0.000407"/>
</kw>
<return>
<value>${response}</value>
<status status="NOT RUN" start="2026-02-11T11:03:09.762349" elapsed="0.000201"/>
</return>
<status status="FAIL" start="2026-02-11T11:03:08.766392" elapsed="0.996306">HTTPError: 401 Client Error: Unauthorized for url: https://siman.myvtex.com/_v/sizes-table/restore/</status>
</branch>
<branch type="ELSE IF" condition="'${method}' == 'PUT'">
<kw name="PUT On Session" owner="RequestsLibrary">
<var>${response}</var>
<arg>api</arg>
<arg>${path}</arg>
<doc>Sends a PUT request on a previously created HTTP Session.</doc>
<status status="NOT RUN" start="2026-02-11T11:03:09.763276" elapsed="0.000328"/>
</kw>
<kw name="Log To Console" owner="BuiltIn">
<arg>${response.status_code}</arg>
<doc>Logs the given message to the console.</doc>
<status status="NOT RUN" start="2026-02-11T11:03:09.763917" elapsed="0.000269"/>
</kw>
<return>
<value>${response}</value>
<status status="NOT RUN" start="2026-02-11T11:03:09.764359" elapsed="0.000176"/>
</return>
<status status="NOT RUN" start="2026-02-11T11:03:09.762843" elapsed="0.001791"/>
</branch>
<branch type="ELSE IF" condition="'${method}' == 'DELETE'">
<kw name="DELETE On Session" owner="RequestsLibrary">
<var>${response}</var>
<arg>api</arg>
<arg>${path}</arg>
<doc>Sends a DELETE request on a previously created HTTP Session.</doc>
<status status="NOT RUN" start="2026-02-11T11:03:09.765095" elapsed="0.000265"/>
</kw>
<kw name="Log To Console" owner="BuiltIn">
<arg>${response.status_code}</arg>
<doc>Logs the given message to the console.</doc>
<status status="NOT RUN" start="2026-02-11T11:03:09.765706" elapsed="0.000297"/>
</kw>
<return>
<value>${response}</value>
<status status="NOT RUN" start="2026-02-11T11:03:09.766185" elapsed="0.000180"/>
</return>
<status status="NOT RUN" start="2026-02-11T11:03:09.764756" elapsed="0.001733"/>
</branch>
<status status="FAIL" start="2026-02-11T11:03:08.763875" elapsed="1.002773">HTTPError: 401 Client Error: Unauthorized for url: https://siman.myvtex.com/_v/sizes-table/restore/</status>
</if>
<arg>${method}</arg>
<arg>${path}</arg>
<doc>Execute an API request based on the method and path.</doc>
<status status="FAIL" start="2026-02-11T11:03:08.762418" elapsed="1.004513">HTTPError: 401 Client Error: Unauthorized for url: https://siman.myvtex.com/_v/sizes-table/restore/</status>
</kw>
<msg time="2026-02-11T11:03:09.767390" level="INFO">${status} = FAIL</msg>
<msg time="2026-02-11T11:03:09.768308" level="INFO">${result} = HTTPError: 401 Client Error: Unauthorized for url: https://siman.myvtex.com/_v/sizes-table/restore/</msg>
<var>${status}</var>
<var>${result}</var>
<arg>Execute API Request</arg>
<arg>${method}</arg>
<arg>${path}</arg>
<doc>Runs the given keyword with the given arguments and ignores possible error.</doc>
<status status="PASS" start="2026-02-11T11:03:08.760585" elapsed="1.008277"/>
</kw>
<if>
<branch type="IF" condition="'${status}' == 'PASS'">
<kw name="Log To Console" owner="BuiltIn">
<arg>${result.status_code}</arg>
<doc>Logs the given message to the console.</doc>
<status status="NOT RUN" start="2026-02-11T11:03:09.770384" elapsed="0.000643"/>
</kw>
<return>
<value>${result}</value>
<status status="NOT RUN" start="2026-02-11T11:03:09.771385" elapsed="0.000405"/>
</return>
<status status="NOT RUN" start="2026-02-11T11:03:09.769346" elapsed="0.002616"/>
</branch>
<branch type="ELSE">
<kw name="Log To Console" owner="BuiltIn">
<arg>Error with method: ${method} and path: ${path} - ${result}</arg>
<doc>Logs the given message to the console.</doc>
<status status="PASS" start="2026-02-11T11:03:09.772733" elapsed="0.001373"/>
</kw>
<return>
<value>${result}</value>
<status status="PASS" start="2026-02-11T11:03:09.774986" elapsed="0.000879"/>
</return>
<status status="PASS" start="2026-02-11T11:03:09.772072" elapsed="0.004083"/>
</branch>
<status status="PASS" start="2026-02-11T11:03:09.769276" elapsed="0.006978"/>
</if>
<msg time="2026-02-11T11:03:09.776582" level="INFO">${response} = HTTPError: 401 Client Error: Unauthorized for url: https://siman.myvtex.com/_v/sizes-table/restore/</msg>
<var>${response}</var>
<arg>${url}</arg>
<arg>${method}</arg>
<arg>${path}</arg>
<doc>Create an API session and execute the request.</doc>
<status status="PASS" start="2026-02-11T11:03:08.757713" elapsed="1.019345"/>
</kw>
<kw name="Set Variable If" owner="BuiltIn">
<msg time="2026-02-11T11:03:09.778629" level="INFO">${expected} = 200</msg>
<var>${expected}</var>
<arg>'${method}' == 'POST'</arg>
<arg>200</arg>
<arg>405</arg>
<doc>Sets variable based on the given condition.</doc>
<status status="PASS" start="2026-02-11T11:03:09.777543" elapsed="0.001432"/>
</kw>
<kw name="Run Keyword And Return Status" owner="BuiltIn">
<kw name="Should Be Equal As Integers" owner="BuiltIn">
<msg time="2026-02-11T11:03:09.781449" level="FAIL">Resolving variable '${response.status_code}' failed: AttributeError: 'str' object has no attribute 'status_code'</msg>
<arg>${response.status_code}</arg>
<arg>${expected}</arg>
<doc>Fails if objects are unequal after converting them to integers.</doc>
<status status="FAIL" start="2026-02-11T11:03:09.780148" elapsed="0.008902">Resolving variable '${response.status_code}' failed: AttributeError: 'str' object has no attribute 'status_code'</status>
</kw>
<msg time="2026-02-11T11:03:09.789577" level="INFO">${passed} = False</msg>
<var>${passed}</var>
<arg>Should Be Equal As Integers</arg>
<arg>${response.status_code}</arg>
<arg>${expected}</arg>
<doc>Runs the given keyword with given arguments and returns the status as a Boolean value.</doc>
<status status="PASS" start="2026-02-11T11:03:09.779361" elapsed="0.010834"/>
</kw>
<if>
<branch type="IF" condition="${passed}">
<kw name="Log" owner="BuiltIn">
<arg>Unexpected response ${response.status_code} (expected ${expected}) — continuing</arg>
<doc>Logs the given message with the given level.</doc>
<status status="NOT RUN" start="2026-02-11T11:03:09.791938" elapsed="0.000729"/>
</kw>
<status status="NOT RUN" start="2026-02-11T11:03:09.790935" elapsed="0.002265"/>
</branch>
<status status="PASS" start="2026-02-11T11:03:09.790817" elapsed="0.002554"/>
</if>
<kw name="Set Variable If" owner="BuiltIn">
<msg time="2026-02-11T11:03:09.794891" level="INFO">${result} = FAIL</msg>
<var>${result}</var>
<arg>${passed}</arg>
<arg>PASS</arg>
<arg>FAIL</arg>
<doc>Sets variable based on the given condition.</doc>
<status status="PASS" start="2026-02-11T11:03:09.793830" elapsed="0.001404"/>
</kw>
<kw name="Append Result" owner="excel_writer">
<arg>${env}</arg>
<arg>${url}</arg>
<arg>${node}</arg>
<arg>${path}</arg>
<arg>${method}</arg>
<arg>${result}</arg>
<doc>Robot keyword to append a row.</doc>
<status status="PASS" start="2026-02-11T11:03:09.795624" elapsed="0.036433"/>
</kw>
<var name="${method}">POST</var>
<status status="PASS" start="2026-02-11T11:03:08.755198" elapsed="1.077222"/>
</iter>
<var>${method}</var>
<value>@{endpoint['methods']}</value>
<status status="PASS" start="2026-02-11T11:03:08.753628" elapsed="1.078922"/>
</for>
<var name="${node}">restore</var>
<status status="PASS" start="2026-02-11T11:03:08.749158" elapsed="1.083521"/>
</iter>
<var>${node}</var>
<value>@{node_keys}</value>
<status status="PASS" start="2026-02-11T11:03:04.296879" elapsed="5.535889"/>
</for>
<var name="${url}">https://siman.myvtex.com</var>
<status status="PASS" start="2026-02-11T11:03:04.294454" elapsed="5.538412"/>
</iter>
<iter>
<kw name="Evaluate" owner="BuiltIn">
<msg time="2026-02-11T11:03:09.835027" level="INFO">${node_keys} = ['tables', 'tableById', 'tableByParams', 'restore']</msg>
<var>${node_keys}</var>
<arg>list(${path_data}.keys())</arg>
<doc>Evaluates the given expression in Python and returns the result.</doc>
<status status="PASS" start="2026-02-11T11:03:09.833906" elapsed="0.001480"/>
</kw>
<for flavor="IN">
<iter>
<kw name="Set Variable" owner="BuiltIn">
<msg time="2026-02-11T11:03:09.838283" level="INFO">${endpoint} = {'path': '/_v/sizes-table/table', 'methods': ['GET', 'PUT']}</msg>
<var>${endpoint}</var>
<arg>${path_data}[${node}]</arg>
<doc>Returns the given values which can then be assigned to a variables.</doc>
<status status="PASS" start="2026-02-11T11:03:09.837485" elapsed="0.001276"/>
</kw>
<kw name="Set Variable" owner="BuiltIn">
<msg time="2026-02-11T11:03:09.840320" level="INFO">${path} = /_v/sizes-table/table</msg>
<var>${path}</var>
<arg>${endpoint['path']}</arg>
<doc>Returns the given values which can then be assigned to a variables.</doc>
<status status="PASS" start="2026-02-11T11:03:09.839105" elapsed="0.001738"/>
</kw>
<for flavor="IN">
<iter>
<kw name="Log To Console" owner="BuiltIn">
<arg>Testing environment ${env} url ${url} endpoint ${node} with path: ${path} and method: ${method}</arg>
<doc>Logs the given message to the console.</doc>
<status status="PASS" start="2026-02-11T11:03:09.843477" elapsed="0.001131"/>
</kw>
<kw name="Create API Session And Execute" owner="http_keywords">
<kw name="Create Session" owner="RequestsLibrary">
<msg time="2026-02-11T11:03:09.847601" level="INFO">Creating Session using : alias=api, url=https://simanguatemala.myvtex.com, headers={},                     cookies={}, auth=None, timeout=None, proxies=None, verify=True,                     debug=0 </msg>
<arg>api</arg>
<arg>${base_url}</arg>
<arg>verify=true</arg>
<doc>Create Session: create a HTTP session to a server</doc>
<status status="PASS" start="2026-02-11T11:03:09.846746" elapsed="0.001566"/>
</kw>
<kw name="Run Keyword And Ignore Error" owner="BuiltIn">
<kw name="Execute API Request" owner="http_keywords">
<if>
<branch type="IF" condition="'${method}' == 'GET'">
<kw name="GET On Session" owner="RequestsLibrary">
<msg time="2026-02-11T11:03:10.893946" level="INFO">GET Request : url=https://simanguatemala.myvtex.com/_v/sizes-table/table 
 path_url=/_v/sizes-table/table 
 headers={'User-Agent': 'python-requests/2.32.5', 'Accept-Encoding': 'gzip, deflate, zstd', 'Accept': '*/*', 'Connection': 'keep-alive'} 
 body=None 
 </msg>
<msg time="2026-02-11T11:03:10.894460" level="INFO">GET Response : url=https://simanguatemala.myvtex.com/_v/sizes-table/table 
 status=401, reason=Unauthorized 
 headers={'Content-Type': 'application/json; charset=utf-8', 'Content-Length': '27', 'Connection': 'keep-alive', 'Date': 'Wed, 11 Feb 2026 17:03:10 GMT', 'X-Vtex-Io-Cluster-Id': 'prod-dj-ioadmin-eks-use1a-n4k', 'Cache-Control': 'no-cache, no-store', 'Pragma': 'no-cache, no-store', 'Set-Cookie': 'VtexWorkspace=master%3A-; expires=Thu, 12 Feb 2026 17:03:10 GMT; path=/; secure; samesite=none', 'X-VTEX-Janus-Router-Backend-App': 'io-admins-vadmin-group-1+2-1a-n4k', 'X-Router-Cache': 'MISS', 'X-Request-ID': 'f0f37b5d3a1e4ee2909eb152a9757479', 'X-Vtex-Router-Version': '9.17.19', 'X-Vtex-Router-Elapsed-Time': '00:00:00.0083389', 'X-Vtex-Backend-Elapsed-Time': '00:00:00.0029058', 'Vary': 'Accept-Encoding', 'X-Cache': 'Error from cloudfront', 'Via': '1.1 f6f4782af042282825a7e9efc782df96.cloudfront.net (CloudFront)', 'X-Amz-Cf-Pop': 'MIA3-P3', 'X-Amz-Cf-Id': 'I5s0CUFJxXqM32JspDEraMM_jb9IANwGr2GNyZ-oSgGWuj38wY9QAA=='} 
 body={"error":"Missing cookies"} 
 </msg>
<msg time="2026-02-11T11:03:10.895280" level="FAIL">HTTPError: 401 Client Error: Unauthorized for url: https://simanguatemala.myvtex.com/_v/sizes-table/table</msg>
<var>${response}</var>
<arg>api</arg>
<arg>${path}</arg>
<doc>Sends a GET request on a previously created HTTP Session.</doc>
<status status="FAIL" start="2026-02-11T11:03:09.854356" elapsed="1.049859">HTTPError: 401 Client Error: Unauthorized for url: https://simanguatemala.myvtex.com/_v/sizes-table/table</status>
</kw>
<kw name="Log To Console" owner="BuiltIn">
<arg>${response.status_code}</arg>
<doc>Logs the given message to the console.</doc>
<status status="NOT RUN" start="2026-02-11T11:03:10.904662" elapsed="0.000379"/>
</kw>
<return>
<value>${response}</value>
<status status="NOT RUN" start="2026-02-11T11:03:10.905259" elapsed="0.000289"/>
</return>
<status status="FAIL" start="2026-02-11T11:03:09.853541" elapsed="1.052181">HTTPError: 401 Client Error: Unauthorized for url: https://simanguatemala.myvtex.com/_v/sizes-table/table</status>
</branch>
<branch type="ELSE IF" condition="'${method}' == 'POST'">
<kw name="POST On Session" owner="RequestsLibrary">
<var>${response}</var>
<arg>api</arg>
<arg>${path}</arg>
<doc>Sends a POST request on a previously created HTTP Session.</doc>
<status status="NOT RUN" start="2026-02-11T11:03:10.906325" elapsed="0.000279"/>
</kw>
<kw name="Log To Console" owner="BuiltIn">
<arg>${response.status_code}</arg>
<doc>Logs the given message to the console.</doc>
<status status="NOT RUN" start="2026-02-11T11:03:10.906876" elapsed="0.000231"/>
</kw>
<return>
<value>${response}</value>
<status status="NOT RUN" start="2026-02-11T11:03:10.907277" elapsed="0.000174"/>
</return>
<status status="NOT RUN" start="2026-02-11T11:03:10.905874" elapsed="0.001677"/>
</branch>
<branch type="ELSE IF" condition="'${method}' == 'PUT'">
<kw name="PUT On Session" owner="RequestsLibrary">
<var>${response}</var>
<arg>api</arg>
<arg>${path}</arg>
<doc>Sends a PUT request on a previously created HTTP Session.</doc>
<status status="NOT RUN" start="2026-02-11T11:03:10.908011" elapsed="0.000299"/>
</kw>
<kw name="Log To Console" owner="BuiltIn">
<arg>${response.status_code}</arg>
<doc>Logs the given message to the console.</doc>
<status status="NOT RUN" start="2026-02-11T11:03:10.908601" elapsed="0.000250"/>
</kw>
<return>
<value>${response}</value>
<status status="NOT RUN" start="2026-02-11T11:03:10.909019" elapsed="0.000173"/>
</return>
<status status="NOT RUN" start="2026-02-11T11:03:10.907669" elapsed="0.001622"/>
</branch>
<branch type="ELSE IF" condition="'${method}' == 'DELETE'">
<kw name="DELETE On Session" owner="RequestsLibrary">
<var>${response}</var>
<arg>api</arg>
<arg>${path}</arg>
<doc>Sends a DELETE request on a previously created HTTP Session.</doc>
<status status="NOT RUN" start="2026-02-11T11:03:10.909739" elapsed="0.000242"/>
</kw>
<kw name="Log To Console" owner="BuiltIn">
<arg>${response.status_code}</arg>
<doc>Logs the given message to the console.</doc>
<status status="NOT RUN" start="2026-02-11T11:03:10.910257" elapsed="0.000228"/>
</kw>
<return>
<value>${response}</value>
<status status="NOT RUN" start="2026-02-11T11:03:10.910654" elapsed="0.000170"/>
</return>
<status status="NOT RUN" start="2026-02-11T11:03:10.909407" elapsed="0.001514"/>
</branch>
<status status="FAIL" start="2026-02-11T11:03:09.853440" elapsed="1.057607">HTTPError: 401 Client Error: Unauthorized for url: https://simanguatemala.myvtex.com/_v/sizes-table/table</status>
</if>
<arg>${method}</arg>
<arg>${path}</arg>
<doc>Execute an API request based on the method and path.</doc>
<status status="FAIL" start="2026-02-11T11:03:09.851450" elapsed="1.059878">HTTPError: 401 Client Error: Unauthorized for url: https://simanguatemala.myvtex.com/_v/sizes-table/table</status>
</kw>
<msg time="2026-02-11T11:03:10.911734" level="INFO">${status} = FAIL</msg>
<msg time="2026-02-11T11:03:10.912091" level="INFO">${result} = HTTPError: 401 Client Error: Unauthorized for url: https://simanguatemala.myvtex.com/_v/sizes-table/table</msg>
<var>${status}</var>
<var>${result}</var>
<arg>Execute API Request</arg>
<arg>${method}</arg>
<arg>${path}</arg>
<doc>Runs the given keyword with the given arguments and ignores possible error.</doc>
<status status="PASS" start="2026-02-11T11:03:09.848750" elapsed="1.064373"/>
</kw>
<if>
<branch type="IF" condition="'${status}' == 'PASS'">
<kw name="Log To Console" owner="BuiltIn">
<arg>${result.status_code}</arg>
<doc>Logs the given message to the console.</doc>
<status status="NOT RUN" start="2026-02-11T11:03:10.914673" elapsed="0.000684"/>
</kw>
<return>
<value>${result}</value>
<status status="NOT RUN" start="2026-02-11T11:03:10.915749" elapsed="0.000335"/>
</return>
<status status="NOT RUN" start="2026-02-11T11:03:10.913647" elapsed="0.002642"/>
</branch>
<branch type="ELSE">
<kw name="Log To Console" owner="BuiltIn">
<arg>Error with method: ${method} and path: ${path} - ${result}</arg>
<doc>Logs the given message to the console.</doc>
<status status="PASS" start="2026-02-11T11:03:10.916881" elapsed="0.001144"/>
</kw>
<return>
<value>${result}</value>
<status status="PASS" start="2026-02-11T11:03:10.918691" elapsed="0.000425"/>
</return>
<status status="PASS" start="2026-02-11T11:03:10.916384" elapsed="0.002899"/>
</branch>
<status status="PASS" start="2026-02-11T11:03:10.913578" elapsed="0.005795"/>
</if>
<msg time="2026-02-11T11:03:10.919686" level="INFO">${response} = HTTPError: 401 Client Error: Unauthorized for url: https://simanguatemala.myvtex.com/_v/sizes-table/table</msg>
<var>${response}</var>
<arg>${url}</arg>
<arg>${method}</arg>
<arg>${path}</arg>
<doc>Create an API session and execute the request.</doc>
<status status="PASS" start="2026-02-11T11:03:09.845582" elapsed="1.074408"/>
</kw>
<kw name="Set Variable If" owner="BuiltIn">
<msg time="2026-02-11T11:03:10.921193" level="INFO">${expected} = 405</msg>
<var>${expected}</var>
<arg>'${method}' == 'POST'</arg>
<arg>200</arg>
<arg>405</arg>
<doc>Sets variable based on the given condition.</doc>
<status status="PASS" start="2026-02-11T11:03:10.920361" elapsed="0.001187"/>
</kw>
<kw name="Run Keyword And Return Status" owner="BuiltIn">
<kw name="Should Be Equal As Integers" owner="BuiltIn">
<msg time="2026-02-11T11:03:10.924009" level="FAIL">Resolving variable '${response.status_code}' failed: AttributeError: 'str' object has no attribute 'status_code'</msg>
<arg>${response.status_code}</arg>
<arg>${expected}</arg>
<doc>Fails if objects are unequal after converting them to integers.</doc>
<status status="FAIL" start="2026-02-11T11:03:10.922717" elapsed="0.007670">Resolving variable '${response.status_code}' failed: AttributeError: 'str' object has no attribute 'status_code'</status>
</kw>
<msg time="2026-02-11T11:03:10.930956" level="INFO">${passed} = False</msg>
<var>${passed}</var>
<arg>Should Be Equal As Integers</arg>
<arg>${response.status_code}</arg>
<arg>${expected}</arg>
<doc>Runs the given keyword with given arguments and returns the status as a Boolean value.</doc>
<status status="PASS" start="2026-02-11T11:03:10.921924" elapsed="0.009678"/>
</kw>
<if>
<branch type="IF" condition="${passed}">
<kw name="Log" owner="BuiltIn">
<arg>Unexpected response ${response.status_code} (expected ${expected}) — continuing</arg>
<doc>Logs the given message with the given level.</doc>
<status status="NOT RUN" start="2026-02-11T11:03:10.932731" elapsed="0.000373"/>
</kw>
<status status="NOT RUN" start="2026-02-11T11:03:10.932014" elapsed="0.001358"/>
</branch>
<status status="PASS" start="2026-02-11T11:03:10.931953" elapsed="0.001512"/>
</if>
<kw name="Set Variable If" owner="BuiltIn">
<msg time="2026-02-11T11:03:10.934613" level="INFO">${result} = FAIL</msg>
<var>${result}</var>
<arg>${passed}</arg>
<arg>PASS</arg>
<arg>FAIL</arg>
<doc>Sets variable based on the given condition.</doc>
<status status="PASS" start="2026-02-11T11:03:10.933674" elapsed="0.001635"/>
</kw>
<kw name="Append Result" owner="excel_writer">
<arg>${env}</arg>
<arg>${url}</arg>
<arg>${node}</arg>
<arg>${path}</arg>
<arg>${method}</arg>
<arg>${result}</arg>
<doc>Robot keyword to append a row.</doc>
<status status="PASS" start="2026-02-11T11:03:10.935754" elapsed="0.038346"/>
</kw>
<var name="${method}">GET</var>
<status status="PASS" start="2026-02-11T11:03:09.842913" elapsed="1.131520"/>
</iter>
<iter>
<kw name="Log To Console" owner="BuiltIn">
<arg>Testing environment ${env} url ${url} endpoint ${node} with path: ${path} and method: ${method}</arg>
<doc>Logs the given message to the console.</doc>
<status status="PASS" start="2026-02-11T11:03:10.975672" elapsed="0.001273"/>
</kw>
<kw name="Create API Session And Execute" owner="http_keywords">
<kw name="Create Session" owner="RequestsLibrary">
<msg time="2026-02-11T11:03:10.979734" level="INFO">Creating Session using : alias=api, url=https://simanguatemala.myvtex.com, headers={},                     cookies={}, auth=None, timeout=None, proxies=None, verify=True,                     debug=0 </msg>
<arg>api</arg>
<arg>${base_url}</arg>
<arg>verify=true</arg>
<doc>Create Session: create a HTTP session to a server</doc>
<status status="PASS" start="2026-02-11T11:03:10.979001" elapsed="0.001391"/>
</kw>
<kw name="Run Keyword And Ignore Error" owner="BuiltIn">
<kw name="Execute API Request" owner="http_keywords">
<if>
<branch type="IF" condition="'${method}' == 'GET'">
<kw name="GET On Session" owner="RequestsLibrary">
<var>${response}</var>
<arg>api</arg>
<arg>${path}</arg>
<doc>Sends a GET request on a previously created HTTP Session.</doc>
<status status="NOT RUN" start="2026-02-11T11:03:10.984340" elapsed="0.000368"/>
</kw>
<kw name="Log To Console" owner="BuiltIn">
<arg>${response.status_code}</arg>
<doc>Logs the given message to the console.</doc>
<status status="NOT RUN" start="2026-02-11T11:03:10.985049" elapsed="0.000358"/>
</kw>
<return>
<value>${response}</value>
<status status="NOT RUN" start="2026-02-11T11:03:10.985598" elapsed="0.000204"/>
</return>
<status status="NOT RUN" start="2026-02-11T11:03:10.983684" elapsed="0.002221"/>
</branch>
<branch type="ELSE IF" condition="'${method}' == 'POST'">
<kw name="POST On Session" owner="RequestsLibrary">
<var>${response}</var>
<arg>api</arg>
<arg>${path}</arg>
<doc>Sends a POST request on a previously created HTTP Session.</doc>
<status status="NOT RUN" start="2026-02-11T11:03:10.986576" elapsed="0.000250"/>
</kw>
<kw name="Log To Console" owner="BuiltIn">
<arg>${response.status_code}</arg>
<doc>Logs the given message to the console.</doc>
<status status="NOT RUN" start="2026-02-11T11:03:10.987094" elapsed="0.000265"/>
</kw>
<return>
<value>${response}</value>
<status status="NOT RUN" start="2026-02-11T11:03:10.987544" elapsed="0.000181"/>
</return>
<status status="NOT RUN" start="2026-02-11T11:03:10.986031" elapsed="0.001795"/>
</branch>
<branch type="ELSE IF" condition="'${method}' == 'PUT'">
<kw name="PUT On Session" owner="RequestsLibrary">
<msg time="2026-02-11T11:03:12.101437" level="INFO">PUT Request : url=https://simanguatemala.myvtex.com/_v/sizes-table/table 
 path_url=/_v/sizes-table/table 
 headers={'User-Agent': 'python-requests/2.32.5', 'Accept-Encoding': 'gzip, deflate, zstd', 'Accept': '*/*', 'Connection': 'keep-alive', 'Content-Length': '0'} 
 body=None 
 </msg>
<msg time="2026-02-11T11:03:12.102061" level="INFO">PUT Response : url=https://simanguatemala.myvtex.com/_v/sizes-table/table 
 status=401, reason=Unauthorized 
[...]
<status status="NOT RUN" start="2026-02-11T11:03:50.129891" elapsed="0.000301"/>
</kw>
<kw name="Log To Console" owner="BuiltIn">
<arg>${response.status_code}</arg>
<doc>Logs the given message to the console.</doc>
<status status="NOT RUN" start="2026-02-11T11:03:50.130479" elapsed="0.000250"/>
</kw>
<return>
<value>${response}</value>
<status status="NOT RUN" start="2026-02-11T11:03:50.130902" elapsed="0.000175"/>
</return>
<status status="NOT RUN" start="2026-02-11T11:03:50.129497" elapsed="0.001676"/>
</branch>
<branch type="ELSE IF" condition="'${method}' == 'DELETE'">
<kw name="DELETE On Session" owner="RequestsLibrary">
<var>${response}</var>
<arg>api</arg>
<arg>${path}</arg>
<doc>Sends a DELETE request on a previously created HTTP Session.</doc>
<status status="NOT RUN" start="2026-02-11T11:03:50.131609" elapsed="0.000236"/>
</kw>
<kw name="Log To Console" owner="BuiltIn">
<arg>${response.status_code}</arg>
<doc>Logs the given message to the console.</doc>
<status status="NOT RUN" start="2026-02-11T11:03:50.132128" elapsed="0.000271"/>
</kw>
<return>
<value>${response}</value>
<status status="NOT RUN" start="2026-02-11T11:03:50.132574" elapsed="0.000183"/>
</return>
<status status="NOT RUN" start="2026-02-11T11:03:50.131287" elapsed="0.001565"/>
</branch>
<status status="PASS" start="2026-02-11T11:03:49.098800" elapsed="1.034169"/>
</if>
<arg>${method}</arg>
<arg>${path}</arg>
<doc>Execute an API request based on the method and path.</doc>
<status status="PASS" start="2026-02-11T11:03:49.097299" elapsed="1.035978"/>
</kw>
<msg time="2026-02-11T11:03:50.133628" level="INFO">${status} = PASS</msg>
<msg time="2026-02-11T11:03:50.133989" level="INFO">${result} = &lt;Response [200]&gt;</msg>
<var>${status}</var>
<var>${result}</var>
<arg>Execute API Request</arg>
<arg>${method}</arg>
<arg>${path}</arg>
<doc>Runs the given keyword with the given arguments and ignores possible error.</doc>
<status status="PASS" start="2026-02-11T11:03:49.095733" elapsed="1.038807"/>
</kw>
<if>
<branch type="IF" condition="'${status}' == 'PASS'">
<kw name="Log To Console" owner="BuiltIn">
<arg>${result.status_code}</arg>
<doc>Logs the given message to the console.</doc>
<status status="PASS" start="2026-02-11T11:03:50.136316" elapsed="0.002573"/>
</kw>
<return>
<value>${result}</value>
<status status="PASS" start="2026-02-11T11:03:50.139306" elapsed="0.000420"/>
</return>
<status status="PASS" start="2026-02-11T11:03:50.134967" elapsed="0.004923"/>
</branch>
<branch type="ELSE">
<kw name="Log To Console" owner="BuiltIn">
<arg>Error with method: ${method} and path: ${path} - ${result}</arg>
<doc>Logs the given message to the console.</doc>
<status status="NOT RUN" start="2026-02-11T11:03:50.140431" elapsed="0.000462"/>
</kw>
<return>
<value>${result}</value>
<status status="NOT RUN" start="2026-02-11T11:03:50.141213" elapsed="0.000244"/>
</return>
<status status="NOT RUN" start="2026-02-11T11:03:50.139983" elapsed="0.001607"/>
</branch>
<status status="PASS" start="2026-02-11T11:03:50.134908" elapsed="0.006771"/>
</if>
<msg time="2026-02-11T11:03:50.141958" level="INFO">${response} = &lt;Response [200]&gt;</msg>
<var>${response}</var>
<arg>${url}</arg>
<arg>${method}</arg>
<arg>${path}</arg>
<doc>Create an API session and execute the request.</doc>
<status status="PASS" start="2026-02-11T11:03:49.092001" elapsed="1.050249"/>
</kw>
<kw name="Set Variable If" owner="BuiltIn">
<msg time="2026-02-11T11:03:50.143718" level="INFO">${expected} = 200</msg>
<var>${expected}</var>
<arg>'${method}' == 'POST'</arg>
<arg>200</arg>
<arg>405</arg>
<doc>Sets variable based on the given condition.</doc>
<status status="PASS" start="2026-02-11T11:03:50.142616" elapsed="0.001563"/>
</kw>
<kw name="Run Keyword And Return Status" owner="BuiltIn">
<kw name="Should Be Equal As Integers" owner="BuiltIn">
<msg time="2026-02-11T11:03:50.147449" level="INFO">Argument types are:
&lt;class 'int'&gt;
&lt;class 'str'&gt;</msg>
<arg>${response.status_code}</arg>
<arg>${expected}</arg>
<doc>Fails if objects are unequal after converting them to integers.</doc>
<status status="PASS" start="2026-02-11T11:03:50.145754" elapsed="0.002205"/>
</kw>
<msg time="2026-02-11T11:03:50.148347" level="INFO">${passed} = True</msg>
<var>${passed}</var>
<arg>Should Be Equal As Integers</arg>
<arg>${response.status_code}</arg>
<arg>${expected}</arg>
<doc>Runs the given keyword with given arguments and returns the status as a Boolean value.</doc>
<status status="PASS" start="2026-02-11T11:03:50.144926" elapsed="0.003897"/>
</kw>
<if>
<branch type="IF" condition="${passed}">
<kw name="Log" owner="BuiltIn">
<msg time="2026-02-11T11:03:50.151521" level="INFO">Unexpected response 200 (expected 200) — continuing</msg>
<arg>Unexpected response ${response.status_code} (expected ${expected}) — continuing</arg>
<doc>Logs the given message with the given level.</doc>
<status status="PASS" start="2026-02-11T11:03:50.150023" elapsed="0.002083"/>
</kw>
<status status="PASS" start="2026-02-11T11:03:50.149307" elapsed="0.003634"/>
</branch>
<status status="PASS" start="2026-02-11T11:03:50.149236" elapsed="0.003902"/>
</if>
<kw name="Set Variable If" owner="BuiltIn">
<msg time="2026-02-11T11:03:50.154515" level="INFO">${result} = PASS</msg>
<var>${result}</var>
<arg>${passed}</arg>
<arg>PASS</arg>
<arg>FAIL</arg>
<doc>Sets variable based on the given condition.</doc>
<status status="PASS" start="2026-02-11T11:03:50.153560" elapsed="0.001293"/>
</kw>
<kw name="Append Result" owner="excel_writer">
<arg>${env}</arg>
<arg>${url}</arg>
<arg>${node}</arg>
<arg>${path}</arg>
<arg>${method}</arg>
<arg>${result}</arg>
<doc>Robot keyword to append a row.</doc>
<status status="PASS" start="2026-02-11T11:03:50.155257" elapsed="0.043460"/>
</kw>
<var name="${method}">POST</var>
<status status="PASS" start="2026-02-11T11:03:49.089381" elapsed="1.109629"/>
</iter>
<var>${method}</var>
<value>@{endpoint['methods']}</value>
<status status="PASS" start="2026-02-11T11:03:49.087856" elapsed="1.111274"/>
</for>
<var name="${node}">tableByParams</var>
<status status="PASS" start="2026-02-11T11:03:49.081528" elapsed="1.117721"/>
</iter>
<iter>
<kw name="Set Variable" owner="BuiltIn">
<msg time="2026-02-11T11:03:50.201140" level="INFO">${endpoint} = {'path': '/_v/sizes-table/restore/', 'methods': ['POST']}</msg>
<var>${endpoint}</var>
<arg>${path_data}[${node}]</arg>
<doc>Returns the given values which can then be assigned to a variables.</doc>
<status status="PASS" start="2026-02-11T11:03:50.200433" elapsed="0.001381"/>
</kw>
<kw name="Set Variable" owner="BuiltIn">
<msg time="2026-02-11T11:03:50.203802" level="INFO">${path} = /_v/sizes-table/restore/</msg>
<var>${path}</var>
<arg>${endpoint['path']}</arg>
<doc>Returns the given values which can then be assigned to a variables.</doc>
<status status="PASS" start="2026-02-11T11:03:50.202283" elapsed="0.001860"/>
</kw>
<for flavor="IN">
<iter>
<kw name="Log To Console" owner="BuiltIn">
<arg>Testing environment ${env} url ${url} endpoint ${node} with path: ${path} and method: ${method}</arg>
<doc>Logs the given message to the console.</doc>
<status status="PASS" start="2026-02-11T11:03:50.206344" elapsed="0.001091"/>
</kw>
<kw name="Create API Session And Execute" owner="http_keywords">
<kw name="Create Session" owner="RequestsLibrary">
<msg time="2026-02-11T11:03:50.209837" level="INFO">Creating Session using : alias=api, url=https://simaninstorenicor.myvtex.com, headers={},                     cookies={}, auth=None, timeout=None, proxies=None, verify=True,                     debug=0 </msg>
<arg>api</arg>
<arg>${base_url}</arg>
<arg>verify=true</arg>
<doc>Create Session: create a HTTP session to a server</doc>
<status status="PASS" start="2026-02-11T11:03:50.209142" elapsed="0.001298"/>
</kw>
<kw name="Run Keyword And Ignore Error" owner="BuiltIn">
<kw name="Execute API Request" owner="http_keywords">
<if>
<branch type="IF" condition="'${method}' == 'GET'">
<kw name="GET On Session" owner="RequestsLibrary">
<var>${response}</var>
<arg>api</arg>
<arg>${path}</arg>
<doc>Sends a GET request on a previously created HTTP Session.</doc>
<status status="NOT RUN" start="2026-02-11T11:03:50.214146" elapsed="0.000332"/>
</kw>
<kw name="Log To Console" owner="BuiltIn">
<arg>${response.status_code}</arg>
<doc>Logs the given message to the console.</doc>
<status status="NOT RUN" start="2026-02-11T11:03:50.216195" elapsed="0.000567"/>
</kw>
<return>
<value>${response}</value>
<status status="NOT RUN" start="2026-02-11T11:03:50.217126" elapsed="0.000388"/>
</return>
<status status="NOT RUN" start="2026-02-11T11:03:50.213522" elapsed="0.004175"/>
</branch>
<branch type="ELSE IF" condition="'${method}' == 'POST'">
<kw name="POST On Session" owner="RequestsLibrary">
<msg time="2026-02-11T11:03:51.229385" level="INFO">POST Request : url=https://simaninstorenicor.myvtex.com/_v/sizes-table/restore/ 
 path_url=/_v/sizes-table/restore/ 
 headers={'User-Agent': 'python-requests/2.32.5', 'Accept-Encoding': 'gzip, deflate, zstd', 'Accept': '*/*', 'Connection': 'keep-alive', 'Content-Length': '0'} 
 body=None 
 </msg>
<msg time="2026-02-11T11:03:51.229858" level="INFO">POST Response : url=https://simaninstorenicor.myvtex.com/_v/sizes-table/restore/ 
 status=401, reason=Unauthorized 
 headers={'Content-Type': 'application/json; charset=utf-8', 'Content-Length': '27', 'Connection': 'keep-alive', 'Date': 'Wed, 11 Feb 2026 17:03:50 GMT', 'X-Vtex-Io-Cluster-Id': 'prod-dj-ioadmin-eks-use1a-n4k', 'Cache-Control': 'no-cache, no-store', 'Pragma': 'no-cache, no-store', 'Set-Cookie': 'VtexWorkspace=master%3A-; expires=Thu, 12 Feb 2026 17:03:50 GMT; path=/; secure; samesite=none', 'Vary': 'Accept-Encoding', 'X-VTEX-Janus-Router-Backend-App': 'io-admins-vadmin-group-1+2-1a-n4k', 'X-Request-ID': 'f5d16777a9934ecb8f254a26674e7e59', 'X-Vtex-Router-Version': '9.17.19', 'X-Vtex-Router-Elapsed-Time': '00:00:00.0132091', 'X-Vtex-Backend-Elapsed-Time': '00:00:00.0027343', 'X-Cache': 'Error from cloudfront', 'Via': '1.1 cd176b1c7c0c4b1cbc5ba1674a2fda64.cloudfront.net (CloudFront)', 'X-Amz-Cf-Pop': 'MIA3-P3', 'X-Amz-Cf-Id': 'OBlVrEV_jpE3sRXeJWbYWTc_QjSOth7msXJf8crg9PwX2xa0G_VfrQ=='} 
 body={"error":"Missing cookies"} 
 </msg>
<msg time="2026-02-11T11:03:51.230244" level="FAIL">HTTPError: 401 Client Error: Unauthorized for url: https://simaninstorenicor.myvtex.com/_v/sizes-table/restore/</msg>
<var>${response}</var>
<arg>api</arg>
<arg>${path}</arg>
<doc>Sends a POST request on a previously created HTTP Session.</doc>
<status status="FAIL" start="2026-02-11T11:03:50.219062" elapsed="1.023254">HTTPError: 401 Client Error: Unauthorized for url: https://simaninstorenicor.myvtex.com/_v/sizes-table/restore/</status>
</kw>
<kw name="Log To Console" owner="BuiltIn">
<arg>${response.status_code}</arg>
<doc>Logs the given message to the console.</doc>
<status status="NOT RUN" start="2026-02-11T11:03:51.242752" elapsed="0.000346"/>
</kw>
<return>
<value>${response}</value>
<status status="NOT RUN" start="2026-02-11T11:03:51.243305" elapsed="0.000257"/>
</return>
<status status="FAIL" start="2026-02-11T11:03:50.217903" elapsed="1.025823">HTTPError: 401 Client Error: Unauthorized for url: https://simaninstorenicor.myvtex.com/_v/sizes-table/restore/</status>
</branch>
<branch type="ELSE IF" condition="'${method}' == 'PUT'">
<kw name="PUT On Session" owner="RequestsLibrary">
<var>${response}</var>
<arg>api</arg>
<arg>${path}</arg>
<doc>Sends a PUT request on a previously created HTTP Session.</doc>
<status status="NOT RUN" start="2026-02-11T11:03:51.244337" elapsed="0.000265"/>
</kw>
<kw name="Log To Console" owner="BuiltIn">
<arg>${response.status_code}</arg>
<doc>Logs the given message to the console.</doc>
<status status="NOT RUN" start="2026-02-11T11:03:51.244865" elapsed="0.000249"/>
</kw>
<return>
<value>${response}</value>
<status status="NOT RUN" start="2026-02-11T11:03:51.245306" elapsed="0.000212"/>
</return>
<status status="NOT RUN" start="2026-02-11T11:03:51.243878" elapsed="0.001756"/>
</branch>
<branch type="ELSE IF" condition="'${method}' == 'DELETE'">
<kw name="DELETE On Session" owner="RequestsLibrary">
<var>${response}</var>
<arg>api</arg>
<arg>${path}</arg>
<doc>Sends a DELETE request on a previously created HTTP Session.</doc>
<status status="NOT RUN" start="2026-02-11T11:03:51.246094" elapsed="0.000279"/>
</kw>
<kw name="Log To Console" owner="BuiltIn">
<arg>${response.status_code}</arg>
<doc>Logs the given message to the console.</doc>
<status status="NOT RUN" start="2026-02-11T11:03:51.246652" elapsed="0.000236"/>
</kw>
<return>
<value>${response}</value>
<status status="NOT RUN" start="2026-02-11T11:03:51.247050" elapsed="0.000167"/>
</return>
<status status="NOT RUN" start="2026-02-11T11:03:51.245749" elapsed="0.001564"/>
</branch>
<status status="FAIL" start="2026-02-11T11:03:50.213448" elapsed="1.033979">HTTPError: 401 Client Error: Unauthorized for url: https://simaninstorenicor.myvtex.com/_v/sizes-table/restore/</status>
</if>
<arg>${method}</arg>
<arg>${path}</arg>
<doc>Execute an API request based on the method and path.</doc>
<status status="FAIL" start="2026-02-11T11:03:50.212187" elapsed="1.035568">HTTPError: 401 Client Error: Unauthorized for url: https://simaninstorenicor.myvtex.com/_v/sizes-table/restore/</status>
</kw>
<msg time="2026-02-11T11:03:51.248176" level="INFO">${status} = FAIL</msg>
<msg time="2026-02-11T11:03:51.248573" level="INFO">${result} = HTTPError: 401 Client Error: Unauthorized for url: https://simaninstorenicor.myvtex.com/_v/sizes-table/restore/</msg>
<var>${status}</var>
<var>${result}</var>
<arg>Execute API Request</arg>
<arg>${method}</arg>
<arg>${path}</arg>
<doc>Runs the given keyword with the given arguments and ignores possible error.</doc>
<status status="PASS" start="2026-02-11T11:03:50.210829" elapsed="1.037986"/>
</kw>
<if>
<branch type="IF" condition="'${status}' == 'PASS'">
<kw name="Log To Console" owner="BuiltIn">
<arg>${result.status_code}</arg>
<doc>Logs the given message to the console.</doc>
<status status="NOT RUN" start="2026-02-11T11:03:51.249976" elapsed="0.000775"/>
</kw>
<return>
<value>${result}</value>
<status status="NOT RUN" start="2026-02-11T11:03:51.251172" elapsed="0.000617"/>
</return>
<status status="NOT RUN" start="2026-02-11T11:03:51.249138" elapsed="0.003020"/>
</branch>
<branch type="ELSE">
<kw name="Log To Console" owner="BuiltIn">
<arg>Error with method: ${method} and path: ${path} - ${result}</arg>
<doc>Logs the given message to the console.</doc>
<status status="PASS" start="2026-02-11T11:03:51.253475" elapsed="0.001788"/>
</kw>
<return>
<value>${result}</value>
<status status="PASS" start="2026-02-11T11:03:51.255782" elapsed="0.000800"/>
</return>
<status status="PASS" start="2026-02-11T11:03:51.252330" elapsed="0.004438"/>
</branch>
<status status="PASS" start="2026-02-11T11:03:51.249093" elapsed="0.007768"/>
</if>
<msg time="2026-02-11T11:03:51.257246" level="INFO">${response} = HTTPError: 401 Client Error: Unauthorized for url: https://simaninstorenicor.myvtex.com/_v/sizes-table/restore/</msg>
<var>${response}</var>
<arg>${url}</arg>
<arg>${method}</arg>
<arg>${path}</arg>
<doc>Create an API session and execute the request.</doc>
<status status="PASS" start="2026-02-11T11:03:50.208086" elapsed="1.049518"/>
</kw>
<kw name="Set Variable If" owner="BuiltIn">
<msg time="2026-02-11T11:03:51.259002" level="INFO">${expected} = 200</msg>
<var>${expected}</var>
<arg>'${method}' == 'POST'</arg>
<arg>200</arg>
<arg>405</arg>
<doc>Sets variable based on the given condition.</doc>
<status status="PASS" start="2026-02-11T11:03:51.258016" elapsed="0.001560"/>
</kw>
<kw name="Run Keyword And Return Status" owner="BuiltIn">
<kw name="Should Be Equal As Integers" owner="BuiltIn">
<msg time="2026-02-11T11:03:51.262353" level="FAIL">Resolving variable '${response.status_code}' failed: AttributeError: 'str' object has no attribute 'status_code'</msg>
<arg>${response.status_code}</arg>
<arg>${expected}</arg>
<doc>Fails if objects are unequal after converting them to integers.</doc>
<status status="FAIL" start="2026-02-11T11:03:51.260867" elapsed="0.008169">Resolving variable '${response.status_code}' failed: AttributeError: 'str' object has no attribute 'status_code'</status>
</kw>
<msg time="2026-02-11T11:03:51.269686" level="INFO">${passed} = False</msg>
<var>${passed}</var>
<arg>Should Be Equal As Integers</arg>
<arg>${response.status_code}</arg>
<arg>${expected}</arg>
<doc>Runs the given keyword with given arguments and returns the status as a Boolean value.</doc>
<status status="PASS" start="2026-02-11T11:03:51.260053" elapsed="0.010472"/>
</kw>
<if>
<branch type="IF" condition="${passed}">
<kw name="Log" owner="BuiltIn">
<arg>Unexpected response ${response.status_code} (expected ${expected}) — continuing</arg>
<doc>Logs the given message with the given level.</doc>
<status status="NOT RUN" start="2026-02-11T11:03:51.272373" elapsed="0.000631"/>
</kw>
<status status="NOT RUN" start="2026-02-11T11:03:51.271123" elapsed="0.002213"/>
</branch>
<status status="PASS" start="2026-02-11T11:03:51.271051" elapsed="0.002389"/>
</if>
<kw name="Set Variable If" owner="BuiltIn">
<msg time="2026-02-11T11:03:51.274446" level="INFO">${result} = FAIL</msg>
<var>${result}</var>
<arg>${passed}</arg>
<arg>PASS</arg>
<arg>FAIL</arg>
<doc>Sets variable based on the given condition.</doc>
<status status="PASS" start="2026-02-11T11:03:51.273673" elapsed="0.001193"/>
</kw>
<kw name="Append Result" owner="excel_writer">
<arg>${env}</arg>
<arg>${url}</arg>
<arg>${node}</arg>
<arg>${path}</arg>
<arg>${method}</arg>
<arg>${result}</arg>
<doc>Robot keyword to append a row.</doc>
<status status="PASS" start="2026-02-11T11:03:51.275302" elapsed="0.047046"/>
</kw>
<var name="${method}">POST</var>
<status status="PASS" start="2026-02-11T11:03:50.205724" elapsed="1.116982"/>
</iter>
<var>${method}</var>
<value>@{endpoint['methods']}</value>
<status status="PASS" start="2026-02-11T11:03:50.204400" elapsed="1.118448"/>
</for>
<var name="${node}">restore</var>
<status status="PASS" start="2026-02-11T11:03:50.199865" elapsed="1.123107"/>
</iter>
<var>${node}</var>
<value>@{node_keys}</value>
<status status="PASS" start="2026-02-11T11:03:45.339121" elapsed="5.983942"/>
</for>
<var name="${url}">https://simaninstorenicor.myvtex.com</var>
<status status="PASS" start="2026-02-11T11:03:45.337048" elapsed="5.986137"/>
</iter>
<var>${url}</var>
<value>@{urls}</value>
<status status="PASS" start="2026-02-11T11:03:27.103039" elapsed="24.220234"/>
</for>
<var name="${env}">instore</var>
<status status="PASS" start="2026-02-11T11:03:27.098789" elapsed="24.224571"/>
</iter>
<var>${env}</var>
<value>@{envs}</value>
<status status="PASS" start="2026-02-11T11:03:04.288070" elapsed="47.035371"/>
</for>
<arg>base_urls_prod.yaml</arg>
<arg>sizeapp_prod.yaml</arg>
<tag>api</tag>
<tag>filters_plp</tag>
<tag>regression</tag>
<status status="PASS" start="2026-02-11T11:03:04.236677" elapsed="47.086920"/>
</kw>
<doc>API endpoints for SizeApp.</doc>
<tag>api</tag>
<tag>regression</tag>
<tag>sizeapp</tag>
<status status="PASS" start="2026-02-11T11:03:04.213233" elapsed="47.110985"/>
</test>
<status status="PASS" start="2026-02-11T11:03:03.368888" elapsed="47.976522"/>
</suite>
<status status="PASS" start="2026-02-11T11:03:03.352176" elapsed="48.001097"/>
</suite>
<status status="PASS" start="2026-02-11T11:03:03.277945" elapsed="48.085119"/>
</suite>
<statistics>
<total>
<stat pass="1" fail="0" skip="0">All Tests</stat>
</total>
<tag>
<stat pass="1" fail="0" skip="0">api</stat>
<stat pass="1" fail="0" skip="0">regression</stat>
<stat pass="1" fail="0" skip="0">sizeapp</stat>
</tag>
<suite>
<stat name="pruebasAPI UX" id="s1" pass="1" fail="0" skip="0">pruebasAPI UX</stat>
<stat name="Tests" id="s1-s1" pass="1" fail="0" skip="0">pruebasAPI UX.Tests</stat>
<stat name="Filters Plp" id="s1-s1-s1" pass="1" fail="0" skip="0">pruebasAPI UX.Tests.Filters Plp</stat>
</suite>
</statistics>
<errors>
</errors>
</robot>
