<?xml version="1.0" encoding="UTF-8"?>
<robot generator="Robot 7.3.2 (Python 3.13.9 on win32)" generated="2026-02-05T14:47:46.754900" rpa="false" schemaversion="5">
<suite id="s1" name="pruebasAPI UX" source="C:\Users\ronald_ramos\Documents\qa-siman.com\SimanQA_Automatizacion\UX\pruebasAPI_UX">
<suite id="s1-s1" name="Tests" source="C:\Users\ronald_ramos\Documents\qa-siman.com\SimanQA_Automatizacion\UX\pruebasAPI_UX\tests">
<suite id="s1-s1-s1" name="Filters Plp" source="C:\Users\ronald_ramos\Documents\qa-siman.com\SimanQA_Automatizacion\UX\pruebasAPI_UX\tests\filters_plp.robot">
<test id="s1-s1-s1-t1" name="Test SizeApp" line="13">
<kw name="Test API" owner="filters_keywords">
<kw name="Load Yaml File" owner="data_loader">
<kw name="Get File" owner="OperatingSystem">
<msg time="2026-02-05T14:47:47.214578" level="INFO" html="true">Getting file '&lt;a href="file://C:\Users\ronald_ramos\Documents\qa-siman.com\SimanQA_Automatizacion\UX\pruebasAPI_UX\data\base_urls.yaml"&gt;C:\Users\ronald_ramos\Documents\qa-siman.com\SimanQA_Automatizacion\UX\pruebasAPI_UX\data\base_urls.yaml&lt;/a&gt;'.</msg>
<msg time="2026-02-05T14:47:47.215370" level="INFO">${yaml_text} = main:
  SV: https://com2171--siman.myvtex.com
  GT: https://com2171--simanguatemala.myvtex.com
  CR: https://com2171--simancrc.myvtex.com
  NI: https://com2171--simannicor.myvtex.com

instore:
  SV: h...</msg>
<var>${yaml_text}</var>
<arg>data/${file_name}</arg>
<doc>Returns the contents of a specified file.</doc>
<status status="PASS" start="2026-02-05T14:47:47.214295" elapsed="0.001293"/>
</kw>
<kw name="Evaluate" owner="BuiltIn">
<msg time="2026-02-05T14:47:47.217851" level="INFO">${data} = {'main': {'SV': 'https://com2171--siman.myvtex.com', 'GT': 'https://com2171--simanguatemala.myvtex.com', 'CR': 'https://com2171--simancrc.myvtex.com', 'NI': 'https://com2171--simannicor.myvtex.com'}, ...</msg>
<var>${data}</var>
<arg>__import__('yaml').safe_load('''${yaml_text}''')</arg>
<doc>Evaluates the given expression in Python and returns the result.</doc>
<status status="PASS" start="2026-02-05T14:47:47.216016" elapsed="0.002190"/>
</kw>
<return>
<value>${data}</value>
<status status="PASS" start="2026-02-05T14:47:47.218399" elapsed="0.000288"/>
</return>
<msg time="2026-02-05T14:47:47.218936" level="INFO">${base_urls} = {'main': {'SV': 'https://com2171--siman.myvtex.com', 'GT': 'https://com2171--simanguatemala.myvtex.com', 'CR': 'https://com2171--simancrc.myvtex.com', 'NI': 'https://com2171--simannicor.myvtex.com'}, ...</msg>
<var>${base_urls}</var>
<arg>${base_file}</arg>
<doc>Load any YAML file from the data directory.</doc>
<status status="PASS" start="2026-02-05T14:47:47.213635" elapsed="0.005455"/>
</kw>
<kw name="Load Yaml File" owner="data_loader">
<kw name="Get File" owner="OperatingSystem">
<msg time="2026-02-05T14:47:47.220701" level="INFO" html="true">Getting file '&lt;a href="file://C:\Users\ronald_ramos\Documents\qa-siman.com\SimanQA_Automatizacion\UX\pruebasAPI_UX\data\sizeapp.yaml"&gt;C:\Users\ronald_ramos\Documents\qa-siman.com\SimanQA_Automatizacion\UX\pruebasAPI_UX\data\sizeapp.yaml&lt;/a&gt;'.</msg>
<msg time="2026-02-05T14:47:47.222152" level="INFO">${yaml_text} = tables:
  path: /_v/sizes-table/table
  methods: [GET, PUT, DELETE]

tableById:
  path: /_v/sizes-table/table/{id}
  methods: [GET, DELETE]

tableByParams:
  path: /_v/sizes-table/table/params
  metho...</msg>
<var>${yaml_text}</var>
<arg>data/${file_name}</arg>
<doc>Returns the contents of a specified file.</doc>
<status status="PASS" start="2026-02-05T14:47:47.219932" elapsed="0.002679"/>
</kw>
<kw name="Evaluate" owner="BuiltIn">
<msg time="2026-02-05T14:47:47.224347" level="INFO">${data} = {'tables': {'path': '/_v/sizes-table/table', 'methods': ['GET', 'PUT', 'DELETE']}, 'tableById': {'path': '/_v/sizes-table/table/{id}', 'methods': ['GET', 'DELETE']}, 'tableByParams': {'path': '/_v/siz...</msg>
<var>${data}</var>
<arg>__import__('yaml').safe_load('''${yaml_text}''')</arg>
<doc>Evaluates the given expression in Python and returns the result.</doc>
<status status="PASS" start="2026-02-05T14:47:47.222935" elapsed="0.001713"/>
</kw>
<return>
<value>${data}</value>
<status status="PASS" start="2026-02-05T14:47:47.224777" elapsed="0.000156"/>
</return>
<msg time="2026-02-05T14:47:47.225099" level="INFO">${path_data} = {'tables': {'path': '/_v/sizes-table/table', 'methods': ['GET', 'PUT', 'DELETE']}, 'tableById': {'path': '/_v/sizes-table/table/{id}', 'methods': ['GET', 'DELETE']}, 'tableByParams': {'path': '/_v/siz...</msg>
<var>${path_data}</var>
<arg>${path_file}</arg>
<doc>Load any YAML file from the data directory.</doc>
<status status="PASS" start="2026-02-05T14:47:47.219314" elapsed="0.006095"/>
</kw>
<kw name="Init Excel For Test" owner="excel_writer">
<arg>${TEST NAME}</arg>
<doc>Robot keyword to initialize the Excel file.</doc>
<status status="PASS" start="2026-02-05T14:47:47.225601" elapsed="0.012246"/>
</kw>
<kw name="Evaluate" owner="BuiltIn">
<msg time="2026-02-05T14:47:47.238870" level="INFO">${envs} = ['main', 'instore']</msg>
<var>${envs}</var>
<arg>list(${base_urls}.keys())</arg>
<doc>Evaluates the given expression in Python and returns the result.</doc>
<status status="PASS" start="2026-02-05T14:47:47.238198" elapsed="0.000974"/>
</kw>
<for flavor="IN">
<iter>
<kw name="Set Variable" owner="BuiltIn">
<msg time="2026-02-05T14:47:47.240765" level="INFO">${base_url} = {'SV': 'https://com2171--siman.myvtex.com', 'GT': 'https://com2171--simanguatemala.myvtex.com', 'CR': 'https://com2171--simancrc.myvtex.com', 'NI': 'https://com2171--simannicor.myvtex.com'}</msg>
<var>${base_url}</var>
<arg>${base_urls}[${env}]</arg>
<doc>Returns the given values which can then be assigned to a variables.</doc>
<status status="PASS" start="2026-02-05T14:47:47.240232" elapsed="0.000721"/>
</kw>
<kw name="Evaluate" owner="BuiltIn">
<msg time="2026-02-05T14:47:47.241665" level="INFO">${urls} = ['https://com2171--siman.myvtex.com', 'https://com2171--simanguatemala.myvtex.com', 'https://com2171--simancrc.myvtex.com', 'https://com2171--simannicor.myvtex.com']</msg>
<var>${urls}</var>
<arg>list(${base_url}.values())</arg>
<doc>Evaluates the given expression in Python and returns the result.</doc>
<status status="PASS" start="2026-02-05T14:47:47.241177" elapsed="0.000659"/>
</kw>
<for flavor="IN">
<iter>
<kw name="Evaluate" owner="BuiltIn">
<msg time="2026-02-05T14:47:47.242846" level="INFO">${node_keys} = ['tables', 'tableById', 'tableByParams', 'restore']</msg>
<var>${node_keys}</var>
<arg>list(${path_data}.keys())</arg>
<doc>Evaluates the given expression in Python and returns the result.</doc>
<status status="PASS" start="2026-02-05T14:47:47.242487" elapsed="0.000679"/>
</kw>
<for flavor="IN">
<iter>
<kw name="Set Variable" owner="BuiltIn">
<msg time="2026-02-05T14:47:47.244522" level="INFO">${endpoint} = {'path': '/_v/sizes-table/table', 'methods': ['GET', 'PUT', 'DELETE']}</msg>
<var>${endpoint}</var>
<arg>${path_data}[${node}]</arg>
<doc>Returns the given values which can then be assigned to a variables.</doc>
<status status="PASS" start="2026-02-05T14:47:47.243961" elapsed="0.000908"/>
</kw>
<kw name="Set Variable" owner="BuiltIn">
<msg time="2026-02-05T14:47:47.246070" level="INFO">${path} = /_v/sizes-table/table</msg>
<var>${path}</var>
<arg>${endpoint['path']}</arg>
<doc>Returns the given values which can then be assigned to a variables.</doc>
<status status="PASS" start="2026-02-05T14:47:47.245192" elapsed="0.001060"/>
</kw>
<for flavor="IN">
<iter>
<kw name="Log To Console" owner="BuiltIn">
<arg>Testing environment ${env} url ${url} endpoint ${node} with path: ${path} and method: ${method}</arg>
<doc>Logs the given message to the console.</doc>
<status status="PASS" start="2026-02-05T14:47:47.247416" elapsed="0.000599"/>
</kw>
<kw name="Create API Session And Execute" owner="http_keywords">
<kw name="Create Session" owner="RequestsLibrary">
<msg time="2026-02-05T14:47:47.249127" level="INFO">Creating Session using : alias=api, url=https://com2171--siman.myvtex.com, headers={},                     cookies={}, auth=None, timeout=None, proxies=None, verify=True,                     debug=0 </msg>
<arg>api</arg>
<arg>${base_url}</arg>
<arg>verify=true</arg>
<doc>Create Session: create a HTTP session to a server</doc>
<status status="PASS" start="2026-02-05T14:47:47.248825" elapsed="0.000831"/>
</kw>
<kw name="Run Keyword And Ignore Error" owner="BuiltIn">
<kw name="Execute API Request" owner="http_keywords">
<if>
<branch type="IF" condition="'${method}' == 'GET'">
<kw name="GET On Session" owner="RequestsLibrary">
<msg time="2026-02-05T14:48:17.129282" level="INFO">GET Request : url=https://com2171--siman.myvtex.com/_v/sizes-table/table 
 path_url=/_v/sizes-table/table 
 headers={'User-Agent': 'python-requests/2.32.5', 'Accept-Encoding': 'gzip, deflate', 'Accept': '*/*', 'Connection': 'keep-alive'} 
 body=None 
 </msg>
<msg time="2026-02-05T14:48:17.130114" level="INFO">GET Response : url=https://com2171--siman.myvtex.com/_v/sizes-table/table 
 status=401, reason=Unauthorized 
 headers={'Content-Type': 'application/json; charset=utf-8', 'Content-Length': '27', 'Connection': 'keep-alive', 'Date': 'Thu, 05 Feb 2026 20:48:17 GMT', 'X-Vtex-Io-Cluster-Id': 'prod-dj-iodev-eks-use1a-d3n', 'Cache-Control': 'no-cache, no-store', 'Pragma': 'no-cache, no-store', 'X-VTEX-Janus-Router-Backend-App': 'io-development-vdev-1a-d3n', 'X-Router-Cache': 'MISS', 'X-Request-ID': 'f7049ede6710406cb28b08aaf0ffb6fb', 'X-Vtex-Router-Version': '9.17.18', 'X-Vtex-Router-Elapsed-Time': '00:00:29.1588756', 'X-Vtex-Backend-Elapsed-Time': '00:00:00.0075306', 'Vary': 'Accept-Encoding', 'X-Cache': 'Error from cloudfront', 'Via': '1.1 e759cef9ef04dc6632a71818dfac3a76.cloudfront.net (CloudFront)', 'X-Amz-Cf-Pop': 'MIA3-P3', 'X-Amz-Cf-Id': 'eQMDn5FGqveF3Z37w04sBinQlmXlYsnRAthhcIaFy-cdxEoEdF_oHw=='} 
 body={"error":"Missing cookies"} 
 </msg>
<msg time="2026-02-05T14:48:17.130788" level="FAIL">HTTPError: 401 Client Error: Unauthorized for url: https://com2171--siman.myvtex.com/_v/sizes-table/table</msg>
<var>${response}</var>
<arg>api</arg>
<arg>${path}</arg>
<doc>Sends a GET request on a previously created HTTP Session.</doc>
<status status="FAIL" start="2026-02-05T14:47:47.252396" elapsed="29.891272">HTTPError: 401 Client Error: Unauthorized for url: https://com2171--siman.myvtex.com/_v/sizes-table/table</status>
</kw>
<kw name="Log To Console" owner="BuiltIn">
<arg>${response.status_code}</arg>
<doc>Logs the given message to the console.</doc>
<status status="NOT RUN" start="2026-02-05T14:48:17.144466" elapsed="0.000566"/>
</kw>
<return>
<value>${response}</value>
<status status="NOT RUN" start="2026-02-05T14:48:17.145292" elapsed="0.000171"/>
</return>
<status status="FAIL" start="2026-02-05T14:47:47.251666" elapsed="29.893942">HTTPError: 401 Client Error: Unauthorized for url: https://com2171--siman.myvtex.com/_v/sizes-table/table</status>
</branch>
<branch type="ELSE IF" condition="'${method}' == 'POST'">
<kw name="POST On Session" owner="RequestsLibrary">
<var>${response}</var>
<arg>api</arg>
<arg>${path}</arg>
<doc>Sends a POST request on a previously created HTTP Session.</doc>
<status status="NOT RUN" start="2026-02-05T14:48:17.146094" elapsed="0.000203"/>
</kw>
<kw name="Log To Console" owner="BuiltIn">
<arg>${response.status_code}</arg>
<doc>Logs the given message to the console.</doc>
<status status="NOT RUN" start="2026-02-05T14:48:17.146549" elapsed="0.000182"/>
</kw>
<return>
<value>${response}</value>
<status status="NOT RUN" start="2026-02-05T14:48:17.146875" elapsed="0.000117"/>
</return>
<status status="NOT RUN" start="2026-02-05T14:48:17.145727" elapsed="0.001344"/>
</branch>
<branch type="ELSE IF" condition="'${method}' == 'PUT'">
<kw name="PUT On Session" owner="RequestsLibrary">
<var>${response}</var>
<arg>api</arg>
<arg>${path}</arg>
<doc>Sends a PUT request on a previously created HTTP Session.</doc>
<status status="NOT RUN" start="2026-02-05T14:48:17.147452" elapsed="0.000182"/>
</kw>
<kw name="Log To Console" owner="BuiltIn">
<arg>${response.status_code}</arg>
<doc>Logs the given message to the console.</doc>
<status status="NOT RUN" start="2026-02-05T14:48:17.147852" elapsed="0.000173"/>
</kw>
<return>
<value>${response}</value>
<status status="NOT RUN" start="2026-02-05T14:48:17.148161" elapsed="0.000111"/>
</return>
<status status="NOT RUN" start="2026-02-05T14:48:17.147161" elapsed="0.001176"/>
</branch>
<branch type="ELSE IF" condition="'${method}' == 'DELETE'">
<kw name="DELETE On Session" owner="RequestsLibrary">
<var>${response}</var>
<arg>api</arg>
<arg>${path}</arg>
<doc>Sends a DELETE request on a previously created HTTP Session.</doc>
<status status="NOT RUN" start="2026-02-05T14:48:17.148689" elapsed="0.000165"/>
</kw>
<kw name="Log To Console" owner="BuiltIn">
<arg>${response.status_code}</arg>
<doc>Logs the given message to the console.</doc>
<status status="NOT RUN" start="2026-02-05T14:48:17.149072" elapsed="0.000123"/>
</kw>
<return>
<value>${response}</value>
<status status="NOT RUN" start="2026-02-05T14:48:17.149305" elapsed="0.000076"/>
</return>
<status status="NOT RUN" start="2026-02-05T14:48:17.148418" elapsed="0.001008"/>
</branch>
<status status="FAIL" start="2026-02-05T14:47:47.251531" elapsed="29.897954">HTTPError: 401 Client Error: Unauthorized for url: https://com2171--siman.myvtex.com/_v/sizes-table/table</status>
</if>
<arg>${method}</arg>
<arg>${path}</arg>
<doc>Execute an API request based on the method and path.</doc>
<status status="FAIL" start="2026-02-05T14:47:47.250778" elapsed="29.898868">HTTPError: 401 Client Error: Unauthorized for url: https://com2171--siman.myvtex.com/_v/sizes-table/table</status>
</kw>
<msg time="2026-02-05T14:48:17.149853" level="INFO">${status} = FAIL</msg>
<msg time="2026-02-05T14:48:17.150082" level="INFO">${result} = HTTPError: 401 Client Error: Unauthorized for url: https://com2171--siman.myvtex.com/_v/sizes-table/table</msg>
<var>${status}</var>
<var>${result}</var>
<arg>Execute API Request</arg>
<arg>${method}</arg>
<arg>${path}</arg>
<doc>Runs the given keyword with the given arguments and ignores possible error.</doc>
<status status="PASS" start="2026-02-05T14:47:47.249838" elapsed="29.900349"/>
</kw>
<if>
<branch type="IF" condition="'${status}' == 'PASS'">
<kw name="Log To Console" owner="BuiltIn">
<arg>${result.status_code}</arg>
<doc>Logs the given message to the console.</doc>
<status status="NOT RUN" start="2026-02-05T14:48:17.150621" elapsed="0.000221"/>
</kw>
<return>
<value>${result}</value>
<status status="NOT RUN" start="2026-02-05T14:48:17.150995" elapsed="0.000094"/>
</return>
<status status="NOT RUN" start="2026-02-05T14:48:17.150341" elapsed="0.000790"/>
</branch>
<branch type="ELSE">
<kw name="Log To Console" owner="BuiltIn">
<arg>Error with method: ${method} and path: ${path} - ${result}</arg>
<doc>Logs the given message to the console.</doc>
<status status="PASS" start="2026-02-05T14:48:17.151324" elapsed="0.000944"/>
</kw>
<return>
<value>${result}</value>
<status status="PASS" start="2026-02-05T14:48:17.152583" elapsed="0.000167"/>
</return>
<status status="PASS" start="2026-02-05T14:48:17.151166" elapsed="0.001646"/>
</branch>
<status status="PASS" start="2026-02-05T14:48:17.150319" elapsed="0.002531"/>
</if>
<msg time="2026-02-05T14:48:17.152990" level="INFO">${response} = HTTPError: 401 Client Error: Unauthorized for url: https://com2171--siman.myvtex.com/_v/sizes-table/table</msg>
<var>${response}</var>
<arg>${url}</arg>
<arg>${method}</arg>
<arg>${path}</arg>
<doc>Create an API session and execute the request.</doc>
<status status="PASS" start="2026-02-05T14:47:47.248380" elapsed="29.904830"/>
</kw>
<kw name="Set Variable If" owner="BuiltIn">
<msg time="2026-02-05T14:48:17.153752" level="INFO">${expected} = 405</msg>
<var>${expected}</var>
<arg>'${method}' == 'POST'</arg>
<arg>200</arg>
<arg>405</arg>
<doc>Sets variable based on the given condition.</doc>
<status status="PASS" start="2026-02-05T14:48:17.153421" elapsed="0.000460"/>
</kw>
<kw name="Run Keyword And Return Status" owner="BuiltIn">
<kw name="Should Be Equal As Integers" owner="BuiltIn">
<msg time="2026-02-05T14:48:17.155059" level="FAIL">Resolving variable '${response.status_code}' failed: AttributeError: 'str' object has no attribute 'status_code'</msg>
<arg>${response.status_code}</arg>
<arg>${expected}</arg>
<doc>Fails if objects are unequal after converting them to integers.</doc>
<status status="FAIL" start="2026-02-05T14:48:17.154260" elapsed="0.004891">Resolving variable '${response.status_code}' failed: AttributeError: 'str' object has no attribute 'status_code'</status>
</kw>
<msg time="2026-02-05T14:48:17.159420" level="INFO">${passed} = False</msg>
<var>${passed}</var>
<arg>Should Be Equal As Integers</arg>
<arg>${response.status_code}</arg>
<arg>${expected}</arg>
<doc>Runs the given keyword with given arguments and returns the status as a Boolean value.</doc>
<status status="PASS" start="2026-02-05T14:48:17.154025" elapsed="0.005570"/>
</kw>
<if>
<branch type="IF" condition="${passed}">
<kw name="Log" owner="BuiltIn">
<arg>Unexpected response ${response.status_code} (expected ${expected}) — continuing</arg>
<doc>Logs the given message with the given level.</doc>
<status status="NOT RUN" start="2026-02-05T14:48:17.160429" elapsed="0.000216"/>
</kw>
<status status="NOT RUN" start="2026-02-05T14:48:17.159828" elapsed="0.000907"/>
</branch>
<status status="PASS" start="2026-02-05T14:48:17.159790" elapsed="0.001011"/>
</if>
<kw name="Set Variable If" owner="BuiltIn">
<msg time="2026-02-05T14:48:17.161239" level="INFO">${result} = FAIL</msg>
<var>${result}</var>
<arg>${passed}</arg>
<arg>PASS</arg>
<arg>FAIL</arg>
<doc>Sets variable based on the given condition.</doc>
<status status="PASS" start="2026-02-05T14:48:17.160910" elapsed="0.000522"/>
</kw>
<kw name="Append Result" owner="excel_writer">
<arg>${env}</arg>
<arg>${url}</arg>
<arg>${node}</arg>
<arg>${path}</arg>
<arg>${method}</arg>
<arg>${result}</arg>
<doc>Robot keyword to append a row.</doc>
<status status="PASS" start="2026-02-05T14:48:17.161597" elapsed="0.010091"/>
</kw>
<var name="${method}">GET</var>
<status status="PASS" start="2026-02-05T14:47:47.247160" elapsed="29.924722"/>
</iter>
<iter>
<kw name="Log To Console" owner="BuiltIn">
<arg>Testing environment ${env} url ${url} endpoint ${node} with path: ${path} and method: ${method}</arg>
<doc>Logs the given message to the console.</doc>
<status status="PASS" start="2026-02-05T14:48:17.172364" elapsed="0.000570"/>
</kw>
<kw name="Create API Session And Execute" owner="http_keywords">
<kw name="Create Session" owner="RequestsLibrary">
<msg time="2026-02-05T14:48:17.173873" level="INFO">Creating Session using : alias=api, url=https://com2171--siman.myvtex.com, headers={},                     cookies={}, auth=None, timeout=None, proxies=None, verify=True,                     debug=0 </msg>
<arg>api</arg>
<arg>${base_url}</arg>
<arg>verify=true</arg>
<doc>Create Session: create a HTTP session to a server</doc>
<status status="PASS" start="2026-02-05T14:48:17.173603" elapsed="0.000562"/>
</kw>
<kw name="Run Keyword And Ignore Error" owner="BuiltIn">
<kw name="Execute API Request" owner="http_keywords">
<if>
<branch type="IF" condition="'${method}' == 'GET'">
<kw name="GET On Session" owner="RequestsLibrary">
<var>${response}</var>
<arg>api</arg>
<arg>${path}</arg>
<doc>Sends a GET request on a previously created HTTP Session.</doc>
<status status="NOT RUN" start="2026-02-05T14:48:17.175353" elapsed="0.000131"/>
</kw>
<kw name="Log To Console" owner="BuiltIn">
<arg>${response.status_code}</arg>
<doc>Logs the given message to the console.</doc>
<status status="NOT RUN" start="2026-02-05T14:48:17.175627" elapsed="0.000117"/>
</kw>
<return>
<value>${response}</value>
<status status="NOT RUN" start="2026-02-05T14:48:17.175834" elapsed="0.000078"/>
</return>
<status status="NOT RUN" start="2026-02-05T14:48:17.175013" elapsed="0.000944"/>
</branch>
<branch type="ELSE IF" condition="'${method}' == 'POST'">
<kw name="POST On Session" owner="RequestsLibrary">
<var>${response}</var>
<arg>api</arg>
<arg>${path}</arg>
<doc>Sends a POST request on a previously created HTTP Session.</doc>
<status status="NOT RUN" start="2026-02-05T14:48:17.176327" elapsed="0.000121"/>
</kw>
<kw name="Log To Console" owner="BuiltIn">
<arg>${response.status_code}</arg>
<doc>Logs the given message to the console.</doc>
<status status="NOT RUN" start="2026-02-05T14:48:17.176586" elapsed="0.000122"/>
</kw>
<return>
<value>${response}</value>
<status status="NOT RUN" start="2026-02-05T14:48:17.176795" elapsed="0.000074"/>
</return>
<status status="NOT RUN" start="2026-02-05T14:48:17.176012" elapsed="0.000925"/>
</branch>
<branch type="ELSE IF" condition="'${method}' == 'PUT'">
<kw name="PUT On Session" owner="RequestsLibrary">
<msg time="2026-02-05T14:48:17.704021" level="INFO">PUT Request : url=https://com2171--siman.myvtex.com/_v/sizes-table/table 
 path_url=/_v/sizes-table/table 
 headers={'User-Agent': 'python-requests/2.32.5', 'Accept-Encoding': 'gzip, deflate', 'Accept': '*/*', 'Connection': 'keep-alive', 'Content-Length': '0'} 
 body=None 
 </msg>
<msg time="2026-02-05T14:48:17.704661" level="INFO">PUT Response : url=https://com2171--siman.myvtex.com/_v/sizes-table/table 
 status=401, reason=Unauthorized 
 headers={'Content-Type': 'application/json; charset=utf-8', 'Content-Length': '27', 'Connection': 'keep-alive', 'Date': 'Thu, 05 Feb 2026 20:48:17 GMT', 'X-Vtex-Io-Cluster-Id': 'prod-dj-iodev-eks-use1a-d3n', 'Cache-Control': 'no-cache, no-store', 'Pragma': 'no-cache, no-store', 'Vary': 'Accept-Encoding', 'X-VTEX-Janus-Router-Backend-App': 'io-development-vdev-1a-d3n', 'X-Request-ID': '5fb379f26b054a43bb2f35ebd1cd5e6d', 'X-Vtex-Router-Version': '9.17.18', 'X-Vtex-Router-Elapsed-Time': '00:00:00.0454211', 'X-Vtex-Backend-Elapsed-Time': '00:00:00.0043377', 'X-Cache': 'Error from cloudfront', 'Via': '1.1 27e533b5f5d5eefbbe949ec8ddb9a9e6.cloudfront.net (CloudFront)', 'X-Amz-Cf-Pop': 'MIA3-P3', 'X-Amz-Cf-Id': 'pv5MY-c6M5AZagnPQsN2rDNGaHgWt6YasCcjqSSP4AKh-ucVAkOZjw=='} 
 body={"error":"Missing cookies"} 
 </msg>
<msg time="2026-02-05T14:48:17.705298" level="FAIL">HTTPError: 401 Client Error: Unauthorized for url: https://com2171--siman.myvtex.com/_v/sizes-table/table</msg>
<var>${response}</var>
<arg>api</arg>
<arg>${path}</arg>
<doc>Sends a PUT request on a previously created HTTP Session.</doc>
<status status="FAIL" start="2026-02-05T14:48:17.178045" elapsed="0.540472">HTTPError: 401 Client Error: Unauthorized for url: https://com2171--siman.myvtex.com/_v/sizes-table/table</status>
</kw>
<kw name="Log To Console" owner="BuiltIn">
<arg>${response.status_code}</arg>
<doc>Logs the given message to the console.</doc>
<status status="NOT RUN" start="2026-02-05T14:48:17.719361" elapsed="0.000487"/>
</kw>
<return>
<value>${response}</value>
<status status="NOT RUN" start="2026-02-05T14:48:17.720202" elapsed="0.000276"/>
</return>
<status status="FAIL" start="2026-02-05T14:48:17.177043" elapsed="0.543640">HTTPError: 401 Client Error: Unauthorized for url: https://com2171--siman.myvtex.com/_v/sizes-table/table</status>
</branch>
<branch type="ELSE IF" condition="'${method}' == 'DELETE'">
<kw name="DELETE On Session" owner="RequestsLibrary">
<var>${response}</var>
<arg>api</arg>
<arg>${path}</arg>
<doc>Sends a DELETE request on a previously created HTTP Session.</doc>
<status status="NOT RUN" start="2026-02-05T14:48:17.721488" elapsed="0.000365"/>
</kw>
<kw name="Log To Console" owner="BuiltIn">
<arg>${response.status_code}</arg>
<doc>Logs the given message to the console.</doc>
<status status="NOT RUN" start="2026-02-05T14:48:17.722330" elapsed="0.000353"/>
</kw>
<return>
<value>${response}</value>
<status status="NOT RUN" start="2026-02-05T14:48:17.722973" elapsed="0.000238"/>
</return>
<status status="NOT RUN" start="2026-02-05T14:48:17.720880" elapsed="0.002468"/>
</branch>
<status status="FAIL" start="2026-02-05T14:48:17.174975" elapsed="0.548523">HTTPError: 401 Client Error: Unauthorized for url: https://com2171--siman.myvtex.com/_v/sizes-table/table</status>
</if>
<arg>${method}</arg>
<arg>${path}</arg>
<doc>Execute an API request based on the method and path.</doc>
<status status="FAIL" start="2026-02-05T14:48:17.174625" elapsed="0.549127">HTTPError: 401 Client Error: Unauthorized for url: https://com2171--siman.myvtex.com/_v/sizes-table/table</status>
</kw>
<msg time="2026-02-05T14:48:17.724240" level="INFO">${status} = FAIL</msg>
<msg time="2026-02-05T14:48:17.724574" level="INFO">${result} = HTTPError: 401 Client Error: Unauthorized for url: https://com2171--siman.myvtex.com/_v/sizes-table/table</msg>
<var>${status}</var>
<var>${result}</var>
<arg>Execute API Request</arg>
<arg>${method}</arg>
<arg>${path}</arg>
<doc>Runs the given keyword with the given arguments and ignores possible error.</doc>
<status status="PASS" start="2026-02-05T14:48:17.174308" elapsed="0.550456"/>
</kw>
<if>
<branch type="IF" condition="'${status}' == 'PASS'">
<kw name="Log To Console" owner="BuiltIn">
<arg>${result.status_code}</arg>
<doc>Logs the given message to the console.</doc>
<status status="NOT RUN" start="2026-02-05T14:48:17.725568" elapsed="0.000448"/>
</kw>
<return>
<value>${result}</value>
<status status="NOT RUN" start="2026-02-05T14:48:17.726366" elapsed="0.000171"/>
</return>
<status status="NOT RUN" start="2026-02-05T14:48:17.725072" elapsed="0.001557"/>
</branch>
<branch type="ELSE">
<kw name="Log To Console" owner="BuiltIn">
<arg>Error with method: ${method} and path: ${path} - ${result}</arg>
<doc>Logs the given message to the console.</doc>
<status status="PASS" start="2026-02-05T14:48:17.727099" elapsed="0.001181"/>
</kw>
<return>
<value>${result}</value>
<status status="PASS" start="2026-02-05T14:48:17.728634" elapsed="0.000311"/>
</return>
<status status="PASS" start="2026-02-05T14:48:17.726700" elapsed="0.002347"/>
</branch>
<status status="PASS" start="2026-02-05T14:48:17.725029" elapsed="0.004089"/>
</if>
<msg time="2026-02-05T14:48:17.729322" level="INFO">${response} = HTTPError: 401 Client Error: Unauthorized for url: https://com2171--siman.myvtex.com/_v/sizes-table/table</msg>
<var>${response}</var>
<arg>${url}</arg>
<arg>${method}</arg>
<arg>${path}</arg>
<doc>Create an API session and execute the request.</doc>
<status status="PASS" start="2026-02-05T14:48:17.173217" elapsed="0.556340"/>
</kw>
<kw name="Set Variable If" owner="BuiltIn">
<msg time="2026-02-05T14:48:17.730478" level="INFO">${expected} = 405</msg>
<var>${expected}</var>
<arg>'${method}' == 'POST'</arg>
<arg>200</arg>
<arg>405</arg>
<doc>Sets variable based on the given condition.</doc>
<status status="PASS" start="2026-02-05T14:48:17.729814" elapsed="0.000855"/>
</kw>
<kw name="Run Keyword And Return Status" owner="BuiltIn">
<kw name="Should Be Equal As Integers" owner="BuiltIn">
<msg time="2026-02-05T14:48:17.732675" level="FAIL">Resolving variable '${response.status_code}' failed: AttributeError: 'str' object has no attribute 'status_code'</msg>
<arg>${response.status_code}</arg>
<arg>${expected}</arg>
<doc>Fails if objects are unequal after converting them to integers.</doc>
<status status="FAIL" start="2026-02-05T14:48:17.731497" elapsed="0.004420">Resolving variable '${response.status_code}' failed: AttributeError: 'str' object has no attribute 'status_code'</status>
</kw>
<msg time="2026-02-05T14:48:17.736171" level="INFO">${passed} = False</msg>
<var>${passed}</var>
<arg>Should Be Equal As Integers</arg>
<arg>${response.status_code}</arg>
<arg>${expected}</arg>
<doc>Runs the given keyword with given arguments and returns the status as a Boolean value.</doc>
<status status="PASS" start="2026-02-05T14:48:17.730926" elapsed="0.005365"/>
</kw>
<if>
<branch type="IF" condition="${passed}">
<kw name="Log" owner="BuiltIn">
<arg>Unexpected response ${response.status_code} (expected ${expected}) — continuing</arg>
<doc>Logs the given message with the given level.</doc>
<status status="NOT RUN" start="2026-02-05T14:48:17.737016" elapsed="0.000174"/>
</kw>
<status status="NOT RUN" start="2026-02-05T14:48:17.736449" elapsed="0.000835"/>
</branch>
<status status="PASS" start="2026-02-05T14:48:17.736420" elapsed="0.000912"/>
</if>
<kw name="Set Variable If" owner="BuiltIn">
<msg time="2026-02-05T14:48:17.737741" level="INFO">${result} = FAIL</msg>
<var>${result}</var>
<arg>${passed}</arg>
<arg>PASS</arg>
<arg>FAIL</arg>
<doc>Sets variable based on the given condition.</doc>
<status status="PASS" start="2026-02-05T14:48:17.737435" elapsed="0.000473"/>
</kw>
<kw name="Append Result" owner="excel_writer">
<arg>${env}</arg>
<arg>${url}</arg>
<arg>${node}</arg>
<arg>${path}</arg>
<arg>${method}</arg>
<arg>${result}</arg>
<doc>Robot keyword to append a row.</doc>
<status status="PASS" start="2026-02-05T14:48:17.738094" elapsed="0.022272"/>
</kw>
<var name="${method}">PUT</var>
<status status="PASS" start="2026-02-05T14:48:17.172115" elapsed="0.588500"/>
</iter>
<iter>
<kw name="Log To Console" owner="BuiltIn">
<arg>Testing environment ${env} url ${url} endpoint ${node} with path: ${path} and method: ${method}</arg>
<doc>Logs the given message to the console.</doc>
<status status="PASS" start="2026-02-05T14:48:17.761311" elapsed="0.000825"/>
</kw>
<kw name="Create API Session And Execute" owner="http_keywords">
<kw name="Create Session" owner="RequestsLibrary">
<msg time="2026-02-05T14:48:17.764316" level="INFO">Creating Session using : alias=api, url=https://com2171--siman.myvtex.com, headers={},                     cookies={}, auth=None, timeout=None, proxies=None, verify=True,                     debug=0 </msg>
<arg>api</arg>
<arg>${base_url}</arg>
<arg>verify=true</arg>
<doc>Create Session: create a HTTP session to a server</doc>
<status status="PASS" start="2026-02-05T14:48:17.763693" elapsed="0.001253"/>
</kw>
<kw name="Run Keyword And Ignore Error" owner="BuiltIn">
<kw name="Execute API Request" owner="http_keywords">
<if>
<branch type="IF" condition="'${method}' == 'GET'">
<kw name="GET On Session" owner="RequestsLibrary">
<var>${response}</var>
<arg>api</arg>
<arg>${path}</arg>
<doc>Sends a GET request on a previously created HTTP Session.</doc>
<status status="NOT RUN" start="2026-02-05T14:48:17.767755" elapsed="0.000148"/>
</kw>
<kw name="Log To Console" owner="BuiltIn">
<arg>${response.status_code}</arg>
<doc>Logs the given message to the console.</doc>
<status status="NOT RUN" start="2026-02-05T14:48:17.768080" elapsed="0.000115"/>
</kw>
<return>
<value>${response}</value>
<status status="NOT RUN" start="2026-02-05T14:48:17.768296" elapsed="0.000080"/>
</return>
<status status="NOT RUN" start="2026-02-05T14:48:17.767336" elapsed="0.001091"/>
</branch>
<branch type="ELSE IF" condition="'${method}' == 'POST'">
<kw name="POST On Session" owner="RequestsLibrary">
<var>${response}</var>
<arg>api</arg>
<arg>${path}</arg>
<doc>Sends a POST request on a previously created HTTP Session.</doc>
<status status="NOT RUN" start="2026-02-05T14:48:17.768918" elapsed="0.000129"/>
</kw>
<kw name="Log To Console" owner="BuiltIn">
<arg>${response.status_code}</arg>
<doc>Logs the given message to the console.</doc>
<status status="NOT RUN" start="2026-02-05T14:48:17.769191" elapsed="0.000107"/>
</kw>
<return>
<value>${response}</value>
<status status="NOT RUN" start="2026-02-05T14:48:17.769420" elapsed="0.000100"/>
</return>
<status status="NOT RUN" start="2026-02-05T14:48:17.768514" elapsed="0.001069"/>
</branch>
<branch type="ELSE IF" condition="'${method}' == 'PUT'">
<kw name="PUT On Session" owner="RequestsLibrary">
<var>${response}</var>
<arg>api</arg>
<arg>${path}</arg>
<doc>Sends a PUT request on a previously created HTTP Session.</doc>
<status status="NOT RUN" start="2026-02-05T14:48:17.769948" elapsed="0.000106"/>
</kw>
<kw name="Log To Console" owner="BuiltIn">
<arg>${response.status_code}</arg>
<doc>Logs the given message to the console.</doc>
<status status="NOT RUN" start="2026-02-05T14:48:17.770184" elapsed="0.000106"/>
</kw>
<return>
<value>${response}</value>
<status status="NOT RUN" start="2026-02-05T14:48:17.770380" elapsed="0.000073"/>
</return>
<status status="NOT RUN" start="2026-02-05T14:48:17.769640" elapsed="0.000856"/>
</branch>
<branch type="ELSE IF" condition="'${method}' == 'DELETE'">
<kw name="DELETE On Session" owner="RequestsLibrary">
<msg time="2026-02-05T14:48:18.225528" level="INFO">DELETE Request : url=https://com2171--siman.myvtex.com/_v/sizes-table/table 
 path_url=/_v/sizes-table/table 
 headers={'User-Agent': 'python-requests/2.32.5', 'Accept-Encoding': 'gzip, deflate', 'Accept': '*/*', 'Connection': 'keep-alive', 'Content-Length': '0'} 
 body=None 
 </msg>
<msg time="2026-02-05T14:48:18.226145" level="INFO">DELETE Response : url=https://com2171--siman.myvtex.com/_v/sizes-table/table 
 status=401, reason=Unauthorized 
 headers={'Content-Type': 'application/json; charset=utf-8', 'Content-Length': '27', 'Connection': 'keep-alive', 'Date': 'Thu, 05 Feb 2026 20:48:18 GMT', 'X-Vtex-Io-Cluster-Id': 'prod-dj-iodev-eks-use1a-d3n', 'Cache-Control': 'no-cache, no-store', 'Pragma': 'no-cache, no-store', 'Vary': 'Accept-Encoding', 'X-VTEX-Janus-Router-Backend-App': 'io-development-vdev-1a-d3n', 'X-Request-ID': 'ec725d7db41e4edfbbe9e25bbebe1b28', 'X-Vtex-Router-Version': '9.17.18', 'X-Vtex-Router-Elapsed-Time': '00:00:00.0290638', 'X-Vtex-Backend-Elapsed-Time': '00:00:00.0049249', 'X-Cache': 'Error from cloudfront', 'Via': '1.1 6fbeae74487f866b555dc44d03fcc2a6.cloudfront.net (CloudFront)', 'X-Amz-Cf-Pop': 'MIA3-P3', 'X-Amz-Cf-Id': 'ZwxaNu1zno-ds8LZ8W2d-7MbKEQQf69Rufh1m8ZZwreys6xtxtz2-g=='} 
 body={"error":"Missing cookies"} 
 </msg>
<msg time="2026-02-05T14:48:18.226939" level="FAIL">HTTPError: 401 Client Error: Unauthorized for url: https://com2171--siman.myvtex.com/_v/sizes-table/table</msg>
<var>${response}</var>
<arg>api</arg>
<arg>${path}</arg>
<doc>Sends a DELETE request on a previously created HTTP Session.</doc>
<status status="FAIL" start="2026-02-05T14:48:17.770947" elapsed="0.468084">HTTPError: 401 Client Error: Unauthorized for url: https://com2171--siman.myvtex.com/_v/sizes-table/table</status>
</kw>
<kw name="Log To Console" owner="BuiltIn">
<arg>${response.status_code}</arg>
<doc>Logs the given message to the console.</doc>
<status status="NOT RUN" start="2026-02-05T14:48:18.239652" elapsed="0.000439"/>
</kw>
<return>
<value>${response}</value>
<status status="NOT RUN" start="2026-02-05T14:48:18.240456" elapsed="0.000260"/>
</return>
<status status="FAIL" start="2026-02-05T14:48:17.770546" elapsed="0.470390">HTTPError: 401 Client Error: Unauthorized for url: https://com2171--siman.myvtex.com/_v/sizes-table/table</status>
</branch>
<status status="FAIL" start="2026-02-05T14:48:17.767290" elapsed="0.473835">HTTPError: 401 Client Error: Unauthorized for url: https://com2171--siman.myvtex.com/_v/sizes-table/table</status>
</if>
<arg>${method}</arg>
<arg>${path}</arg>
<doc>Execute an API request based on the method and path.</doc>
<status status="FAIL" start="2026-02-05T14:48:17.766553" elapsed="0.474821">HTTPError: 401 Client Error: Unauthorized for url: https://com2171--siman.myvtex.com/_v/sizes-table/table</status>
</kw>
<msg time="2026-02-05T14:48:18.241736" level="INFO">${status} = FAIL</msg>
<msg time="2026-02-05T14:48:18.242057" level="INFO">${result} = HTTPError: 401 Client Error: Unauthorized for url: https://com2171--siman.myvtex.com/_v/sizes-table/table</msg>
<var>${status}</var>
<var>${result}</var>
<arg>Execute API Request</arg>
<arg>${method}</arg>
<arg>${path}</arg>
<doc>Runs the given keyword with the given arguments and ignores possible error.</doc>
<status status="PASS" start="2026-02-05T14:48:17.765193" elapsed="0.477048"/>
</kw>
<if>
<branch type="IF" condition="'${status}' == 'PASS'">
<kw name="Log To Console" owner="BuiltIn">
<arg>${result.status_code}</arg>
<doc>Logs the given message to the console.</doc>
<status status="NOT RUN" start="2026-02-05T14:48:18.243071" elapsed="0.000741"/>
</kw>
<return>
<value>${result}</value>
<status status="NOT RUN" start="2026-02-05T14:48:18.244489" elapsed="0.000419"/>
</return>
<status status="NOT RUN" start="2026-02-05T14:48:18.242542" elapsed="0.002483"/>
</branch>
<branch type="ELSE">
<kw name="Log To Console" owner="BuiltIn">
<arg>Error with method: ${method} and path: ${path} - ${result}</arg>
<doc>Logs the given message to the console.</doc>
<status status="PASS" start="2026-02-05T14:48:18.245493" elapsed="0.001208"/>
</kw>
<return>
<value>${result}</value>
<status status="PASS" start="2026-02-05T14:48:18.247089" elapsed="0.000216"/>
</return>
<status status="PASS" start="2026-02-05T14:48:18.245112" elapsed="0.002273"/>
</branch>
<status status="PASS" start="2026-02-05T14:48:18.242500" elapsed="0.004940"/>
</if>
<msg time="2026-02-05T14:48:18.247622" level="INFO">${response} = HTTPError: 401 Client Error: Unauthorized for url: https://com2171--siman.myvtex.com/_v/sizes-table/table</msg>
<var>${response}</var>
<arg>${url}</arg>
<arg>${method}</arg>
<arg>${path}</arg>
<doc>Create an API session and execute the request.</doc>
<status status="PASS" start="2026-02-05T14:48:17.762951" elapsed="0.484911"/>
</kw>
<kw name="Set Variable If" owner="BuiltIn">
<msg time="2026-02-05T14:48:18.248544" level="INFO">${expected} = 405</msg>
<var>${expected}</var>
<arg>'${method}' == 'POST'</arg>
<arg>200</arg>
<arg>405</arg>
<doc>Sets variable based on the given condition.</doc>
<status status="PASS" start="2026-02-05T14:48:18.248099" elapsed="0.000605"/>
</kw>
<kw name="Run Keyword And Return Status" owner="BuiltIn">
<kw name="Should Be Equal As Integers" owner="BuiltIn">
<msg time="2026-02-05T14:48:18.250446" level="FAIL">Resolving variable '${response.status_code}' failed: AttributeError: 'str' object has no attribute 'status_code'</msg>
<arg>${response.status_code}</arg>
<arg>${expected}</arg>
<doc>Fails if objects are unequal after converting them to integers.</doc>
<status status="FAIL" start="2026-02-05T14:48:18.249349" elapsed="0.005030">Resolving variable '${response.status_code}' failed: AttributeError: 'str' object has no attribute 'status_code'</status>
</kw>
<msg time="2026-02-05T14:48:18.254609" level="INFO">${passed} = False</msg>
<var>${passed}</var>
<arg>Should Be Equal As Integers</arg>
<arg>${response.status_code}</arg>
<arg>${expected}</arg>
<doc>Runs the given keyword with given arguments and returns the status as a Boolean value.</doc>
<status status="PASS" start="2026-02-05T14:48:18.248985" elapsed="0.005747"/>
</kw>
<if>
<branch type="IF" condition="${passed}">
<kw name="Log" owner="BuiltIn">
<arg>Unexpected response ${response.status_code} (expected ${expected}) — continuing</arg>
<doc>Logs the given message with the given level.</doc>
<status status="NOT RUN" start="2026-02-05T14:48:18.255366" elapsed="0.000351"/>
</kw>
<status status="NOT RUN" start="2026-02-05T14:48:18.254935" elapsed="0.000900"/>
</branch>
<status status="PASS" start="2026-02-05T14:48:18.254908" elapsed="0.000977"/>
</if>
<kw name="Set Variable If" owner="BuiltIn">
<msg time="2026-02-05T14:48:18.256383" level="INFO">${result} = FAIL</msg>
<var>${result}</var>
<arg>${passed}</arg>
<arg>PASS</arg>
<arg>FAIL</arg>
<doc>Sets variable based on the given condition.</doc>
<status status="PASS" start="2026-02-05T14:48:18.256015" elapsed="0.000501"/>
</kw>
<kw name="Append Result" owner="excel_writer">
<arg>${env}</arg>
<arg>${url}</arg>
<arg>${node}</arg>
<arg>${path}</arg>
<arg>${method}</arg>
<arg>${result}</arg>
<doc>Robot keyword to append a row.</doc>
<status status="PASS" start="2026-02-05T14:48:18.256651" elapsed="0.008074"/>
</kw>
<var name="${method}">DELETE</var>
<status status="PASS" start="2026-02-05T14:48:17.760940" elapsed="0.504002"/>
</iter>
<var>${method}</var>
<value>@{endpoint['methods']}</value>
<status status="PASS" start="2026-02-05T14:47:47.246373" elapsed="31.018666"/>
</for>
<var name="${node}">tables</var>
<status status="PASS" start="2026-02-05T14:47:47.243773" elapsed="31.021369"/>
</iter>
<iter>
<kw name="Set Variable" owner="BuiltIn">
<msg time="2026-02-05T14:48:18.265907" level="INFO">${endpoint} = {'path': '/_v/sizes-table/table/{id}', 'methods': ['GET', 'DELETE']}</msg>
<var>${endpoint}</var>
<arg>${path_data}[${node}]</arg>
<doc>Returns the given values which can then be assigned to a variables.</doc>
<status status="PASS" start="2026-02-05T14:48:18.265599" elapsed="0.000497"/>
</kw>
<kw name="Set Variable" owner="BuiltIn">
<msg time="2026-02-05T14:48:18.266845" level="INFO">${path} = /_v/sizes-table/table/{id}</msg>
<var>${path}</var>
<arg>${endpoint['path']}</arg>
<doc>Returns the given values which can then be assigned to a variables.</doc>
<status status="PASS" start="2026-02-05T14:48:18.266298" elapsed="0.000680"/>
</kw>
<for flavor="IN">
<iter>
<kw name="Log To Console" owner="BuiltIn">
<arg>Testing environment ${env} url ${url} endpoint ${node} with path: ${path} and method: ${method}</arg>
<doc>Logs the given message to the console.</doc>
<status status="PASS" start="2026-02-05T14:48:18.267676" elapsed="0.000627"/>
</kw>
<kw name="Create API Session And Execute" owner="http_keywords">
<kw name="Create Session" owner="RequestsLibrary">
<msg time="2026-02-05T14:48:18.270164" level="INFO">Creating Session using : alias=api, url=https://com2171--siman.myvtex.com, headers={},                     cookies={}, auth=None, timeout=None, proxies=None, verify=True,                     debug=0 </msg>
<arg>api</arg>
<arg>${base_url}</arg>
<arg>verify=true</arg>
<doc>Create Session: create a HTTP session to a server</doc>
<status status="PASS" start="2026-02-05T14:48:18.269696" elapsed="0.000700"/>
</kw>
<kw name="Run Keyword And Ignore Error" owner="BuiltIn">
<kw name="Execute API Request" owner="http_keywords">
<if>
<branch type="IF" condition="'${method}' == 'GET'">
<kw name="GET On Session" owner="RequestsLibrary">
<msg time="2026-02-05T14:48:18.720040" level="INFO">GET Request : url=https://com2171--siman.myvtex.com/_v/sizes-table/table/%7Bid%7D 
 path_url=/_v/sizes-table/table/%7Bid%7D 
 headers={'User-Agent': 'python-requests/2.32.5', 'Accept-Encoding': 'gzip, deflate', 'Accept': '*/*', 'Connection': 'keep-alive'} 
 body=None 
 </msg>
<msg time="2026-02-05T14:48:18.720635" level="INFO">GET Response : url=https://com2171--siman.myvtex.com/_v/sizes-table/table/%7Bid%7D 
 status=401, reason=Unauthorized 
 headers={'Content-Type': 'application/json; charset=utf-8', 'Content-Length': '27', 'Connection': 'keep-alive', 'Date': 'Thu, 05 Feb 2026 20:48:18 GMT', 'X-Vtex-Io-Cluster-Id': 'prod-dj-iodev-eks-use1a-d3n', 'Cache-Control': 'no-cache, no-store', 'Pragma': 'no-cache, no-store', 'X-VTEX-Janus-Router-Backend-App': 'io-development-vdev-1a-d3n', 'X-Router-Cache': 'MISS', 'X-Request-ID': 'ef245a30f46f402fb81f8216f4a9d9a0', 'X-Vtex-Router-Version': '9.17.18', 'X-Vtex-Router-Elapsed-Time': '00:00:00.0314550', 'X-Vtex-Backend-Elapsed-Time': '00:00:00.0045729', 'Vary': 'Accept-Encoding', 'X-Cache': 'Error from cloudfront', 'Via': '1.1 1bffd4a1b88ed4ab0d5da6a91c124fce.cloudfront.net (CloudFront)', 'X-Amz-Cf-Pop': 'MIA3-P3', 'X-Amz-Cf-Id': 'ESnF89dxVdrZmpbA06UGd3EfOiLhN0XPK12qeKVK30wQ8H1oHIh7Mw=='} 
 body={"error":"Missing cookies"} 
 </msg>
<msg time="2026-02-05T14:48:18.721252" level="FAIL">HTTPError: 401 Client Error: Unauthorized for url: https://com2171--siman.myvtex.com/_v/sizes-table/table/%7Bid%7D</msg>
<var>${response}</var>
<arg>api</arg>
<arg>${path}</arg>
<doc>Sends a GET request on a previously created HTTP Session.</doc>
<status status="FAIL" start="2026-02-05T14:48:18.271858" elapsed="0.461812">HTTPError: 401 Client Error: Unauthorized for url: https://com2171--siman.myvtex.com/_v/sizes-table/table/%7Bid%7D</status>
</kw>
<kw name="Log To Console" owner="BuiltIn">
<arg>${response.status_code}</arg>
<doc>Logs the given message to the console.</doc>
<status status="NOT RUN" start="2026-02-05T14:48:18.734626" elapsed="0.000594"/>
</kw>
<return>
<value>${response}</value>
<status status="NOT RUN" start="2026-02-05T14:48:18.735514" elapsed="0.000233"/>
</return>
<status status="FAIL" start="2026-02-05T14:48:18.271510" elapsed="0.464412">HTTPError: 401 Client Error: Unauthorized for url: https://com2171--siman.myvtex.com/_v/sizes-table/table/%7Bid%7D</status>
</branch>
<branch type="ELSE IF" condition="'${method}' == 'POST'">
<kw name="POST On Session" owner="RequestsLibrary">
<var>${response}</var>
<arg>api</arg>
<arg>${path}</arg>
<doc>Sends a POST request on a previously created HTTP Session.</doc>
<status status="NOT RUN" start="2026-02-05T14:48:18.736604" elapsed="0.000306"/>
</kw>
<kw name="Log To Console" owner="BuiltIn">
<arg>${response.status_code}</arg>
<doc>Logs the given message to the console.</doc>
<status status="NOT RUN" start="2026-02-05T14:48:18.737295" elapsed="0.000304"/>
</kw>
<return>
<value>${response}</value>
<status status="NOT RUN" start="2026-02-05T14:48:18.737829" elapsed="0.000187"/>
</return>
<status status="NOT RUN" start="2026-02-05T14:48:18.736083" elapsed="0.002044"/>
</branch>
<branch type="ELSE IF" condition="'${method}' == 'PUT'">
<kw name="PUT On Session" owner="RequestsLibrary">
<var>${response}</var>
<arg>api</arg>
<arg>${path}</arg>
<doc>Sends a PUT request on a previously created HTTP Session.</doc>
<status status="NOT RUN" start="2026-02-05T14:48:18.738723" elapsed="0.000215"/>
</kw>
<kw name="Log To Console" owner="BuiltIn">
<arg>${response.status_code}</arg>
<doc>Logs the given message to the console.</doc>
<status status="NOT RUN" start="2026-02-05T14:48:18.739188" elapsed="0.000192"/>
</kw>
<return>
<value>${response}</value>
<status status="NOT RUN" start="2026-02-05T14:48:18.739556" elapsed="0.000132"/>
</return>
<status status="NOT RUN" start="2026-02-05T14:48:18.738260" elapsed="0.001506"/>
</branch>
<branch type="ELSE IF" condition="'${method}' == 'DELETE'">
<kw name="DELETE On Session" owner="RequestsLibrary">
<var>${response}</var>
<arg>api</arg>
<arg>${path}</arg>
<doc>Sends a DELETE request on a previously created HTTP Session.</doc>
<status status="NOT RUN" start="2026-02-05T14:48:18.740186" elapsed="0.000203"/>
</kw>
<kw name="Log To Console" owner="BuiltIn">
<arg>${response.status_code}</arg>
<doc>Logs the given message to the console.</doc>
<status status="NOT RUN" start="2026-02-05T14:48:18.740642" elapsed="0.000206"/>
</kw>
<return>
<value>${response}</value>
<status status="NOT RUN" start="2026-02-05T14:48:18.741010" elapsed="0.000130"/>
</return>
<status status="NOT RUN" start="2026-02-05T14:48:18.739860" elapsed="0.001364"/>
</branch>
<status status="FAIL" start="2026-02-05T14:48:18.271455" elapsed="0.469869">HTTPError: 401 Client Error: Unauthorized for url: https://com2171--siman.myvtex.com/_v/sizes-table/table/%7Bid%7D</status>
</if>
<arg>${method}</arg>
<arg>${path}</arg>
<doc>Execute an API request based on the method and path.</doc>
<status status="FAIL" start="2026-02-05T14:48:18.271017" elapsed="0.470534">HTTPError: 401 Client Error: Unauthorized for url: https://com2171--siman.myvtex.com/_v/sizes-table/table/%7Bid%7D</status>
</kw>
<msg time="2026-02-05T14:48:18.741862" level="INFO">${status} = FAIL</msg>
<msg time="2026-02-05T14:48:18.742160" level="INFO">${result} = HTTPError: 401 Client Error: Unauthorized for url: https://com2171--siman.myvtex.com/_v/sizes-table/table/%7Bid%7D</msg>
<var>${status}</var>
<var>${result}</var>
<arg>Execute API Request</arg>
<arg>${method}</arg>
<arg>${path}</arg>
<doc>Runs the given keyword with the given arguments and ignores possible error.</doc>
<status status="PASS" start="2026-02-05T14:48:18.270570" elapsed="0.471751"/>
</kw>
<if>
<branch type="IF" condition="'${status}' == 'PASS'">
<kw name="Log To Console" owner="BuiltIn">
<arg>${result.status_code}</arg>
<doc>Logs the given message to the console.</doc>
<status status="NOT RUN" start="2026-02-05T14:48:18.743009" elapsed="0.000367"/>
</kw>
<return>
<value>${result}</value>
<status status="NOT RUN" start="2026-02-05T14:48:18.743596" elapsed="0.000457"/>
</return>
<status status="NOT RUN" start="2026-02-05T14:48:18.742572" elapsed="0.001697"/>
</branch>
<branch type="ELSE">
<kw name="Log To Console" owner="BuiltIn">
<arg>Error with method: ${method} and path: ${path} - ${result}</arg>
<doc>Logs the given message to the console.</doc>
<status status="PASS" start="2026-02-05T14:48:18.744821" elapsed="0.000876"/>
</kw>
<return>
<value>${result}</value>
<status status="PASS" start="2026-02-05T14:48:18.745947" elapsed="0.000322"/>
</return>
<status status="PASS" start="2026-02-05T14:48:18.744390" elapsed="0.001942"/>
</branch>
<status status="PASS" start="2026-02-05T14:48:18.742538" elapsed="0.003834"/>
</if>
<msg time="2026-02-05T14:48:18.746502" level="INFO">${response} = HTTPError: 401 Client Error: Unauthorized for url: https://com2171--siman.myvtex.com/_v/sizes-table/table/%7Bid%7D</msg>
<var>${response}</var>
<arg>${url}</arg>
<arg>${method}</arg>
<arg>${path}</arg>
<doc>Create an API session and execute the request.</doc>
<status status="PASS" start="2026-02-05T14:48:18.269095" elapsed="0.477589"/>
</kw>
<kw name="Set Variable If" owner="BuiltIn">
<msg time="2026-02-05T14:48:18.747177" level="INFO">${expected} = 405</msg>
<var>${expected}</var>
<arg>'${method}' == 'POST'</arg>
<arg>200</arg>
<arg>405</arg>
<doc>Sets variable based on the given condition.</doc>
<status status="PASS" start="2026-02-05T14:48:18.746857" elapsed="0.000569"/>
</kw>
<kw name="Run Keyword And Return Status" owner="BuiltIn">
<kw name="Should Be Equal As Integers" owner="BuiltIn">
<msg time="2026-02-05T14:48:18.749128" level="FAIL">Resolving variable '${response.status_code}' failed: AttributeError: 'str' object has no attribute 'status_code'</msg>
<arg>${response.status_code}</arg>
<arg>${expected}</arg>
<doc>Fails if objects are unequal after converting them to integers.</doc>
<status status="FAIL" start="2026-02-05T14:48:18.748056" elapsed="0.004409">Resolving variable '${response.status_code}' failed: AttributeError: 'str' object has no attribute 'status_code'</status>
</kw>
<msg time="2026-02-05T14:48:18.752755" level="INFO">${passed} = False</msg>
<var>${passed}</var>
<arg>Should Be Equal As Integers</arg>
<arg>${response.status_code}</arg>
<arg>${expected}</arg>
<doc>Runs the given keyword with given arguments and returns the status as a Boolean value.</doc>
<status status="PASS" start="2026-02-05T14:48:18.747624" elapsed="0.005445"/>
</kw>
<if>
<branch type="IF" condition="${passed}">
<kw name="Log" owner="BuiltIn">
<arg>Unexpected response ${response.status_code} (expected ${expected}) — continuing</arg>
<doc>Logs the given message with the given level.</doc>
<status status="NOT RUN" start="2026-02-05T14:48:18.753695" elapsed="0.000244"/>
</kw>
<status status="NOT RUN" start="2026-02-05T14:48:18.753355" elapsed="0.000703"/>
</branch>
<status status="PASS" start="2026-02-05T14:48:18.753295" elapsed="0.000833"/>
</if>
<kw name="Set Variable If" owner="BuiltIn">
<msg time="2026-02-05T14:48:18.754544" level="INFO">${result} = FAIL</msg>
<var>${result}</var>
<arg>${passed}</arg>
<arg>PASS</arg>
<arg>FAIL</arg>
<doc>Sets variable based on the given condition.</doc>
<status status="PASS" start="2026-02-05T14:48:18.754266" elapsed="0.000446"/>
</kw>
<kw name="Append Result" owner="excel_writer">
<arg>${env}</arg>
<arg>${url}</arg>
<arg>${node}</arg>
<arg>${path}</arg>
<arg>${method}</arg>
<arg>${result}</arg>
<doc>Robot keyword to append a row.</doc>
<status status="PASS" start="2026-02-05T14:48:18.754869" elapsed="0.007742"/>
</kw>
<var name="${method}">GET</var>
<status status="PASS" start="2026-02-05T14:48:18.267528" elapsed="0.495254"/>
</iter>
<iter>
<kw name="Log To Console" owner="BuiltIn">
<arg>Testing environment ${env} url ${url} endpoint ${node} with path: ${path} and method: ${method}</arg>
<doc>Logs the given message to the console.</doc>
<status status="PASS" start="2026-02-05T14:48:18.763230" elapsed="0.000597"/>
</kw>
<kw name="Create API Session And Execute" owner="http_keywords">
<kw name="Create Session" owner="RequestsLibrary">
<msg time="2026-02-05T14:48:18.765158" level="INFO">Creating Session using : alias=api, url=https://com2171--siman.myvtex.com, headers={},                     cookies={}, auth=None, timeout=None, proxies=None, verify=True,                     debug=0 </msg>
<arg>api</arg>
<arg>${base_url}</arg>
<arg>verify=true</arg>
<doc>Create Session: create a HTTP session to a server</doc>
<status status="PASS" start="2026-02-05T14:48:18.764702" elapsed="0.000773"/>
</kw>
<kw name="Run Keyword And Ignore Error" owner="BuiltIn">
<kw name="Execute API Request" owner="http_keywords">
<if>
<branch type="IF" condition="'${method}' == 'GET'">
<kw name="GET On Session" owner="RequestsLibrary">
<var>${response}</var>
<arg>api</arg>
<arg>${path}</arg>
<doc>Sends a GET request on a previously created HTTP Session.</doc>
<status status="NOT RUN" start="2026-02-05T14:48:18.766793" elapsed="0.000128"/>
</kw>
<kw name="Log To Console" owner="BuiltIn">
<arg>${response.status_code}</arg>
<doc>Logs the given message to the console.</doc>
<status status="NOT RUN" start="2026-02-05T14:48:18.767075" elapsed="0.000121"/>
</kw>
<return>
<value>${response}</value>
<status status="NOT RUN" start="2026-02-05T14:48:18.767300" elapsed="0.000085"/>
</return>
<status status="NOT RUN" start="2026-02-05T14:48:18.766445" elapsed="0.000989"/>
</branch>
<branch type="ELSE IF" condition="'${method}' == 'POST'">
<kw name="POST On Session" owner="RequestsLibrary">
<var>${response}</var>
<arg>api</arg>
<arg>${path}</arg>
<doc>Sends a POST request on a previously created HTTP Session.</doc>
<status status="NOT RUN" start="2026-02-05T14:48:18.767817" elapsed="0.000122"/>
</kw>
<kw name="Log To Console" owner="BuiltIn">
<arg>${response.status_code}</arg>
<doc>Logs the given message to the console.</doc>
<status status="NOT RUN" start="2026-02-05T14:48:18.768082" elapsed="0.000111"/>
</kw>
<return>
<value>${response}</value>
<status status="NOT RUN" start="2026-02-05T14:48:18.768291" elapsed="0.000075"/>
</return>
<status status="NOT RUN" start="2026-02-05T14:48:18.767489" elapsed="0.000919"/>
</branch>
<branch type="ELSE IF" condition="'${method}' == 'PUT'">
<kw name="PUT On Session" owner="RequestsLibrary">
<var>${response}</var>
<arg>api</arg>
<arg>${path}</arg>
<doc>Sends a PUT request on a previously created HTTP Session.</doc>
<status status="NOT RUN" start="2026-02-05T14:48:18.768754" elapsed="0.000483"/>
</kw>
<kw name="Log To Console" owner="BuiltIn">
<arg>${response.status_code}</arg>
<doc>Logs the given message to the console.</doc>
<status status="NOT RUN" start="2026-02-05T14:48:18.769405" elapsed="0.000136"/>
</kw>
<return>
<value>${response}</value>
<status status="NOT RUN" start="2026-02-05T14:48:18.769639" elapsed="0.000085"/>
</return>
<status status="NOT RUN" start="2026-02-05T14:48:18.768459" elapsed="0.001311"/>
</branch>
<branch type="ELSE IF" condition="'${method}' == 'DELETE'">
<kw name="DELETE On Session" owner="RequestsLibrary">
<msg time="2026-02-05T14:48:19.289415" level="INFO">DELETE Request : url=https://com2171--siman.myvtex.com/_v/sizes-table/table/%7Bid%7D 
 path_url=/_v/sizes-table/table/%7Bid%7D 
 headers={'User-Agent': 'python-requests/2.32.5', 'Accept-Encoding': 'gzip, deflate', 'Accept': '*/*', 'Connection': 'keep-alive', 'Content-Length': '0'} 
 body=None 
 </msg>
<msg time="2026-02-05T14:48:19.290028" level="INFO">DELETE Response : url=https://com2171--siman.myvtex.com/_v/sizes-table/table/%7Bid%7D 
 status=401, reason=Unauthorized 
 headers={'Content-Type': 'application/json; charset=utf-8', 'Content-Length': '27', 'Connection': 'keep-alive', 'Date': 'Thu, 05 Feb 2026 20:48:19 GMT', 'X-Vtex-Io-Cluster-Id': 'prod-dj-iodev-eks-use1a-d3n', 'Cache-Control': 'no-cache, no-store', 'Pragma': 'no-cache, no-store', 'Vary': 'Accept-Encoding', 'X-VTEX-Janus-Router-Backend-App': 'io-development-vdev-1a-d3n', 'X-Request-ID': 'ffb214067b834581934f4110fdd6a312', 'X-Vtex-Router-Version': '9.17.18', 'X-Vtex-Router-Elapsed-Time': '00:00:00.0071207', 'X-Vtex-Backend-Elapsed-Time': '00:00:00.0022506', 'X-Cache': 'Error from cloudfront', 'Via': '1.1 e8554abd776d765bd2aa06385b8c6852.cloudfront.net (CloudFront)', 'X-Amz-Cf-Pop': 'MIA3-P3', 'X-Amz-Cf-Id': 'c3Ff96k9ZXQ4dIzZz0OIdqJ1AC7pWPJM7RaTVFnuDjRAWd2PNJj5Ow=='} 
 body={"error":"Missing cookies"} 
 </msg>
<msg time="2026-02-05T14:48:19.291114" level="FAIL">HTTPError: 401 Client Error: Unauthorized for url: https://com2171--siman.myvtex.com/_v/sizes-table/table/%7Bid%7D</msg>
<var>${response}</var>
<arg>api</arg>
<arg>${path}</arg>
<doc>Sends a DELETE request on a previously created HTTP Session.</doc>
<status status="FAIL" start="2026-02-05T14:48:18.770153" elapsed="0.532072">HTTPError: 401 Client Error: Unauthorized for url: https://com2171--siman.myvtex.com/_v/sizes-table/table/%7Bid%7D</status>
</kw>
<kw name="Log To Console" owner="BuiltIn">
<arg>${response.status_code}</arg>
<doc>Logs the given message to the console.</doc>
<status status="NOT RUN" start="2026-02-05T14:48:19.302889" elapsed="0.000404"/>
</kw>
<return>
<value>${response}</value>
<status status="NOT RUN" start="2026-02-05T14:48:19.303576" elapsed="0.000236"/>
</return>
<status status="FAIL" start="2026-02-05T14:48:18.769824" elapsed="0.534171">HTTPError: 401 Client Error: Unauthorized for url: https://com2171--siman.myvtex.com/_v/sizes-table/table/%7Bid%7D</status>
</branch>
<status status="FAIL" start="2026-02-05T14:48:18.766406" elapsed="0.537765">HTTPError: 401 Client Error: Unauthorized for url: https://com2171--siman.myvtex.com/_v/sizes-table/table/%7Bid%7D</status>
</if>
<arg>${method}</arg>
<arg>${path}</arg>
<doc>Execute an API request based on the method and path.</doc>
<status status="FAIL" start="2026-02-05T14:48:18.766036" elapsed="0.538443">HTTPError: 401 Client Error: Unauthorized for url: https://com2171--siman.myvtex.com/_v/sizes-table/table/%7Bid%7D</status>
</kw>
<msg time="2026-02-05T14:48:19.304955" level="INFO">${status} = FAIL</msg>
<msg time="2026-02-05T14:48:19.305353" level="INFO">${result} = HTTPError: 401 Client Error: Unauthorized for url: https://com2171--siman.myvtex.com/_v/sizes-table/table/%7Bid%7D</msg>
<var>${status}</var>
<var>${result}</var>
<arg>Execute API Request</arg>
<arg>${method}</arg>
<arg>${path}</arg>
<doc>Runs the given keyword with the given arguments and ignores possible error.</doc>
<status status="PASS" start="2026-02-05T14:48:18.765655" elapsed="0.540028"/>
</kw>
<if>
<branch type="IF" condition="'${status}' == 'PASS'">
<kw name="Log To Console" owner="BuiltIn">
<arg>${result.status_code}</arg>
<doc>Logs the given message to the console.</doc>
<status status="NOT RUN" start="2026-02-05T14:48:19.307013" elapsed="0.000723"/>
</kw>
<return>
<value>${result}</value>
<status status="NOT RUN" start="2026-02-05T14:48:19.308191" elapsed="0.000298"/>
</return>
<status status="NOT RUN" start="2026-02-05T14:48:19.306081" elapsed="0.002578"/>
</branch>
<branch type="ELSE">
<kw name="Log To Console" owner="BuiltIn">
<arg>Error with method: ${method} and path: ${path} - ${result}</arg>
<doc>Logs the given message to the console.</doc>
<status status="PASS" start="2026-02-05T14:48:19.309358" elapsed="0.001702"/>
</kw>
<return>
<value>${result}</value>
<status status="PASS" start="2026-02-05T14:48:19.311566" elapsed="0.000381"/>
</return>
<status status="PASS" start="2026-02-05T14:48:19.308802" elapsed="0.003297"/>
</branch>
<status status="PASS" start="2026-02-05T14:48:19.306029" elapsed="0.006173"/>
</if>
<msg time="2026-02-05T14:48:19.312538" level="INFO">${response} = HTTPError: 401 Client Error: Unauthorized for url: https://com2171--siman.myvtex.com/_v/sizes-table/table/%7Bid%7D</msg>
<var>${response}</var>
<arg>${url}</arg>
<arg>${method}</arg>
<arg>${path}</arg>
<doc>Create an API session and execute the request.</doc>
<status status="PASS" start="2026-02-05T14:48:18.764178" elapsed="0.548746"/>
</kw>
<kw name="Set Variable If" owner="BuiltIn">
<msg time="2026-02-05T14:48:19.314070" level="INFO">${expected} = 405</msg>
<var>${expected}</var>
<arg>'${method}' == 'POST'</arg>
<arg>200</arg>
<arg>405</arg>
<doc>Sets variable based on the given condition.</doc>
<status status="PASS" start="2026-02-05T14:48:19.313253" elapsed="0.001194"/>
</kw>
<kw name="Run Keyword And Return Status" owner="BuiltIn">
<kw name="Should Be Equal As Integers" owner="BuiltIn">
<msg time="2026-02-05T14:48:19.316711" level="FAIL">Resolving variable '${response.status_code}' failed: AttributeError: 'str' object has no attribute 'status_code'</msg>
<arg>${response.status_code}</arg>
<arg>${expected}</arg>
<doc>Fails if objects are unequal after converting them to integers.</doc>
<status status="FAIL" start="2026-02-05T14:48:19.315305" elapsed="0.005949">Resolving variable '${response.status_code}' failed: AttributeError: 'str' object has no attribute 'status_code'</status>
</kw>
<msg time="2026-02-05T14:48:19.321545" level="INFO">${passed} = False</msg>
<var>${passed}</var>
<arg>Should Be Equal As Integers</arg>
<arg>${response.status_code}</arg>
<arg>${expected}</arg>
<doc>Runs the given keyword with given arguments and returns the status as a Boolean value.</doc>
<status status="PASS" start="2026-02-05T14:48:19.314744" elapsed="0.006946"/>
</kw>
<if>
<branch type="IF" condition="${passed}">
<kw name="Log" owner="BuiltIn">
<arg>Unexpected response ${response.status_code} (expected ${expected}) — continuing</arg>
<doc>Logs the given message with the given level.</doc>
<status status="NOT RUN" start="2026-02-05T14:48:19.322490" elapsed="0.000229"/>
</kw>
<status status="NOT RUN" start="2026-02-05T14:48:19.321892" elapsed="0.000947"/>
</branch>
<status status="PASS" start="2026-02-05T14:48:19.321853" elapsed="0.001044"/>
</if>
<kw name="Set Variable If" owner="BuiltIn">
<msg time="2026-02-05T14:48:19.323349" level="INFO">${result} = FAIL</msg>
<var>${result}</var>
<arg>${passed}</arg>
<arg>PASS</arg>
<arg>FAIL</arg>
<doc>Sets variable based on the given condition.</doc>
<status status="PASS" start="2026-02-05T14:48:19.323017" elapsed="0.000496"/>
</kw>
<kw name="Append Result" owner="excel_writer">
<arg>${env}</arg>
<arg>${url}</arg>
<arg>${node}</arg>
<arg>${path}</arg>
<arg>${method}</arg>
<arg>${result}</arg>
<doc>Robot keyword to append a row.</doc>
<status status="PASS" start="2026-02-05T14:48:19.323702" elapsed="0.019726"/>
</kw>
<var name="${method}">DELETE</var>
<status status="PASS" start="2026-02-05T14:48:18.763006" elapsed="0.580841"/>
</iter>
<var>${method}</var>
<value>@{endpoint['methods']}</value>
<status status="PASS" start="2026-02-05T14:48:18.267076" elapsed="1.076933"/>
</for>
<var name="${node}">tableById</var>
<status status="PASS" start="2026-02-05T14:48:18.265374" elapsed="1.078741"/>
</iter>
<iter>
<kw name="Set Variable" owner="BuiltIn">
<msg time="2026-02-05T14:48:19.345262" level="INFO">${endpoint} = {'path': '/_v/sizes-table/table/params', 'methods': ['POST']}</msg>
<var>${endpoint}</var>
<arg>${path_data}[${node}]</arg>
<doc>Returns the given values which can then be assigned to a variables.</doc>
<status status="PASS" start="2026-02-05T14:48:19.344746" elapsed="0.001050"/>
</kw>
<kw name="Set Variable" owner="BuiltIn">
<msg time="2026-02-05T14:48:19.347567" level="INFO">${path} = /_v/sizes-table/table/params</msg>
<var>${path}</var>
<arg>${endpoint['path']}</arg>
<doc>Returns the given values which can then be assigned to a variables.</doc>
<status status="PASS" start="2026-02-05T14:48:19.346201" elapsed="0.001605"/>
</kw>
<for flavor="IN">
<iter>
<kw name="Log To Console" owner="BuiltIn">
<arg>Testing environment ${env} url ${url} endpoint ${node} with path: ${path} and method: ${method}</arg>
<doc>Logs the given message to the console.</doc>
<status status="PASS" start="2026-02-05T14:48:19.349041" elapsed="0.000778"/>
</kw>
<kw name="Create API Session And Execute" owner="http_keywords">
<kw name="Create Session" owner="RequestsLibrary">
<msg time="2026-02-05T14:48:19.350971" level="INFO">Creating Session using : alias=api, url=https://com2171--siman.myvtex.com, headers={},                     cookies={}, auth=None, timeout=None, proxies=None, verify=True,                     debug=0 </msg>
<arg>api</arg>
<arg>${base_url}</arg>
<arg>verify=true</arg>
<doc>Create Session: create a HTTP session to a server</doc>
<status status="PASS" start="2026-02-05T14:48:19.350689" elapsed="0.000557"/>
</kw>
<kw name="Run Keyword And Ignore Error" owner="BuiltIn">
<kw name="Execute API Request" owner="http_keywords">
<if>
<branch type="IF" condition="'${method}' == 'GET'">
<kw name="GET On Session" owner="RequestsLibrary">
<var>${response}</var>
<arg>api</arg>
<arg>${path}</arg>
<doc>Sends a GET request on a previously created HTTP Session.</doc>
<status status="NOT RUN" start="2026-02-05T14:48:19.352535" elapsed="0.000131"/>
</kw>
<kw name="Log To Console" owner="BuiltIn">
<arg>${response.status_code}</arg>
<doc>Logs the given message to the console.</doc>
<status status="NOT RUN" start="2026-02-05T14:48:19.352814" elapsed="0.000121"/>
</kw>
<return>
<value>${response}</value>
<status status="NOT RUN" start="2026-02-05T14:48:19.353029" elapsed="0.000082"/>
</return>
<status status="NOT RUN" start="2026-02-05T14:48:19.352143" elapsed="0.001015"/>
</branch>
<branch type="ELSE IF" condition="'${method}' == 'POST'">
<kw name="POST On Session" owner="RequestsLibrary">
<msg time="2026-02-05T14:48:19.757931" level="INFO">POST Request : url=https://com2171--siman.myvtex.com/_v/sizes-table/table/params 
 path_url=/_v/sizes-table/table/params 
 headers={'User-Agent': 'python-requests/2.32.5', 'Accept-Encoding': 'gzip, deflate', 'Accept': '*/*', 'Connection': 'keep-alive', 'Content-Length': '0'} 
 body=None 
 </msg>
<msg time="2026-02-05T14:48:19.758618" level="INFO">POST Response : url=https://com2171--siman.myvtex.com/_v/sizes-table/table/params 
 status=200, reason=OK 
 headers={'Content-Type': 'application/json; charset=utf-8', 'Content-Length': '2', 'Connection': 'keep-alive', 'Date': 'Thu, 05 Feb 2026 20:48:19 GMT', 'X-Vtex-Io-Cluster-Id': 'prod-dj-iodev-eks-use1a-d3n', 'Vary': 'Accept-Encoding', 'X-VTEX-Janus-Router-Backend-App': 'io-development-vdev-1a-d3n', 'X-Request-ID': '07fba515d14c428ebba36ea03773d30c', 'X-Vtex-Router-Version': '9.17.18', 'X-Vtex-Router-Elapsed-Time': '00:00:00.0368707', 'X-Vtex-Backend-Elapsed-Time': '00:00:00.0126816', 'X-Cache': 'Miss from cloudfront', 'Via': '1.1 21d03b2221803a81f507c74be4779a0c.cloudfront.net (CloudFront)', 'X-Amz-Cf-Pop': 'MIA3-P3', 'X-Amz-Cf-Id': 'GWTXnfFVsO01Ls67cQZVKgOJaWTeGTEZl1bzoIsMtoGh2Qu9DmpRhw=='} 
 body=[] 
 </msg>
<msg time="2026-02-05T14:48:19.759215" level="INFO">${response} = &lt;Response [200]&gt;</msg>
<var>${response}</var>
<arg>api</arg>
<arg>${path}</arg>
<doc>Sends a POST request on a previously created HTTP Session.</doc>
<status status="PASS" start="2026-02-05T14:48:19.353526" elapsed="0.405993"/>
</kw>
<kw name="Log To Console" owner="BuiltIn">
<arg>${response.status_code}</arg>
<doc>Logs the given message to the console.</doc>
<status status="PASS" start="2026-02-05T14:48:19.760257" elapsed="0.003223"/>
</kw>
<return>
<value>${response}</value>
<status status="PASS" start="2026-02-05T14:48:19.764199" elapsed="0.000710"/>
</return>
<status status="PASS" start="2026-02-05T14:48:19.353212" elapsed="0.411993"/>
</branch>
<branch type="ELSE IF" condition="'${method}' == 'PUT'">
<kw name="PUT On Session" owner="RequestsLibrary">
<var>${response}</var>
<arg>api</arg>
<arg>${path}</arg>
<doc>Sends a PUT request on a previously created HTTP Session.</doc>
<status status="NOT RUN" start="2026-02-05T14:48:19.766773" elapsed="0.000756"/>
</kw>
<kw name="Log To Console" owner="BuiltIn">
<arg>${response.status_code}</arg>
<doc>Logs the given message to the console.</doc>
<status status="NOT RUN" start="2026-02-05T14:48:19.768256" elapsed="0.000550"/>
</kw>
<return>
<value>${response}</value>
<status status="NOT RUN" start="2026-02-05T14:48:19.769160" elapsed="0.000283"/>
</return>
<status status="NOT RUN" start="2026-02-05T14:48:19.765519" elapsed="0.004082"/>
</branch>
<branch type="ELSE IF" condition="'${method}' == 'DELETE'">
<kw name="DELETE On Session" owner="RequestsLibrary">
<var>${response}</var>
<arg>api</arg>
<arg>${path}</arg>
<doc>Sends a DELETE request on a previously created HTTP Session.</doc>
<status status="NOT RUN" start="2026-02-05T14:48:19.770881" elapsed="0.000533"/>
</kw>
<kw name="Log To Console" owner="BuiltIn">
<arg>${response.status_code}</arg>
<doc>Logs the given message to the console.</doc>
<status status="NOT RUN" start="2026-02-05T14:48:19.771912" elapsed="0.000394"/>
</kw>
<return>
<value>${response}</value>
<status status="NOT RUN" start="2026-02-05T14:48:19.772675" elapsed="0.000308"/>
</return>
<status status="NOT RUN" start="2026-02-05T14:48:19.769947" elapsed="0.003223"/>
</branch>
<status status="PASS" start="2026-02-05T14:48:19.352105" elapsed="0.421297"/>
</if>
<arg>${method}</arg>
<arg>${path}</arg>
<doc>Execute an API request based on the method and path.</doc>
<status status="PASS" start="2026-02-05T14:48:19.351751" elapsed="0.422230"/>
</kw>
<msg time="2026-02-05T14:48:19.774553" level="INFO">${status} = PASS</msg>
<msg time="2026-02-05T14:48:19.775096" level="INFO">${result} = &lt;Response [200]&gt;</msg>
<var>${status}</var>
<var>${result}</var>
<arg>Execute API Request</arg>
<arg>${method}</arg>
<arg>${path}</arg>
<doc>Runs the given keyword with the given arguments and ignores possible error.</doc>
<status status="PASS" start="2026-02-05T14:48:19.351398" elapsed="0.424170"/>
</kw>
<if>
<branch type="IF" condition="'${status}' == 'PASS'">
<kw name="Log To Console" owner="BuiltIn">
<arg>${result.status_code}</arg>
<doc>Logs the given message to the console.</doc>
<status status="PASS" start="2026-02-05T14:48:19.777027" elapsed="0.001659"/>
</kw>
<return>
<value>${result}</value>
<status status="PASS" start="2026-02-05T14:48:19.779126" elapsed="0.000340"/>
</return>
<status status="PASS" start="2026-02-05T14:48:19.776071" elapsed="0.003498"/>
</branch>
<branch type="ELSE">
<kw name="Log To Console" owner="BuiltIn">
<arg>Error with method: ${method} and path: ${path} - ${result}</arg>
<doc>Logs the given message to the console.</doc>
<status status="NOT RUN" start="2026-02-05T14:48:19.779938" elapsed="0.000342"/>
</kw>
<return>
<value>${result}</value>
<status status="NOT RUN" start="2026-02-05T14:48:19.780585" elapsed="0.000207"/>
</return>
<status status="NOT RUN" start="2026-02-05T14:48:19.779629" elapsed="0.001277"/>
</branch>
<status status="PASS" start="2026-02-05T14:48:19.776003" elapsed="0.005004"/>
</if>
<msg time="2026-02-05T14:48:19.781321" level="INFO">${response} = &lt;Response [200]&gt;</msg>
<var>${response}</var>
<arg>${url}</arg>
<arg>${method}</arg>
<arg>${path}</arg>
<doc>Create an API session and execute the request.</doc>
<status status="PASS" start="2026-02-05T14:48:19.350226" elapsed="0.431564"/>
</kw>
<kw name="Set Variable If" owner="BuiltIn">
<msg time="2026-02-05T14:48:19.783025" level="INFO">${expected} = 200</msg>
<var>${expected}</var>
<arg>'${method}' == 'POST'</arg>
<arg>200</arg>
<arg>405</arg>
<doc>Sets variable based on the given condition.</doc>
<status status="PASS" start="2026-02-05T14:48:19.782114" elapsed="0.001441"/>
</kw>
<kw name="Run Keyword And Return Status" owner="BuiltIn">
<kw name="Should Be Equal As Integers" owner="BuiltIn">
<msg time="2026-02-05T14:48:19.785894" level="INFO">Argument types are:
&lt;class 'int'&gt;
&lt;class 'str'&gt;</msg>
<arg>${response.status_code}</arg>
<arg>${expected}</arg>
<doc>Fails if objects are unequal after converting them to integers.</doc>
<status status="PASS" start="2026-02-05T14:48:19.784388" elapsed="0.002024"/>
</kw>
<msg time="2026-02-05T14:48:19.786605" level="INFO">${passed} = True</msg>
<var>${passed}</var>
<arg>Should Be Equal As Integers</arg>
<arg>${response.status_code}</arg>
<arg>${expected}</arg>
<doc>Runs the given keyword with given arguments and returns the status as a Boolean value.</doc>
<status status="PASS" start="2026-02-05T14:48:19.783830" elapsed="0.002924"/>
</kw>
<if>
<branch type="IF" condition="${passed}">
<kw name="Log" owner="BuiltIn">
<msg time="2026-02-05T14:48:19.791774" level="INFO">Unexpected response 200 (expected 200) — continuing</msg>
<arg>Unexpected response ${response.status_code} (expected ${expected}) — continuing</arg>
<doc>Logs the given message with the given level.</doc>
<status status="PASS" start="2026-02-05T14:48:19.787265" elapsed="0.004817"/>
</kw>
<status status="PASS" start="2026-02-05T14:48:19.786904" elapsed="0.005361"/>
</branch>
<status status="PASS" start="2026-02-05T14:48:19.786877" elapsed="0.005569"/>
</if>
<kw name="Set Variable If" owner="BuiltIn">
<msg time="2026-02-05T14:48:19.793328" level="INFO">${result} = PASS</msg>
<var>${result}</var>
<arg>${passed}</arg>
<arg>PASS</arg>
<arg>FAIL</arg>
<doc>Sets variable based on the given condition.</doc>
<status status="PASS" start="2026-02-05T14:48:19.792619" elapsed="0.001160"/>
</kw>
<kw name="Append Result" owner="excel_writer">
<arg>${env}</arg>
<arg>${url}</arg>
<arg>${node}</arg>
<arg>${path}</arg>
<arg>${method}</arg>
<arg>${result}</arg>
<doc>Robot keyword to append a row.</doc>
<status status="PASS" start="2026-02-05T14:48:19.794097" elapsed="0.009657"/>
</kw>
<var name="${method}">POST</var>
<status status="PASS" start="2026-02-05T14:48:19.348741" elapsed="0.455212"/>
</iter>
<var>${method}</var>
<value>@{endpoint['methods']}</value>
<status status="PASS" start="2026-02-05T14:48:19.347943" elapsed="0.456096"/>
</for>
<var name="${node}">tableByParams</var>
<status status="PASS" start="2026-02-05T14:48:19.344424" elapsed="0.459693"/>
</iter>
<iter>
<kw name="Set Variable" owner="BuiltIn">
<msg time="2026-02-05T14:48:19.804972" level="INFO">${endpoint} = {'path': '/_v/sizes-table/restore/', 'methods': ['POST']}</msg>
<var>${endpoint}</var>
<arg>${path_data}[${node}]</arg>
<doc>Returns the given values which can then be assigned to a variables.</doc>
<status status="PASS" start="2026-02-05T14:48:19.804661" elapsed="0.000498"/>
</kw>
<kw name="Set Variable" owner="BuiltIn">
<msg time="2026-02-05T14:48:19.805990" level="INFO">${path} = /_v/sizes-table/restore/</msg>
<var>${path}</var>
<arg>${endpoint['path']}</arg>
<doc>Returns the given values which can then be assigned to a variables.</doc>
<status status="PASS" start="2026-02-05T14:48:19.805311" elapsed="0.000862"/>
</kw>
<for flavor="IN">
<iter>
<kw name="Log To Console" owner="BuiltIn">
<arg>Testing environment ${env} url ${url} endpoint ${node} with path: ${path} and method: ${method}</arg>
<doc>Logs the given message to the console.</doc>
<status status="PASS" start="2026-02-05T14:48:19.807146" elapsed="0.000593"/>
</kw>
<kw name="Create API Session And Execute" owner="http_keywords">
<kw name="Create Session" owner="RequestsLibrary">
<msg time="2026-02-05T14:48:19.808735" level="INFO">Creating Session using : alias=api, url=https://com2171--siman.myvtex.com, headers={},                     cookies={}, auth=None, timeout=None, proxies=None, verify=True,                     debug=0 </msg>
<arg>api</arg>
<arg>${base_url}</arg>
<arg>verify=true</arg>
<doc>Create Session: create a HTTP session to a server</doc>
<status status="PASS" start="2026-02-05T14:48:19.808447" elapsed="0.000542"/>
</kw>
<kw name="Run Keyword And Ignore Error" owner="BuiltIn">
<kw name="Execute API Request" owner="http_keywords">
<if>
<branch type="IF" condition="'${method}' == 'GET'">
<kw name="GET On Session" owner="RequestsLibrary">
<var>${response}</var>
<arg>api</arg>
<arg>${path}</arg>
<doc>Sends a GET request on a previously created HTTP Session.</doc>
<status status="NOT RUN" start="2026-02-05T14:48:19.810796" elapsed="0.000276"/>
</kw>
<kw name="Log To Console" owner="BuiltIn">
<arg>${response.status_code}</arg>
<doc>Logs the given message to the console.</doc>
<status status="NOT RUN" start="2026-02-05T14:48:19.811355" elapsed="0.000206"/>
</kw>
<return>
<value>${response}</value>
<status status="NOT RUN" start="2026-02-05T14:48:19.811695" elapsed="0.000109"/>
</return>
<status status="NOT RUN" start="2026-02-05T14:48:19.809985" elapsed="0.001900"/>
</branch>
<branch type="ELSE IF" condition="'${method}' == 'POST'">
<kw name="POST On Session" owner="RequestsLibrary">
<msg time="2026-02-05T14:48:20.249632" level="INFO">POST Request : url=https://com2171--siman.myvtex.com/_v/sizes-table/restore/ 
 path_url=/_v/sizes-table/restore/ 
 headers={'User-Agent': 'python-requests/2.32.5', 'Accept-Encoding': 'gzip, deflate', 'Accept': '*/*', 'Connection': 'keep-alive', 'Content-Length': '0'} 
 body=None 
 </msg>
<msg time="2026-02-05T14:48:20.250336" level="INFO">POST Response : url=https://com2171--siman.myvtex.com/_v/sizes-table/restore/ 
 status=401, reason=Unauthorized 
 headers={'Content-Type': 'application/json; charset=utf-8', 'Content-Length': '27', 'Connection': 'keep-alive', 'Date': 'Thu, 05 Feb 2026 20:48:20 GMT', 'X-Vtex-Io-Cluster-Id': 'prod-dj-iodev-eks-use1a-d3n', 'Cache-Control': 'no-cache, no-store', 'Pragma': 'no-cache, no-store', 'Vary': 'Accept-Encoding', 'X-VTEX-Janus-Router-Backend-App': 'io-development-vdev-1a-d3n', 'X-Request-ID': '1b7cb0c8fac144ac899b3c56f7a38b92', 'X-Vtex-Router-Version': '9.17.18', 'X-Vtex-Router-Elapsed-Time': '00:00:00.0241835', 'X-Vtex-Backend-Elapsed-Time': '00:00:00.0030302', 'X-Cache': 'Error from cloudfront', 'Via': '1.1 f6f4782af042282825a7e9efc782df96.cloudfront.net (CloudFront)', 'X-Amz-Cf-Pop': 'MIA3-P3', 'X-Amz-Cf-Id': 'siQwXdVEGAWg54Degof0-zSFew2eeulmB6DSFPMr1Hfq6A2nc9-NRA=='} 
 body={"error":"Missing cookies"} 
 </msg>
<msg time="2026-02-05T14:48:20.250974" level="FAIL">HTTPError: 401 Client Error: Unauthorized for url: https://com2171--siman.myvtex.com/_v/sizes-table/restore/</msg>
<var>${response}</var>
<arg>api</arg>
<arg>${path}</arg>
<doc>Sends a POST request on a previously created HTTP Session.</doc>
<status status="FAIL" start="2026-02-05T14:48:19.812487" elapsed="0.446034">HTTPError: 401 Client Error: Unauthorized for url: https://com2171--siman.myvtex.com/_v/sizes-table/restore/</status>
</kw>
<kw name="Log To Console" owner="BuiltIn">
<arg>${response.status_code}</arg>
<doc>Logs the given message to the console.</doc>
<status status="NOT RUN" start="2026-02-05T14:48:20.259067" elapsed="0.000278"/>
</kw>
<return>
<value>${response}</value>
<status status="NOT RUN" start="2026-02-05T14:48:20.259534" elapsed="0.000149"/>
</return>
<status status="FAIL" start="2026-02-05T14:48:19.811966" elapsed="0.447833">HTTPError: 401 Client Error: Unauthorized for url: https://com2171--siman.myvtex.com/_v/sizes-table/restore/</status>
</branch>
<branch type="ELSE IF" condition="'${method}' == 'PUT'">
<kw name="PUT On Session" owner="RequestsLibrary">
<var>${response}</var>
<arg>api</arg>
<arg>${path}</arg>
<doc>Sends a PUT request on a previously created HTTP Session.</doc>
<status status="NOT RUN" start="2026-02-05T14:48:20.260290" elapsed="0.000422"/>
</kw>
<kw name="Log To Console" owner="BuiltIn">
<arg>${response.status_code}</arg>
<doc>Logs the given message to the console.</doc>
<status status="NOT RUN" start="2026-02-05T14:48:20.261098" elapsed="0.000282"/>
</kw>
<return>
<value>${response}</value>
<status status="NOT RUN" start="2026-02-05T14:48:20.261565" elapsed="0.000154"/>
</return>
<status status="NOT RUN" start="2026-02-05T14:48:20.259902" elapsed="0.001905"/>
</branch>
<branch type="ELSE IF" condition="'${method}' == 'DELETE'">
<kw name="DELETE On Session" owner="RequestsLibrary">
<var>${response}</var>
<arg>api</arg>
<arg>${path}</arg>
<doc>Sends a DELETE request on a previously created HTTP Session.</doc>
<status status="NOT RUN" start="2026-02-05T14:48:20.262465" elapsed="0.000193"/>
</kw>
<kw name="Log To Console" owner="BuiltIn">
<arg>${response.status_code}</arg>
<doc>Logs the given message to the console.</doc>
[...]
<status status="NOT RUN" start="2026-02-05T14:49:48.423961" elapsed="0.000523"/>
</kw>
<kw name="Log To Console" owner="BuiltIn">
<arg>${response.status_code}</arg>
<doc>Logs the given message to the console.</doc>
<status status="NOT RUN" start="2026-02-05T14:49:48.425325" elapsed="0.000534"/>
</kw>
<return>
<value>${response}</value>
<status status="NOT RUN" start="2026-02-05T14:49:48.426115" elapsed="0.000300"/>
</return>
<status status="NOT RUN" start="2026-02-05T14:49:48.423121" elapsed="0.003484"/>
</branch>
<branch type="ELSE IF" condition="'${method}' == 'DELETE'">
<kw name="DELETE On Session" owner="RequestsLibrary">
<var>${response}</var>
<arg>api</arg>
<arg>${path}</arg>
<doc>Sends a DELETE request on a previously created HTTP Session.</doc>
<status status="NOT RUN" start="2026-02-05T14:49:48.427504" elapsed="0.000341"/>
</kw>
<kw name="Log To Console" owner="BuiltIn">
<arg>${response.status_code}</arg>
<doc>Logs the given message to the console.</doc>
<status status="NOT RUN" start="2026-02-05T14:49:48.428338" elapsed="0.000334"/>
</kw>
<return>
<value>${response}</value>
<status status="NOT RUN" start="2026-02-05T14:49:48.428917" elapsed="0.000202"/>
</return>
<status status="NOT RUN" start="2026-02-05T14:49:48.426820" elapsed="0.002418"/>
</branch>
<status status="PASS" start="2026-02-05T14:49:47.985567" elapsed="0.443817"/>
</if>
<arg>${method}</arg>
<arg>${path}</arg>
<doc>Execute an API request based on the method and path.</doc>
<status status="PASS" start="2026-02-05T14:49:47.985131" elapsed="0.444632"/>
</kw>
<msg time="2026-02-05T14:49:48.430078" level="INFO">${status} = PASS</msg>
<msg time="2026-02-05T14:49:48.430395" level="INFO">${result} = &lt;Response [200]&gt;</msg>
<var>${status}</var>
<var>${result}</var>
<arg>Execute API Request</arg>
<arg>${method}</arg>
<arg>${path}</arg>
<doc>Runs the given keyword with the given arguments and ignores possible error.</doc>
<status status="PASS" start="2026-02-05T14:49:47.984469" elapsed="0.446120"/>
</kw>
<if>
<branch type="IF" condition="'${status}' == 'PASS'">
<kw name="Log To Console" owner="BuiltIn">
<arg>${result.status_code}</arg>
<doc>Logs the given message to the console.</doc>
<status status="PASS" start="2026-02-05T14:49:48.431292" elapsed="0.001300"/>
</kw>
<return>
<value>${result}</value>
<status status="PASS" start="2026-02-05T14:49:48.433008" elapsed="0.000399"/>
</return>
<status status="PASS" start="2026-02-05T14:49:48.430851" elapsed="0.002704"/>
</branch>
<branch type="ELSE">
<kw name="Log To Console" owner="BuiltIn">
<arg>Error with method: ${method} and path: ${path} - ${result}</arg>
<doc>Logs the given message to the console.</doc>
<status status="NOT RUN" start="2026-02-05T14:49:48.434101" elapsed="0.000468"/>
</kw>
<return>
<value>${result}</value>
<status status="NOT RUN" start="2026-02-05T14:49:48.434781" elapsed="0.000109"/>
</return>
<status status="NOT RUN" start="2026-02-05T14:49:48.433655" elapsed="0.001293"/>
</branch>
<status status="PASS" start="2026-02-05T14:49:48.430816" elapsed="0.004176"/>
</if>
<msg time="2026-02-05T14:49:48.435157" level="INFO">${response} = &lt;Response [200]&gt;</msg>
<var>${response}</var>
<arg>${url}</arg>
<arg>${method}</arg>
<arg>${path}</arg>
<doc>Create an API session and execute the request.</doc>
<status status="PASS" start="2026-02-05T14:49:47.982478" elapsed="0.452872"/>
</kw>
<kw name="Set Variable If" owner="BuiltIn">
<msg time="2026-02-05T14:49:48.435909" level="INFO">${expected} = 200</msg>
<var>${expected}</var>
<arg>'${method}' == 'POST'</arg>
<arg>200</arg>
<arg>405</arg>
<doc>Sets variable based on the given condition.</doc>
<status status="PASS" start="2026-02-05T14:49:48.435550" elapsed="0.000500"/>
</kw>
<kw name="Run Keyword And Return Status" owner="BuiltIn">
<kw name="Should Be Equal As Integers" owner="BuiltIn">
<msg time="2026-02-05T14:49:48.437791" level="INFO">Argument types are:
&lt;class 'int'&gt;
&lt;class 'str'&gt;</msg>
<arg>${response.status_code}</arg>
<arg>${expected}</arg>
<doc>Fails if objects are unequal after converting them to integers.</doc>
<status status="PASS" start="2026-02-05T14:49:48.436510" elapsed="0.001491"/>
</kw>
<msg time="2026-02-05T14:49:48.438174" level="INFO">${passed} = True</msg>
<var>${passed}</var>
<arg>Should Be Equal As Integers</arg>
<arg>${response.status_code}</arg>
<arg>${expected}</arg>
<doc>Runs the given keyword with given arguments and returns the status as a Boolean value.</doc>
<status status="PASS" start="2026-02-05T14:49:48.436231" elapsed="0.002060"/>
</kw>
<if>
<branch type="IF" condition="${passed}">
<kw name="Log" owner="BuiltIn">
<msg time="2026-02-05T14:49:48.439932" level="INFO">Unexpected response 200 (expected 200) — continuing</msg>
<arg>Unexpected response ${response.status_code} (expected ${expected}) — continuing</arg>
<doc>Logs the given message with the given level.</doc>
<status status="PASS" start="2026-02-05T14:49:48.438783" elapsed="0.001426"/>
</kw>
<status status="PASS" start="2026-02-05T14:49:48.438448" elapsed="0.001910"/>
</branch>
<status status="PASS" start="2026-02-05T14:49:48.438424" elapsed="0.002009"/>
</if>
<kw name="Set Variable If" owner="BuiltIn">
<msg time="2026-02-05T14:49:48.440972" level="INFO">${result} = PASS</msg>
<var>${result}</var>
<arg>${passed}</arg>
<arg>PASS</arg>
<arg>FAIL</arg>
<doc>Sets variable based on the given condition.</doc>
<status status="PASS" start="2026-02-05T14:49:48.440562" elapsed="0.000568"/>
</kw>
<kw name="Append Result" owner="excel_writer">
<arg>${env}</arg>
<arg>${url}</arg>
<arg>${node}</arg>
<arg>${path}</arg>
<arg>${method}</arg>
<arg>${result}</arg>
<doc>Robot keyword to append a row.</doc>
<status status="PASS" start="2026-02-05T14:49:48.441335" elapsed="0.042226"/>
</kw>
<var name="${method}">POST</var>
<status status="PASS" start="2026-02-05T14:49:47.963391" elapsed="0.520463"/>
</iter>
<var>${method}</var>
<value>@{endpoint['methods']}</value>
<status status="PASS" start="2026-02-05T14:49:47.962381" elapsed="0.521587"/>
</for>
<var name="${node}">tableByParams</var>
<status status="PASS" start="2026-02-05T14:49:47.957187" elapsed="0.526870"/>
</iter>
<iter>
<kw name="Set Variable" owner="BuiltIn">
<msg time="2026-02-05T14:49:48.484989" level="INFO">${endpoint} = {'path': '/_v/sizes-table/restore/', 'methods': ['POST']}</msg>
<var>${endpoint}</var>
<arg>${path_data}[${node}]</arg>
<doc>Returns the given values which can then be assigned to a variables.</doc>
<status status="PASS" start="2026-02-05T14:49:48.484642" elapsed="0.000567"/>
</kw>
<kw name="Set Variable" owner="BuiltIn">
<msg time="2026-02-05T14:49:48.485971" level="INFO">${path} = /_v/sizes-table/restore/</msg>
<var>${path}</var>
<arg>${endpoint['path']}</arg>
<doc>Returns the given values which can then be assigned to a variables.</doc>
<status status="PASS" start="2026-02-05T14:49:48.485375" elapsed="0.000741"/>
</kw>
<for flavor="IN">
<iter>
<kw name="Log To Console" owner="BuiltIn">
<arg>Testing environment ${env} url ${url} endpoint ${node} with path: ${path} and method: ${method}</arg>
<doc>Logs the given message to the console.</doc>
<status status="PASS" start="2026-02-05T14:49:48.486942" elapsed="0.000551"/>
</kw>
<kw name="Create API Session And Execute" owner="http_keywords">
<kw name="Create Session" owner="RequestsLibrary">
<msg time="2026-02-05T14:49:48.488795" level="INFO">Creating Session using : alias=api, url=https://com2171--simaninstorenicor.myvtex.com, headers={},                     cookies={}, auth=None, timeout=None, proxies=None, verify=True,                     debug=0 </msg>
<arg>api</arg>
<arg>${base_url}</arg>
<arg>verify=true</arg>
<doc>Create Session: create a HTTP session to a server</doc>
<status status="PASS" start="2026-02-05T14:49:48.488361" elapsed="0.000952"/>
</kw>
<kw name="Run Keyword And Ignore Error" owner="BuiltIn">
<kw name="Execute API Request" owner="http_keywords">
<if>
<branch type="IF" condition="'${method}' == 'GET'">
<kw name="GET On Session" owner="RequestsLibrary">
<var>${response}</var>
<arg>api</arg>
<arg>${path}</arg>
<doc>Sends a GET request on a previously created HTTP Session.</doc>
<status status="NOT RUN" start="2026-02-05T14:49:48.490881" elapsed="0.000127"/>
</kw>
<kw name="Log To Console" owner="BuiltIn">
<arg>${response.status_code}</arg>
<doc>Logs the given message to the console.</doc>
<status status="NOT RUN" start="2026-02-05T14:49:48.491159" elapsed="0.000114"/>
</kw>
<return>
<value>${response}</value>
<status status="NOT RUN" start="2026-02-05T14:49:48.491395" elapsed="0.000303"/>
</return>
<status status="NOT RUN" start="2026-02-05T14:49:48.490531" elapsed="0.001260"/>
</branch>
<branch type="ELSE IF" condition="'${method}' == 'POST'">
<kw name="POST On Session" owner="RequestsLibrary">
<msg time="2026-02-05T14:49:48.934226" level="INFO">POST Request : url=https://com2171--simaninstorenicor.myvtex.com/_v/sizes-table/restore/ 
 path_url=/_v/sizes-table/restore/ 
 headers={'User-Agent': 'python-requests/2.32.5', 'Accept-Encoding': 'gzip, deflate', 'Accept': '*/*', 'Connection': 'keep-alive', 'Content-Length': '0'} 
 body=None 
 </msg>
<msg time="2026-02-05T14:49:48.934873" level="INFO">POST Response : url=https://com2171--simaninstorenicor.myvtex.com/_v/sizes-table/restore/ 
 status=401, reason=Unauthorized 
 headers={'Content-Type': 'application/json; charset=utf-8', 'Content-Length': '27', 'Connection': 'keep-alive', 'Date': 'Thu, 05 Feb 2026 20:49:48 GMT', 'X-Vtex-Io-Cluster-Id': 'prod-dj-iodev-eks-use1a-d3n', 'Cache-Control': 'no-cache, no-store', 'Pragma': 'no-cache, no-store', 'Vary': 'Accept-Encoding', 'X-VTEX-Janus-Router-Backend-App': 'io-development-vdev-1a-d3n', 'X-Request-ID': '775a11a33004470b96b7cc253e5a11a9', 'X-Vtex-Router-Version': '9.17.18', 'X-Vtex-Router-Elapsed-Time': '00:00:00.0065669', 'X-Vtex-Backend-Elapsed-Time': '00:00:00.0018547', 'X-Cache': 'Error from cloudfront', 'Via': '1.1 942d82cfe2f7cdc64ac3357fc7b8dc1c.cloudfront.net (CloudFront)', 'X-Amz-Cf-Pop': 'MIA3-P3', 'X-Amz-Cf-Id': 'j18dN1Al_q10mkrJ_liWgR2m3xX_5JZsTteGNxXNAylXmMLr0kaFmQ=='} 
 body={"error":"Missing cookies"} 
 </msg>
<msg time="2026-02-05T14:49:48.935532" level="FAIL">HTTPError: 401 Client Error: Unauthorized for url: https://com2171--simaninstorenicor.myvtex.com/_v/sizes-table/restore/</msg>
<var>${response}</var>
<arg>api</arg>
<arg>${path}</arg>
<doc>Sends a POST request on a previously created HTTP Session.</doc>
<status status="FAIL" start="2026-02-05T14:49:48.492564" elapsed="0.454458">HTTPError: 401 Client Error: Unauthorized for url: https://com2171--simaninstorenicor.myvtex.com/_v/sizes-table/restore/</status>
</kw>
<kw name="Log To Console" owner="BuiltIn">
<arg>${response.status_code}</arg>
<doc>Logs the given message to the console.</doc>
<status status="NOT RUN" start="2026-02-05T14:49:48.947651" elapsed="0.000380"/>
</kw>
<return>
<value>${response}</value>
<status status="NOT RUN" start="2026-02-05T14:49:48.948287" elapsed="0.000216"/>
</return>
<status status="FAIL" start="2026-02-05T14:49:48.491878" elapsed="0.456794">HTTPError: 401 Client Error: Unauthorized for url: https://com2171--simaninstorenicor.myvtex.com/_v/sizes-table/restore/</status>
</branch>
<branch type="ELSE IF" condition="'${method}' == 'PUT'">
<kw name="PUT On Session" owner="RequestsLibrary">
<var>${response}</var>
<arg>api</arg>
<arg>${path}</arg>
<doc>Sends a PUT request on a previously created HTTP Session.</doc>
<status status="NOT RUN" start="2026-02-05T14:49:48.949339" elapsed="0.000301"/>
</kw>
<kw name="Log To Console" owner="BuiltIn">
<arg>${response.status_code}</arg>
<doc>Logs the given message to the console.</doc>
<status status="NOT RUN" start="2026-02-05T14:49:48.949989" elapsed="0.000339"/>
</kw>
<return>
<value>${response}</value>
<status status="NOT RUN" start="2026-02-05T14:49:48.950609" elapsed="0.000232"/>
</return>
<status status="NOT RUN" start="2026-02-05T14:49:48.948830" elapsed="0.002154"/>
</branch>
<branch type="ELSE IF" condition="'${method}' == 'DELETE'">
<kw name="DELETE On Session" owner="RequestsLibrary">
<var>${response}</var>
<arg>api</arg>
<arg>${path}</arg>
<doc>Sends a DELETE request on a previously created HTTP Session.</doc>
<status status="NOT RUN" start="2026-02-05T14:49:48.951732" elapsed="0.000317"/>
</kw>
<kw name="Log To Console" owner="BuiltIn">
<arg>${response.status_code}</arg>
<doc>Logs the given message to the console.</doc>
<status status="NOT RUN" start="2026-02-05T14:49:48.952372" elapsed="0.000249"/>
</kw>
<return>
<value>${response}</value>
<status status="NOT RUN" start="2026-02-05T14:49:48.952830" elapsed="0.000168"/>
</return>
<status status="NOT RUN" start="2026-02-05T14:49:48.951149" elapsed="0.001949"/>
</branch>
<status status="FAIL" start="2026-02-05T14:49:48.490491" elapsed="0.462737">HTTPError: 401 Client Error: Unauthorized for url: https://com2171--simaninstorenicor.myvtex.com/_v/sizes-table/restore/</status>
</if>
<arg>${method}</arg>
<arg>${path}</arg>
<doc>Execute an API request based on the method and path.</doc>
<status status="FAIL" start="2026-02-05T14:49:48.490092" elapsed="0.463416">HTTPError: 401 Client Error: Unauthorized for url: https://com2171--simaninstorenicor.myvtex.com/_v/sizes-table/restore/</status>
</kw>
<msg time="2026-02-05T14:49:48.953897" level="INFO">${status} = FAIL</msg>
<msg time="2026-02-05T14:49:48.954248" level="INFO">${result} = HTTPError: 401 Client Error: Unauthorized for url: https://com2171--simaninstorenicor.myvtex.com/_v/sizes-table/restore/</msg>
<var>${status}</var>
<var>${result}</var>
<arg>Execute API Request</arg>
<arg>${method}</arg>
<arg>${path}</arg>
<doc>Runs the given keyword with the given arguments and ignores possible error.</doc>
<status status="PASS" start="2026-02-05T14:49:48.489546" elapsed="0.464902"/>
</kw>
<if>
<branch type="IF" condition="'${status}' == 'PASS'">
<kw name="Log To Console" owner="BuiltIn">
<arg>${result.status_code}</arg>
<doc>Logs the given message to the console.</doc>
<status status="NOT RUN" start="2026-02-05T14:49:48.955326" elapsed="0.000471"/>
</kw>
<return>
<value>${result}</value>
<status status="NOT RUN" start="2026-02-05T14:49:48.956082" elapsed="0.000128"/>
</return>
<status status="NOT RUN" start="2026-02-05T14:49:48.954750" elapsed="0.001528"/>
</branch>
<branch type="ELSE">
<kw name="Log To Console" owner="BuiltIn">
<arg>Error with method: ${method} and path: ${path} - ${result}</arg>
<doc>Logs the given message to the console.</doc>
<status status="PASS" start="2026-02-05T14:49:48.956602" elapsed="0.001130"/>
</kw>
<return>
<value>${result}</value>
<status status="PASS" start="2026-02-05T14:49:48.958367" elapsed="0.000275"/>
</return>
<status status="PASS" start="2026-02-05T14:49:48.956332" elapsed="0.002404"/>
</branch>
<status status="PASS" start="2026-02-05T14:49:48.954707" elapsed="0.004090"/>
</if>
<msg time="2026-02-05T14:49:48.959015" level="INFO">${response} = HTTPError: 401 Client Error: Unauthorized for url: https://com2171--simaninstorenicor.myvtex.com/_v/sizes-table/restore/</msg>
<var>${response}</var>
<arg>${url}</arg>
<arg>${method}</arg>
<arg>${path}</arg>
<doc>Create an API session and execute the request.</doc>
<status status="PASS" start="2026-02-05T14:49:48.487819" elapsed="0.471482"/>
</kw>
<kw name="Set Variable If" owner="BuiltIn">
<msg time="2026-02-05T14:49:48.960206" level="INFO">${expected} = 200</msg>
<var>${expected}</var>
<arg>'${method}' == 'POST'</arg>
<arg>200</arg>
<arg>405</arg>
<doc>Sets variable based on the given condition.</doc>
<status status="PASS" start="2026-02-05T14:49:48.959593" elapsed="0.000808"/>
</kw>
<kw name="Run Keyword And Return Status" owner="BuiltIn">
<kw name="Should Be Equal As Integers" owner="BuiltIn">
<msg time="2026-02-05T14:49:48.962614" level="FAIL">Resolving variable '${response.status_code}' failed: AttributeError: 'str' object has no attribute 'status_code'</msg>
<arg>${response.status_code}</arg>
<arg>${expected}</arg>
<doc>Fails if objects are unequal after converting them to integers.</doc>
<status status="FAIL" start="2026-02-05T14:49:48.961072" elapsed="0.006023">Resolving variable '${response.status_code}' failed: AttributeError: 'str' object has no attribute 'status_code'</status>
</kw>
<msg time="2026-02-05T14:49:48.967335" level="INFO">${passed} = False</msg>
<var>${passed}</var>
<arg>Should Be Equal As Integers</arg>
<arg>${response.status_code}</arg>
<arg>${expected}</arg>
<doc>Runs the given keyword with given arguments and returns the status as a Boolean value.</doc>
<status status="PASS" start="2026-02-05T14:49:48.960611" elapsed="0.006844"/>
</kw>
<if>
<branch type="IF" condition="${passed}">
<kw name="Log" owner="BuiltIn">
<arg>Unexpected response ${response.status_code} (expected ${expected}) — continuing</arg>
<doc>Logs the given message with the given level.</doc>
<status status="NOT RUN" start="2026-02-05T14:49:48.968117" elapsed="0.000197"/>
</kw>
<status status="NOT RUN" start="2026-02-05T14:49:48.967656" elapsed="0.000815"/>
</branch>
<status status="PASS" start="2026-02-05T14:49:48.967613" elapsed="0.000906"/>
</if>
<kw name="Set Variable If" owner="BuiltIn">
<msg time="2026-02-05T14:49:48.968902" level="INFO">${result} = FAIL</msg>
<var>${result}</var>
<arg>${passed}</arg>
<arg>PASS</arg>
<arg>FAIL</arg>
<doc>Sets variable based on the given condition.</doc>
<status status="PASS" start="2026-02-05T14:49:48.968616" elapsed="0.000559"/>
</kw>
<kw name="Append Result" owner="excel_writer">
<arg>${env}</arg>
<arg>${url}</arg>
<arg>${node}</arg>
<arg>${path}</arg>
<arg>${method}</arg>
<arg>${result}</arg>
<doc>Robot keyword to append a row.</doc>
<status status="PASS" start="2026-02-05T14:49:48.969340" elapsed="0.027047"/>
</kw>
<var name="${method}">POST</var>
<status status="PASS" start="2026-02-05T14:49:48.486765" elapsed="0.509793"/>
</iter>
<var>${method}</var>
<value>@{endpoint['methods']}</value>
<status status="PASS" start="2026-02-05T14:49:48.486234" elapsed="0.510388"/>
</for>
<var name="${node}">restore</var>
<status status="PASS" start="2026-02-05T14:49:48.484351" elapsed="0.512326"/>
</iter>
<var>${node}</var>
<value>@{node_keys}</value>
<status status="PASS" start="2026-02-05T14:49:32.665495" elapsed="16.331236"/>
</for>
<var name="${url}">https://com2171--simaninstorenicor.myvtex.com</var>
<status status="PASS" start="2026-02-05T14:49:32.664153" elapsed="16.332619"/>
</iter>
<var>${url}</var>
<value>@{urls}</value>
<status status="PASS" start="2026-02-05T14:48:52.859439" elapsed="56.137387"/>
</for>
<var name="${env}">instore</var>
<status status="PASS" start="2026-02-05T14:48:52.858038" elapsed="56.138834"/>
</iter>
<var>${env}</var>
<value>@{envs}</value>
<status status="PASS" start="2026-02-05T14:47:47.239361" elapsed="121.757547"/>
</for>
<arg>base_urls.yaml</arg>
<arg>sizeapp.yaml</arg>
<tag>api</tag>
<tag>filters_plp</tag>
<tag>regression</tag>
<status status="PASS" start="2026-02-05T14:47:47.212826" elapsed="121.784159"/>
</kw>
<doc>API endpoints for SizeApp.</doc>
<tag>api</tag>
<tag>regression</tag>
<tag>sizeapp</tag>
<status status="PASS" start="2026-02-05T14:47:47.208137" elapsed="121.789307"/>
</test>
<status status="PASS" start="2026-02-05T14:47:46.846371" elapsed="122.164571"/>
</suite>
<status status="PASS" start="2026-02-05T14:47:46.830374" elapsed="122.185759"/>
</suite>
<status status="PASS" start="2026-02-05T14:47:46.760177" elapsed="122.260307"/>
</suite>
<statistics>
<total>
<stat pass="1" fail="0" skip="0">All Tests</stat>
</total>
<tag>
<stat pass="1" fail="0" skip="0">api</stat>
<stat pass="1" fail="0" skip="0">regression</stat>
<stat pass="1" fail="0" skip="0">sizeapp</stat>
</tag>
<suite>
<stat name="pruebasAPI UX" id="s1" pass="1" fail="0" skip="0">pruebasAPI UX</stat>
<stat name="Tests" id="s1-s1" pass="1" fail="0" skip="0">pruebasAPI UX.Tests</stat>
<stat name="Filters Plp" id="s1-s1-s1" pass="1" fail="0" skip="0">pruebasAPI UX.Tests.Filters Plp</stat>
</suite>
</statistics>
<errors>
</errors>
</robot>
